2025-01-25 01:28:25.628 [info] [main] Log level: Info
2025-01-25 01:28:25.628 [info] [main] Validating found git in: "git"
2025-01-25 01:28:25.628 [info] [main] Using git "2.43.0" from "git"
2025-01-25 01:28:25.628 [info] [Model][doInitialScan] Initial repository scan started
2025-01-25 01:28:25.628 [info] > git rev-parse --show-toplevel [1135ms]
2025-01-25 01:28:25.628 [info] > git rev-parse --git-dir --git-common-dir [4ms]
2025-01-25 01:28:25.628 [info] [Model][openRepository] Opened repository: /home/cunping507
2025-01-25 01:28:25.628 [info] > git config --get commit.template [5ms]
2025-01-25 01:28:25.629 [info] > git rev-parse --show-toplevel [4ms]
2025-01-25 01:28:25.634 [info] [Git][getRemotes] No remotes found in the git config file
2025-01-25 01:28:25.638 [info] > git for-each-ref --format=%(refname)%00%(upstream:short)%00%(objectname)%00%(upstream:track)%00%(upstream:remotename)%00%(upstream:remoteref) refs/heads/main refs/remotes/main [5ms]
2025-01-25 01:28:25.639 [warning] [Git][getBranch] No such branch: main
2025-01-25 01:28:25.650 [info] > git rev-parse --show-toplevel [13ms]
2025-01-25 01:28:25.659 [info] > git status -z -uall [16ms]
2025-01-25 01:28:25.660 [info] > git for-each-ref --sort -committerdate --format %(refname) %(objectname) %(*objectname) [11ms]
2025-01-25 01:28:25.683 [info] > git for-each-ref --format=%(refname)%00%(upstream:short)%00%(objectname)%00%(upstream:track)%00%(upstream:remotename)%00%(upstream:remoteref) refs/heads/main refs/remotes/main [11ms]
2025-01-25 01:28:25.684 [warning] [Git][getBranch] No such branch: main
2025-01-25 01:28:25.685 [error] [GitHistoryProvider][resolveHEADMergeBase] Failed to resolve merge base for main: Error: No such branch: main.
2025-01-25 01:28:25.686 [info] > git rev-parse --show-toplevel [29ms]
2025-01-25 01:28:25.691 [info] > git config --get commit.template [8ms]
2025-01-25 01:28:25.692 [info] > git rev-parse --show-toplevel [2ms]
2025-01-25 01:28:25.696 [info] [Git][getRemotes] No remotes found in the git config file
2025-01-25 01:28:25.701 [info] > git for-each-ref --format=%(refname)%00%(upstream:short)%00%(objectname)%00%(upstream:track)%00%(upstream:remotename)%00%(upstream:remoteref) refs/heads/main refs/remotes/main [5ms]
2025-01-25 01:28:25.702 [warning] [Git][getBranch] No such branch: main
2025-01-25 01:28:25.742 [info] > git status -z -uall [37ms]
2025-01-25 01:28:25.742 [info] > git for-each-ref --sort -committerdate --format %(refname) %(objectname) %(*objectname) [32ms]
2025-01-25 01:28:25.747 [info] > git rev-parse --show-toplevel [47ms]
2025-01-25 01:28:25.753 [info] > git rev-parse --show-toplevel [1ms]
2025-01-25 01:28:25.754 [info] [Model][doInitialScan] Initial repository scan completed - repositories (1), closed repositories (0), parent repositories (0), unsafe repositories (0)
2025-01-25 01:28:27.909 [info] > git check-ignore -v -z --stdin [38ms]
2025-01-25 01:28:31.891 [info] > git log --format=%H%n%aN%n%aE%n%at%n%ct%n%P%n%D%n%B -z --shortstat --diff-merges=first-parent -n50 --skip=0 --topo-order --decorate=full --stdin [54ms]
2025-01-25 01:28:31.891 [info] fatal: bad revision 'refs/heads/main'
2025-01-25 01:28:31.892 [error] [GitHistoryProvider][provideHistoryItems] Failed to get history items with options '{"historyItemRefs":["refs/heads/main"],"limit":50,"skip":0}': Failed to execute git {
  "exitCode": 128,
  "gitCommand": "log",
  "stdout": "",
  "stderr": "fatal: bad revision 'refs/heads/main'\n"
}
2025-01-25 01:28:32.379 [info] > git check-ignore -v -z --stdin [3ms]
2025-01-25 01:28:36.059 [info] > git check-ignore -v -z --stdin [1ms]
2025-01-25 01:28:36.733 [info] > git check-ignore -v -z --stdin [2ms]
2025-01-25 01:28:37.608 [info] > git check-ignore -v -z --stdin [3ms]
2025-01-25 01:28:39.337 [info] > git check-ignore -v -z --stdin [2ms]
2025-01-25 01:28:40.577 [info] > git check-ignore -v -z --stdin [2ms]
2025-01-25 01:28:41.258 [info] > git check-ignore -v -z --stdin [2ms]
2025-01-25 01:28:42.257 [info] > git check-ignore -v -z --stdin [2ms]
2025-01-25 01:28:42.834 [info] > git check-ignore -v -z --stdin [2ms]
2025-01-25 01:28:43.358 [info] > git check-ignore -v -z --stdin [2ms]
2025-01-25 01:28:44.699 [info] > git check-ignore -v -z --stdin [2ms]
2025-01-25 01:28:46.327 [info] > git check-ignore -v -z --stdin [2ms]
2025-01-25 01:28:47.419 [info] > git check-ignore -v -z --stdin [2ms]
2025-01-25 01:28:48.571 [info] > git check-ignore -v -z --stdin [2ms]
2025-01-25 01:28:58.073 [info] [Git][getRemotes] No remotes found in the git config file
2025-01-25 01:28:58.075 [info] > git config --get commit.template [9ms]
2025-01-25 01:28:58.076 [info] > git for-each-ref --format=%(refname)%00%(upstream:short)%00%(objectname)%00%(upstream:track)%00%(upstream:remotename)%00%(upstream:remoteref) refs/heads/main refs/remotes/main [2ms]
2025-01-25 01:28:58.076 [warning] [Git][getBranch] No such branch: main
2025-01-25 01:28:58.094 [info] > git status -z -uall [13ms]
2025-01-25 01:28:58.094 [info] > git for-each-ref --sort -committerdate --format %(refname) %(objectname) %(*objectname) [4ms]
2025-01-25 01:30:56.425 [info] [Git][getRemotes] No remotes found in the git config file
2025-01-25 01:30:56.432 [info] > git config --get commit.template [7ms]
2025-01-25 01:30:56.432 [info] > git for-each-ref --format=%(refname)%00%(upstream:short)%00%(objectname)%00%(upstream:track)%00%(upstream:remotename)%00%(upstream:remoteref) refs/heads/main refs/remotes/main [2ms]
2025-01-25 01:30:56.432 [warning] [Git][getBranch] No such branch: main
2025-01-25 01:30:56.451 [info] > git for-each-ref --sort -committerdate --format %(refname) %(objectname) %(*objectname) [6ms]
2025-01-25 01:30:56.451 [info] > git status -z -uall [13ms]
2025-01-25 01:31:01.464 [info] > git config --get commit.template [2ms]
2025-01-25 01:31:01.470 [info] [Git][getRemotes] No remotes found in the git config file
2025-01-25 01:31:01.472 [info] > git for-each-ref --format=%(refname)%00%(upstream:short)%00%(objectname)%00%(upstream:track)%00%(upstream:remotename)%00%(upstream:remoteref) refs/heads/main refs/remotes/main [1ms]
2025-01-25 01:31:01.472 [warning] [Git][getBranch] No such branch: main
2025-01-25 01:31:01.489 [info] > git for-each-ref --sort -committerdate --format %(refname) %(objectname) %(*objectname) [3ms]
2025-01-25 01:31:01.491 [info] > git status -z -uall [13ms]
2025-01-25 01:31:17.235 [info] [Git][getRemotes] No remotes found in the git config file
2025-01-25 01:31:17.236 [info] > git config --get commit.template [8ms]
2025-01-25 01:31:17.237 [info] > git for-each-ref --format=%(refname)%00%(upstream:short)%00%(objectname)%00%(upstream:track)%00%(upstream:remotename)%00%(upstream:remoteref) refs/heads/main refs/remotes/main [2ms]
2025-01-25 01:31:17.237 [warning] [Git][getBranch] No such branch: main
2025-01-25 01:31:17.253 [info] > git for-each-ref --sort -committerdate --format %(refname) %(objectname) %(*objectname) [3ms]
2025-01-25 01:31:17.255 [info] > git status -z -uall [13ms]
2025-01-25 01:31:29.251 [info] [Git][getRemotes] No remotes found in the git config file
2025-01-25 01:31:29.252 [info] > git config --get commit.template [8ms]
2025-01-25 01:31:29.252 [info] > git for-each-ref --format=%(refname)%00%(upstream:short)%00%(objectname)%00%(upstream:track)%00%(upstream:remotename)%00%(upstream:remoteref) refs/heads/main refs/remotes/main [1ms]
2025-01-25 01:31:29.253 [warning] [Git][getBranch] No such branch: main
2025-01-25 01:31:29.269 [info] > git for-each-ref --sort -committerdate --format %(refname) %(objectname) %(*objectname) [3ms]
2025-01-25 01:31:29.271 [info] > git status -z -uall [13ms]
2025-01-25 01:31:34.284 [info] > git config --get commit.template [3ms]
2025-01-25 01:31:34.290 [info] [Git][getRemotes] No remotes found in the git config file
2025-01-25 01:31:34.292 [info] > git for-each-ref --format=%(refname)%00%(upstream:short)%00%(objectname)%00%(upstream:track)%00%(upstream:remotename)%00%(upstream:remoteref) refs/heads/main refs/remotes/main [2ms]
2025-01-25 01:31:34.292 [warning] [Git][getBranch] No such branch: main
2025-01-25 01:31:34.310 [info] > git for-each-ref --sort -committerdate --format %(refname) %(objectname) %(*objectname) [5ms]
2025-01-25 01:31:34.311 [info] > git status -z -uall [14ms]
2025-01-25 01:31:45.244 [info] [Git][getRemotes] No remotes found in the git config file
2025-01-25 01:31:45.245 [info] > git config --get commit.template [8ms]
2025-01-25 01:31:45.246 [info] > git for-each-ref --format=%(refname)%00%(upstream:short)%00%(objectname)%00%(upstream:track)%00%(upstream:remotename)%00%(upstream:remoteref) refs/heads/main refs/remotes/main [2ms]
2025-01-25 01:31:45.246 [warning] [Git][getBranch] No such branch: main
2025-01-25 01:31:45.264 [info] > git status -z -uall [12ms]
2025-01-25 01:31:45.265 [info] > git for-each-ref --sort -committerdate --format %(refname) %(objectname) %(*objectname) [4ms]
2025-01-25 01:31:58.225 [info] [Git][getRemotes] No remotes found in the git config file
2025-01-25 01:31:58.226 [info] > git config --get commit.template [8ms]
2025-01-25 01:31:58.226 [info] > git for-each-ref --format=%(refname)%00%(upstream:short)%00%(objectname)%00%(upstream:track)%00%(upstream:remotename)%00%(upstream:remoteref) refs/heads/main refs/remotes/main [1ms]
2025-01-25 01:31:58.227 [warning] [Git][getBranch] No such branch: main
2025-01-25 01:31:58.244 [info] > git for-each-ref --sort -committerdate --format %(refname) %(objectname) %(*objectname) [5ms]
2025-01-25 01:31:58.245 [info] > git status -z -uall [13ms]
2025-01-25 01:32:14.274 [info] [Git][getRemotes] No remotes found in the git config file
2025-01-25 01:32:14.275 [info] > git config --get commit.template [8ms]
2025-01-25 01:32:14.277 [info] > git for-each-ref --format=%(refname)%00%(upstream:short)%00%(objectname)%00%(upstream:track)%00%(upstream:remotename)%00%(upstream:remoteref) refs/heads/main refs/remotes/main [3ms]
2025-01-25 01:32:14.277 [warning] [Git][getBranch] No such branch: main
2025-01-25 01:32:14.294 [info] > git for-each-ref --sort -committerdate --format %(refname) %(objectname) %(*objectname) [4ms]
2025-01-25 01:32:14.295 [info] > git status -z -uall [13ms]
2025-01-25 01:32:29.296 [info] > git config --get commit.template [2ms]
2025-01-25 01:32:29.304 [info] [Git][getRemotes] No remotes found in the git config file
2025-01-25 01:32:29.310 [info] > git for-each-ref --format=%(refname)%00%(upstream:short)%00%(objectname)%00%(upstream:track)%00%(upstream:remotename)%00%(upstream:remoteref) refs/heads/main refs/remotes/main [6ms]
2025-01-25 01:32:29.310 [warning] [Git][getBranch] No such branch: main
2025-01-25 01:32:29.330 [info] > git status -z -uall [13ms]
2025-01-25 01:32:29.331 [info] > git for-each-ref --sort -committerdate --format %(refname) %(objectname) %(*objectname) [3ms]
2025-01-25 01:32:34.346 [info] [Git][getRemotes] No remotes found in the git config file
2025-01-25 01:32:34.347 [info] > git config --get commit.template [7ms]
2025-01-25 01:32:34.348 [info] > git for-each-ref --format=%(refname)%00%(upstream:short)%00%(objectname)%00%(upstream:track)%00%(upstream:remotename)%00%(upstream:remoteref) refs/heads/main refs/remotes/main [2ms]
2025-01-25 01:32:34.348 [warning] [Git][getBranch] No such branch: main
2025-01-25 01:32:34.369 [info] > git for-each-ref --sort -committerdate --format %(refname) %(objectname) %(*objectname) [9ms]
2025-01-25 01:32:34.372 [info] > git status -z -uall [18ms]
2025-01-25 01:32:55.272 [info] [Git][getRemotes] No remotes found in the git config file
2025-01-25 01:32:55.272 [info] > git config --get commit.template [8ms]
2025-01-25 01:32:55.273 [info] > git for-each-ref --format=%(refname)%00%(upstream:short)%00%(objectname)%00%(upstream:track)%00%(upstream:remotename)%00%(upstream:remoteref) refs/heads/main refs/remotes/main [2ms]
2025-01-25 01:32:55.273 [warning] [Git][getBranch] No such branch: main
2025-01-25 01:32:55.290 [info] > git for-each-ref --sort -committerdate --format %(refname) %(objectname) %(*objectname) [4ms]
2025-01-25 01:32:55.292 [info] > git status -z -uall [13ms]
2025-01-25 01:33:00.302 [info] [Git][getRemotes] No remotes found in the git config file
2025-01-25 01:33:00.310 [info] > git config --get commit.template [8ms]
2025-01-25 01:33:00.311 [info] > git for-each-ref --format=%(refname)%00%(upstream:short)%00%(objectname)%00%(upstream:track)%00%(upstream:remotename)%00%(upstream:remoteref) refs/heads/main refs/remotes/main [2ms]
2025-01-25 01:33:00.311 [warning] [Git][getBranch] No such branch: main
2025-01-25 01:33:00.328 [info] > git for-each-ref --sort -committerdate --format %(refname) %(objectname) %(*objectname) [3ms]
2025-01-25 01:33:00.330 [info] > git status -z -uall [13ms]
2025-01-25 01:33:10.333 [info] [Git][getRemotes] No remotes found in the git config file
2025-01-25 01:33:10.340 [info] > git config --get commit.template [7ms]
2025-01-25 01:33:10.341 [info] > git for-each-ref --format=%(refname)%00%(upstream:short)%00%(objectname)%00%(upstream:track)%00%(upstream:remotename)%00%(upstream:remoteref) refs/heads/main refs/remotes/main [2ms]
2025-01-25 01:33:10.341 [warning] [Git][getBranch] No such branch: main
2025-01-25 01:33:10.358 [info] > git status -z -uall [10ms]
2025-01-25 01:33:10.360 [info] > git for-each-ref --sort -committerdate --format %(refname) %(objectname) %(*objectname) [5ms]
2025-01-25 01:33:23.354 [info] > git config --get commit.template [3ms]
2025-01-25 01:33:23.359 [info] [Git][getRemotes] No remotes found in the git config file
2025-01-25 01:33:23.361 [info] > git for-each-ref --format=%(refname)%00%(upstream:short)%00%(objectname)%00%(upstream:track)%00%(upstream:remotename)%00%(upstream:remoteref) refs/heads/main refs/remotes/main [2ms]
2025-01-25 01:33:23.361 [warning] [Git][getBranch] No such branch: main
2025-01-25 01:33:23.377 [info] > git for-each-ref --sort -committerdate --format %(refname) %(objectname) %(*objectname) [3ms]
2025-01-25 01:33:23.380 [info] > git status -z -uall [14ms]
2025-01-25 01:33:28.395 [info] [Git][getRemotes] No remotes found in the git config file
2025-01-25 01:33:28.396 [info] > git config --get commit.template [7ms]
2025-01-25 01:33:28.396 [info] > git for-each-ref --format=%(refname)%00%(upstream:short)%00%(objectname)%00%(upstream:track)%00%(upstream:remotename)%00%(upstream:remoteref) refs/heads/main refs/remotes/main [2ms]
2025-01-25 01:33:28.396 [warning] [Git][getBranch] No such branch: main
2025-01-25 01:33:28.415 [info] > git status -z -uall [12ms]
2025-01-25 01:33:28.416 [info] > git for-each-ref --sort -committerdate --format %(refname) %(objectname) %(*objectname) [5ms]
2025-01-25 01:33:33.427 [info] [Git][getRemotes] No remotes found in the git config file
2025-01-25 01:33:33.436 [info] > git config --get commit.template [10ms]
2025-01-25 01:33:33.437 [info] > git for-each-ref --format=%(refname)%00%(upstream:short)%00%(objectname)%00%(upstream:track)%00%(upstream:remotename)%00%(upstream:remoteref) refs/heads/main refs/remotes/main [2ms]
2025-01-25 01:33:33.437 [warning] [Git][getBranch] No such branch: main
2025-01-25 01:33:33.455 [info] > git for-each-ref --sort -committerdate --format %(refname) %(objectname) %(*objectname) [3ms]
2025-01-25 01:33:33.456 [info] > git status -z -uall [13ms]
2025-01-25 01:33:38.474 [info] [Git][getRemotes] No remotes found in the git config file
2025-01-25 01:33:38.475 [info] > git config --get commit.template [8ms]
2025-01-25 01:33:38.477 [info] > git for-each-ref --format=%(refname)%00%(upstream:short)%00%(objectname)%00%(upstream:track)%00%(upstream:remotename)%00%(upstream:remoteref) refs/heads/main refs/remotes/main [3ms]
2025-01-25 01:33:38.477 [warning] [Git][getBranch] No such branch: main
2025-01-25 01:33:38.493 [info] > git for-each-ref --sort -committerdate --format %(refname) %(objectname) %(*objectname) [4ms]
2025-01-25 01:33:38.495 [info] > git status -z -uall [13ms]
2025-01-25 01:33:43.510 [info] [Git][getRemotes] No remotes found in the git config file
2025-01-25 01:33:43.511 [info] > git config --get commit.template [8ms]
2025-01-25 01:33:43.513 [info] > git for-each-ref --format=%(refname)%00%(upstream:short)%00%(objectname)%00%(upstream:track)%00%(upstream:remotename)%00%(upstream:remoteref) refs/heads/main refs/remotes/main [3ms]
2025-01-25 01:33:43.513 [warning] [Git][getBranch] No such branch: main
2025-01-25 01:33:43.530 [info] > git for-each-ref --sort -committerdate --format %(refname) %(objectname) %(*objectname) [4ms]
2025-01-25 01:33:43.531 [info] > git status -z -uall [13ms]
2025-01-25 01:33:48.547 [info] [Git][getRemotes] No remotes found in the git config file
2025-01-25 01:33:48.548 [info] > git config --get commit.template [8ms]
2025-01-25 01:33:48.549 [info] > git for-each-ref --format=%(refname)%00%(upstream:short)%00%(objectname)%00%(upstream:track)%00%(upstream:remotename)%00%(upstream:remoteref) refs/heads/main refs/remotes/main [2ms]
2025-01-25 01:33:48.549 [warning] [Git][getBranch] No such branch: main
2025-01-25 01:33:48.566 [info] > git for-each-ref --sort -committerdate --format %(refname) %(objectname) %(*objectname) [3ms]
2025-01-25 01:33:48.568 [info] > git status -z -uall [13ms]
2025-01-25 01:33:53.586 [info] [Git][getRemotes] No remotes found in the git config file
2025-01-25 01:33:53.587 [info] > git for-each-ref --format=%(refname)%00%(upstream:short)%00%(objectname)%00%(upstream:track)%00%(upstream:remotename)%00%(upstream:remoteref) refs/heads/main refs/remotes/main [2ms]
2025-01-25 01:33:53.589 [warning] [Git][getBranch] No such branch: main
2025-01-25 01:33:53.589 [info] > git config --get commit.template [11ms]
2025-01-25 01:33:53.605 [info] > git for-each-ref --sort -committerdate --format %(refname) %(objectname) %(*objectname) [3ms]
2025-01-25 01:33:53.607 [info] > git status -z -uall [13ms]
2025-01-25 01:33:58.624 [info] [Git][getRemotes] No remotes found in the git config file
2025-01-25 01:33:58.625 [info] > git config --get commit.template [8ms]
2025-01-25 01:33:58.626 [info] > git for-each-ref --format=%(refname)%00%(upstream:short)%00%(objectname)%00%(upstream:track)%00%(upstream:remotename)%00%(upstream:remoteref) refs/heads/main refs/remotes/main [2ms]
2025-01-25 01:33:58.626 [warning] [Git][getBranch] No such branch: main
2025-01-25 01:33:58.642 [info] > git for-each-ref --sort -committerdate --format %(refname) %(objectname) %(*objectname) [3ms]
2025-01-25 01:33:58.644 [info] > git status -z -uall [12ms]
2025-01-25 01:34:03.663 [info] [Git][getRemotes] No remotes found in the git config file
2025-01-25 01:34:03.663 [info] > git for-each-ref --format=%(refname)%00%(upstream:short)%00%(objectname)%00%(upstream:track)%00%(upstream:remotename)%00%(upstream:remoteref) refs/heads/main refs/remotes/main [1ms]
2025-01-25 01:34:03.665 [warning] [Git][getBranch] No such branch: main
2025-01-25 01:34:03.665 [info] > git config --get commit.template [11ms]
2025-01-25 01:34:03.683 [info] > git status -z -uall [13ms]
2025-01-25 01:34:03.684 [info] > git for-each-ref --sort -committerdate --format %(refname) %(objectname) %(*objectname) [4ms]
2025-01-25 01:34:08.699 [info] [Git][getRemotes] No remotes found in the git config file
2025-01-25 01:34:08.700 [info] > git config --get commit.template [7ms]
2025-01-25 01:34:08.701 [info] > git for-each-ref --format=%(refname)%00%(upstream:short)%00%(objectname)%00%(upstream:track)%00%(upstream:remotename)%00%(upstream:remoteref) refs/heads/main refs/remotes/main [2ms]
2025-01-25 01:34:08.701 [warning] [Git][getBranch] No such branch: main
2025-01-25 01:34:08.717 [info] > git for-each-ref --sort -committerdate --format %(refname) %(objectname) %(*objectname) [3ms]
2025-01-25 01:34:08.719 [info] > git status -z -uall [13ms]
2025-01-25 01:34:13.736 [info] [Git][getRemotes] No remotes found in the git config file
2025-01-25 01:34:13.737 [info] > git config --get commit.template [8ms]
2025-01-25 01:34:13.738 [info] > git for-each-ref --format=%(refname)%00%(upstream:short)%00%(objectname)%00%(upstream:track)%00%(upstream:remotename)%00%(upstream:remoteref) refs/heads/main refs/remotes/main [3ms]
2025-01-25 01:34:13.738 [warning] [Git][getBranch] No such branch: main
2025-01-25 01:34:13.756 [info] > git for-each-ref --sort -committerdate --format %(refname) %(objectname) %(*objectname) [3ms]
2025-01-25 01:34:13.757 [info] > git status -z -uall [13ms]
2025-01-25 01:34:18.772 [info] [Git][getRemotes] No remotes found in the git config file
2025-01-25 01:34:18.773 [info] > git config --get commit.template [7ms]
2025-01-25 01:34:18.774 [info] > git for-each-ref --format=%(refname)%00%(upstream:short)%00%(objectname)%00%(upstream:track)%00%(upstream:remotename)%00%(upstream:remoteref) refs/heads/main refs/remotes/main [2ms]
2025-01-25 01:34:18.774 [warning] [Git][getBranch] No such branch: main
2025-01-25 01:34:18.792 [info] > git status -z -uall [13ms]
2025-01-25 01:34:18.793 [info] > git for-each-ref --sort -committerdate --format %(refname) %(objectname) %(*objectname) [4ms]
2025-01-25 01:34:23.811 [info] [Git][getRemotes] No remotes found in the git config file
2025-01-25 01:34:23.812 [info] > git config --get commit.template [7ms]
2025-01-25 01:34:23.814 [info] > git for-each-ref --format=%(refname)%00%(upstream:short)%00%(objectname)%00%(upstream:track)%00%(upstream:remotename)%00%(upstream:remoteref) refs/heads/main refs/remotes/main [2ms]
2025-01-25 01:34:23.814 [warning] [Git][getBranch] No such branch: main
2025-01-25 01:34:23.832 [info] > git status -z -uall [13ms]
2025-01-25 01:34:23.833 [info] > git for-each-ref --sort -committerdate --format %(refname) %(objectname) %(*objectname) [4ms]
2025-01-25 01:34:28.850 [info] [Git][getRemotes] No remotes found in the git config file
2025-01-25 01:34:28.852 [info] > git config --get commit.template [9ms]
2025-01-25 01:34:28.852 [info] > git for-each-ref --format=%(refname)%00%(upstream:short)%00%(objectname)%00%(upstream:track)%00%(upstream:remotename)%00%(upstream:remoteref) refs/heads/main refs/remotes/main [3ms]
2025-01-25 01:34:28.852 [warning] [Git][getBranch] No such branch: main
2025-01-25 01:34:28.868 [info] > git for-each-ref --sort -committerdate --format %(refname) %(objectname) %(*objectname) [3ms]
2025-01-25 01:34:28.872 [info] > git status -z -uall [14ms]
2025-01-25 01:34:33.889 [info] [Git][getRemotes] No remotes found in the git config file
2025-01-25 01:34:33.890 [info] > git config --get commit.template [8ms]
2025-01-25 01:34:33.891 [info] > git for-each-ref --format=%(refname)%00%(upstream:short)%00%(objectname)%00%(upstream:track)%00%(upstream:remotename)%00%(upstream:remoteref) refs/heads/main refs/remotes/main [3ms]
2025-01-25 01:34:33.891 [warning] [Git][getBranch] No such branch: main
2025-01-25 01:34:33.909 [info] > git for-each-ref --sort -committerdate --format %(refname) %(objectname) %(*objectname) [3ms]
2025-01-25 01:34:33.910 [info] > git status -z -uall [13ms]
2025-01-25 01:34:38.925 [info] [Git][getRemotes] No remotes found in the git config file
2025-01-25 01:34:38.926 [info] > git config --get commit.template [8ms]
2025-01-25 01:34:38.927 [info] > git for-each-ref --format=%(refname)%00%(upstream:short)%00%(objectname)%00%(upstream:track)%00%(upstream:remotename)%00%(upstream:remoteref) refs/heads/main refs/remotes/main [3ms]
2025-01-25 01:34:38.927 [warning] [Git][getBranch] No such branch: main
2025-01-25 01:34:38.943 [info] > git for-each-ref --sort -committerdate --format %(refname) %(objectname) %(*objectname) [4ms]
2025-01-25 01:34:38.945 [info] > git status -z -uall [13ms]
2025-01-25 01:34:43.962 [info] [Git][getRemotes] No remotes found in the git config file
2025-01-25 01:34:43.965 [info] > git for-each-ref --format=%(refname)%00%(upstream:short)%00%(objectname)%00%(upstream:track)%00%(upstream:remotename)%00%(upstream:remoteref) refs/heads/main refs/remotes/main [3ms]
2025-01-25 01:34:43.965 [warning] [Git][getBranch] No such branch: main
2025-01-25 01:34:43.965 [info] > git config --get commit.template [10ms]
2025-01-25 01:34:43.981 [info] > git for-each-ref --sort -committerdate --format %(refname) %(objectname) %(*objectname) [3ms]
2025-01-25 01:34:43.983 [info] > git status -z -uall [13ms]
2025-01-25 01:34:48.999 [info] [Git][getRemotes] No remotes found in the git config file
2025-01-25 01:34:49.000 [info] > git config --get commit.template [7ms]
2025-01-25 01:34:49.002 [info] > git for-each-ref --format=%(refname)%00%(upstream:short)%00%(objectname)%00%(upstream:track)%00%(upstream:remotename)%00%(upstream:remoteref) refs/heads/main refs/remotes/main [2ms]
2025-01-25 01:34:49.002 [warning] [Git][getBranch] No such branch: main
2025-01-25 01:34:49.018 [info] > git for-each-ref --sort -committerdate --format %(refname) %(objectname) %(*objectname) [4ms]
2025-01-25 01:34:49.020 [info] > git status -z -uall [13ms]
2025-01-25 01:34:54.035 [info] [Git][getRemotes] No remotes found in the git config file
2025-01-25 01:34:54.036 [info] > git config --get commit.template [7ms]
2025-01-25 01:34:54.037 [info] > git for-each-ref --format=%(refname)%00%(upstream:short)%00%(objectname)%00%(upstream:track)%00%(upstream:remotename)%00%(upstream:remoteref) refs/heads/main refs/remotes/main [2ms]
2025-01-25 01:34:54.038 [warning] [Git][getBranch] No such branch: main
2025-01-25 01:34:54.053 [info] > git for-each-ref --sort -committerdate --format %(refname) %(objectname) %(*objectname) [3ms]
2025-01-25 01:34:54.055 [info] > git status -z -uall [13ms]
2025-01-25 01:34:59.071 [info] [Git][getRemotes] No remotes found in the git config file
2025-01-25 01:34:59.073 [info] > git for-each-ref --format=%(refname)%00%(upstream:short)%00%(objectname)%00%(upstream:track)%00%(upstream:remotename)%00%(upstream:remoteref) refs/heads/main refs/remotes/main [3ms]
2025-01-25 01:34:59.073 [warning] [Git][getBranch] No such branch: main
2025-01-25 01:34:59.074 [info] > git config --get commit.template [10ms]
2025-01-25 01:34:59.090 [info] > git for-each-ref --sort -committerdate --format %(refname) %(objectname) %(*objectname) [3ms]
2025-01-25 01:34:59.092 [info] > git status -z -uall [13ms]
2025-01-25 01:35:04.107 [info] [Git][getRemotes] No remotes found in the git config file
2025-01-25 01:35:04.109 [info] > git config --get commit.template [8ms]
2025-01-25 01:35:04.110 [info] > git for-each-ref --format=%(refname)%00%(upstream:short)%00%(objectname)%00%(upstream:track)%00%(upstream:remotename)%00%(upstream:remoteref) refs/heads/main refs/remotes/main [3ms]
2025-01-25 01:35:04.110 [warning] [Git][getBranch] No such branch: main
2025-01-25 01:35:04.128 [info] > git for-each-ref --sort -committerdate --format %(refname) %(objectname) %(*objectname) [3ms]
2025-01-25 01:35:04.134 [info] > git status -z -uall [17ms]
2025-01-25 01:35:09.148 [info] > git config --get commit.template [3ms]
2025-01-25 01:35:09.154 [info] [Git][getRemotes] No remotes found in the git config file
2025-01-25 01:35:09.155 [info] > git for-each-ref --format=%(refname)%00%(upstream:short)%00%(objectname)%00%(upstream:track)%00%(upstream:remotename)%00%(upstream:remoteref) refs/heads/main refs/remotes/main [1ms]
2025-01-25 01:35:09.156 [warning] [Git][getBranch] No such branch: main
2025-01-25 01:35:09.172 [info] > git for-each-ref --sort -committerdate --format %(refname) %(objectname) %(*objectname) [3ms]
2025-01-25 01:35:09.174 [info] > git status -z -uall [12ms]
2025-01-25 01:35:14.190 [info] [Git][getRemotes] No remotes found in the git config file
2025-01-25 01:35:14.191 [info] > git config --get commit.template [8ms]
2025-01-25 01:35:14.192 [info] > git for-each-ref --format=%(refname)%00%(upstream:short)%00%(objectname)%00%(upstream:track)%00%(upstream:remotename)%00%(upstream:remoteref) refs/heads/main refs/remotes/main [3ms]
2025-01-25 01:35:14.192 [warning] [Git][getBranch] No such branch: main
2025-01-25 01:35:14.210 [info] > git for-each-ref --sort -committerdate --format %(refname) %(objectname) %(*objectname) [5ms]
2025-01-25 01:35:14.211 [info] > git status -z -uall [13ms]
2025-01-25 01:35:19.221 [info] [Git][getRemotes] No remotes found in the git config file
2025-01-25 01:35:19.227 [info] > git config --get commit.template [8ms]
2025-01-25 01:35:19.229 [info] > git for-each-ref --format=%(refname)%00%(upstream:short)%00%(objectname)%00%(upstream:track)%00%(upstream:remotename)%00%(upstream:remoteref) refs/heads/main refs/remotes/main [3ms]
2025-01-25 01:35:19.229 [warning] [Git][getBranch] No such branch: main
2025-01-25 01:35:19.244 [info] > git for-each-ref --sort -committerdate --format %(refname) %(objectname) %(*objectname) [3ms]
2025-01-25 01:35:19.247 [info] > git status -z -uall [13ms]
2025-01-25 01:38:50.085 [info] [Git][getRemotes] No remotes found in the git config file
2025-01-25 01:38:50.086 [info] > git config --get commit.template [7ms]
2025-01-25 01:38:50.086 [info] > git for-each-ref --format=%(refname)%00%(upstream:short)%00%(objectname)%00%(upstream:track)%00%(upstream:remotename)%00%(upstream:remoteref) refs/heads/main refs/remotes/main [2ms]
2025-01-25 01:38:50.086 [warning] [Git][getBranch] No such branch: main
2025-01-25 01:38:50.102 [info] > git for-each-ref --sort -committerdate --format %(refname) %(objectname) %(*objectname) [3ms]
2025-01-25 01:38:50.104 [info] > git status -z -uall [12ms]
2025-01-25 01:58:49.622 [info] [Git][getRemotes] No remotes found in the git config file
2025-01-25 01:58:49.623 [info] > git config --get commit.template [10ms]
2025-01-25 01:58:49.624 [info] > git for-each-ref --format=%(refname)%00%(upstream:short)%00%(objectname)%00%(upstream:track)%00%(upstream:remotename)%00%(upstream:remoteref) refs/heads/main refs/remotes/main [4ms]
2025-01-25 01:58:49.624 [warning] [Git][getBranch] No such branch: main
2025-01-25 01:58:49.640 [info] > git for-each-ref --sort -committerdate --format %(refname) %(objectname) %(*objectname) [3ms]
2025-01-25 01:58:49.644 [info] > git status -z -uall [15ms]
2025-01-25 01:58:54.654 [info] [Git][getRemotes] No remotes found in the git config file
2025-01-25 01:58:54.660 [info] > git config --get commit.template [7ms]
2025-01-25 01:58:54.661 [info] > git for-each-ref --format=%(refname)%00%(upstream:short)%00%(objectname)%00%(upstream:track)%00%(upstream:remotename)%00%(upstream:remoteref) refs/heads/main refs/remotes/main [1ms]
2025-01-25 01:58:54.662 [warning] [Git][getBranch] No such branch: main
2025-01-25 01:58:54.677 [info] > git for-each-ref --sort -committerdate --format %(refname) %(objectname) %(*objectname) [3ms]
2025-01-25 01:58:54.680 [info] > git status -z -uall [13ms]
2025-01-25 01:58:59.695 [info] [Git][getRemotes] No remotes found in the git config file
2025-01-25 01:58:59.696 [info] > git config --get commit.template [8ms]
2025-01-25 01:58:59.697 [info] > git for-each-ref --format=%(refname)%00%(upstream:short)%00%(objectname)%00%(upstream:track)%00%(upstream:remotename)%00%(upstream:remoteref) refs/heads/main refs/remotes/main [2ms]
2025-01-25 01:58:59.697 [warning] [Git][getBranch] No such branch: main
2025-01-25 01:58:59.714 [info] > git for-each-ref --sort -committerdate --format %(refname) %(objectname) %(*objectname) [4ms]
2025-01-25 01:58:59.716 [info] > git status -z -uall [14ms]
2025-01-25 01:59:04.734 [info] [Git][getRemotes] No remotes found in the git config file
2025-01-25 01:59:04.735 [info] > git for-each-ref --format=%(refname)%00%(upstream:short)%00%(objectname)%00%(upstream:track)%00%(upstream:remotename)%00%(upstream:remoteref) refs/heads/main refs/remotes/main [3ms]
2025-01-25 01:59:04.736 [warning] [Git][getBranch] No such branch: main
2025-01-25 01:59:04.737 [info] > git config --get commit.template [12ms]
2025-01-25 01:59:04.756 [info] > git status -z -uall [14ms]
2025-01-25 01:59:04.758 [info] > git for-each-ref --sort -committerdate --format %(refname) %(objectname) %(*objectname) [3ms]
2025-01-25 01:59:09.773 [info] [Git][getRemotes] No remotes found in the git config file
2025-01-25 01:59:09.775 [info] > git config --get commit.template [7ms]
2025-01-25 01:59:09.776 [info] > git for-each-ref --format=%(refname)%00%(upstream:short)%00%(objectname)%00%(upstream:track)%00%(upstream:remotename)%00%(upstream:remoteref) refs/heads/main refs/remotes/main [3ms]
2025-01-25 01:59:09.776 [warning] [Git][getBranch] No such branch: main
2025-01-25 01:59:09.794 [info] > git for-each-ref --sort -committerdate --format %(refname) %(objectname) %(*objectname) [5ms]
2025-01-25 01:59:09.795 [info] > git status -z -uall [14ms]
2025-01-25 01:59:14.811 [info] [Git][getRemotes] No remotes found in the git config file
2025-01-25 01:59:14.812 [info] > git config --get commit.template [7ms]
2025-01-25 01:59:14.813 [info] > git for-each-ref --format=%(refname)%00%(upstream:short)%00%(objectname)%00%(upstream:track)%00%(upstream:remotename)%00%(upstream:remoteref) refs/heads/main refs/remotes/main [3ms]
2025-01-25 01:59:14.813 [warning] [Git][getBranch] No such branch: main
2025-01-25 01:59:14.828 [info] > git for-each-ref --sort -committerdate --format %(refname) %(objectname) %(*objectname) [3ms]
2025-01-25 01:59:14.830 [info] > git status -z -uall [12ms]
2025-01-25 01:59:19.846 [info] [Git][getRemotes] No remotes found in the git config file
2025-01-25 01:59:19.847 [info] > git for-each-ref --format=%(refname)%00%(upstream:short)%00%(objectname)%00%(upstream:track)%00%(upstream:remotename)%00%(upstream:remoteref) refs/heads/main refs/remotes/main [3ms]
2025-01-25 01:59:19.848 [warning] [Git][getBranch] No such branch: main
2025-01-25 01:59:19.848 [info] > git config --get commit.template [10ms]
2025-01-25 01:59:19.864 [info] > git for-each-ref --sort -committerdate --format %(refname) %(objectname) %(*objectname) [3ms]
2025-01-25 01:59:19.867 [info] > git status -z -uall [13ms]
2025-01-25 01:59:24.882 [info] [Git][getRemotes] No remotes found in the git config file
2025-01-25 01:59:24.883 [info] > git config --get commit.template [7ms]
2025-01-25 01:59:24.884 [info] > git for-each-ref --format=%(refname)%00%(upstream:short)%00%(objectname)%00%(upstream:track)%00%(upstream:remotename)%00%(upstream:remoteref) refs/heads/main refs/remotes/main [2ms]
2025-01-25 01:59:24.884 [warning] [Git][getBranch] No such branch: main
2025-01-25 01:59:24.901 [info] > git for-each-ref --sort -committerdate --format %(refname) %(objectname) %(*objectname) [4ms]
2025-01-25 01:59:24.903 [info] > git status -z -uall [14ms]
2025-01-25 01:59:29.918 [info] [Git][getRemotes] No remotes found in the git config file
2025-01-25 01:59:29.919 [info] > git config --get commit.template [7ms]
2025-01-25 01:59:29.920 [info] > git for-each-ref --format=%(refname)%00%(upstream:short)%00%(objectname)%00%(upstream:track)%00%(upstream:remotename)%00%(upstream:remoteref) refs/heads/main refs/remotes/main [3ms]
2025-01-25 01:59:29.920 [warning] [Git][getBranch] No such branch: main
2025-01-25 01:59:29.936 [info] > git for-each-ref --sort -committerdate --format %(refname) %(objectname) %(*objectname) [3ms]
2025-01-25 01:59:29.938 [info] > git status -z -uall [13ms]
2025-01-25 01:59:33.573 [info] > git show --textconv :README-cloudshell.txt [8ms]
2025-01-25 01:59:33.575 [info] > git ls-files --stage -- /home/cunping507/README-cloudshell.txt [3ms]
2025-01-25 01:59:33.582 [info] > git cat-file -s 9fa5a74e750d98eb725eca4ca09ba01af2f5cd24 [2ms]
2025-01-25 01:59:34.954 [info] [Git][getRemotes] No remotes found in the git config file
2025-01-25 01:59:34.955 [info] > git config --get commit.template [7ms]
2025-01-25 01:59:34.957 [info] > git for-each-ref --format=%(refname)%00%(upstream:short)%00%(objectname)%00%(upstream:track)%00%(upstream:remotename)%00%(upstream:remoteref) refs/heads/main refs/remotes/main [3ms]
2025-01-25 01:59:34.957 [warning] [Git][getBranch] No such branch: main
2025-01-25 01:59:34.972 [info] > git for-each-ref --sort -committerdate --format %(refname) %(objectname) %(*objectname) [3ms]
2025-01-25 01:59:34.974 [info] > git status -z -uall [12ms]
2025-01-25 01:59:39.991 [info] [Git][getRemotes] No remotes found in the git config file
2025-01-25 01:59:39.992 [info] > git config --get commit.template [8ms]
2025-01-25 01:59:39.993 [info] > git for-each-ref --format=%(refname)%00%(upstream:short)%00%(objectname)%00%(upstream:track)%00%(upstream:remotename)%00%(upstream:remoteref) refs/heads/main refs/remotes/main [2ms]
2025-01-25 01:59:39.993 [warning] [Git][getBranch] No such branch: main
2025-01-25 01:59:40.009 [info] > git for-each-ref --sort -committerdate --format %(refname) %(objectname) %(*objectname) [3ms]
2025-01-25 01:59:40.011 [info] > git status -z -uall [12ms]
2025-01-25 01:59:45.024 [info] > git config --get commit.template [3ms]
2025-01-25 01:59:45.030 [info] [Git][getRemotes] No remotes found in the git config file
2025-01-25 01:59:45.032 [info] > git for-each-ref --format=%(refname)%00%(upstream:short)%00%(objectname)%00%(upstream:track)%00%(upstream:remotename)%00%(upstream:remoteref) refs/heads/main refs/remotes/main [2ms]
2025-01-25 01:59:45.032 [warning] [Git][getBranch] No such branch: main
2025-01-25 01:59:45.048 [info] > git for-each-ref --sort -committerdate --format %(refname) %(objectname) %(*objectname) [3ms]
2025-01-25 01:59:45.050 [info] > git status -z -uall [13ms]
2025-01-25 01:59:50.065 [info] [Git][getRemotes] No remotes found in the git config file
2025-01-25 01:59:50.066 [info] > git config --get commit.template [7ms]
2025-01-25 01:59:50.067 [info] > git for-each-ref --format=%(refname)%00%(upstream:short)%00%(objectname)%00%(upstream:track)%00%(upstream:remotename)%00%(upstream:remoteref) refs/heads/main refs/remotes/main [2ms]
2025-01-25 01:59:50.067 [warning] [Git][getBranch] No such branch: main
2025-01-25 01:59:50.084 [info] > git for-each-ref --sort -committerdate --format %(refname) %(objectname) %(*objectname) [5ms]
2025-01-25 01:59:50.085 [info] > git status -z -uall [13ms]
2025-01-25 01:59:55.095 [info] [Git][getRemotes] No remotes found in the git config file
2025-01-25 01:59:55.102 [info] > git config --get commit.template [7ms]
2025-01-25 01:59:55.103 [info] > git for-each-ref --format=%(refname)%00%(upstream:short)%00%(objectname)%00%(upstream:track)%00%(upstream:remotename)%00%(upstream:remoteref) refs/heads/main refs/remotes/main [2ms]
2025-01-25 01:59:55.103 [warning] [Git][getBranch] No such branch: main
2025-01-25 01:59:55.119 [info] > git for-each-ref --sort -committerdate --format %(refname) %(objectname) %(*objectname) [3ms]
2025-01-25 01:59:55.121 [info] > git status -z -uall [13ms]
2025-01-25 02:00:00.138 [info] [Git][getRemotes] No remotes found in the git config file
2025-01-25 02:00:00.139 [info] > git config --get commit.template [9ms]
2025-01-25 02:00:00.140 [info] > git for-each-ref --format=%(refname)%00%(upstream:short)%00%(objectname)%00%(upstream:track)%00%(upstream:remotename)%00%(upstream:remoteref) refs/heads/main refs/remotes/main [2ms]
2025-01-25 02:00:00.140 [warning] [Git][getBranch] No such branch: main
2025-01-25 02:00:00.157 [info] > git for-each-ref --sort -committerdate --format %(refname) %(objectname) %(*objectname) [3ms]
2025-01-25 02:00:00.158 [info] > git status -z -uall [12ms]
2025-01-25 02:00:05.175 [info] [Git][getRemotes] No remotes found in the git config file
2025-01-25 02:00:05.176 [info] > git config --get commit.template [7ms]
2025-01-25 02:00:05.177 [info] > git for-each-ref --format=%(refname)%00%(upstream:short)%00%(objectname)%00%(upstream:track)%00%(upstream:remotename)%00%(upstream:remoteref) refs/heads/main refs/remotes/main [3ms]
2025-01-25 02:00:05.177 [warning] [Git][getBranch] No such branch: main
2025-01-25 02:00:05.194 [info] > git for-each-ref --sort -committerdate --format %(refname) %(objectname) %(*objectname) [4ms]
2025-01-25 02:00:05.196 [info] > git status -z -uall [12ms]
2025-01-25 02:00:10.213 [info] [Git][getRemotes] No remotes found in the git config file
2025-01-25 02:00:10.214 [info] > git config --get commit.template [8ms]
2025-01-25 02:00:10.215 [info] > git for-each-ref --format=%(refname)%00%(upstream:short)%00%(objectname)%00%(upstream:track)%00%(upstream:remotename)%00%(upstream:remoteref) refs/heads/main refs/remotes/main [2ms]
2025-01-25 02:00:10.216 [warning] [Git][getBranch] No such branch: main
2025-01-25 02:00:10.232 [info] > git for-each-ref --sort -committerdate --format %(refname) %(objectname) %(*objectname) [2ms]
2025-01-25 02:00:10.234 [info] > git status -z -uall [13ms]
2025-01-25 02:00:15.251 [info] [Git][getRemotes] No remotes found in the git config file
2025-01-25 02:00:15.252 [info] > git for-each-ref --format=%(refname)%00%(upstream:short)%00%(objectname)%00%(upstream:track)%00%(upstream:remotename)%00%(upstream:remoteref) refs/heads/main refs/remotes/main [2ms]
2025-01-25 02:00:15.253 [warning] [Git][getBranch] No such branch: main
2025-01-25 02:00:15.253 [info] > git config --get commit.template [10ms]
2025-01-25 02:00:15.269 [info] > git for-each-ref --sort -committerdate --format %(refname) %(objectname) %(*objectname) [3ms]
2025-01-25 02:00:15.271 [info] > git status -z -uall [13ms]
2025-01-25 02:00:20.286 [info] [Git][getRemotes] No remotes found in the git config file
2025-01-25 02:00:20.287 [info] > git config --get commit.template [7ms]
2025-01-25 02:00:20.288 [info] > git for-each-ref --format=%(refname)%00%(upstream:short)%00%(objectname)%00%(upstream:track)%00%(upstream:remotename)%00%(upstream:remoteref) refs/heads/main refs/remotes/main [2ms]
2025-01-25 02:00:20.288 [warning] [Git][getBranch] No such branch: main
2025-01-25 02:00:20.305 [info] > git for-each-ref --sort -committerdate --format %(refname) %(objectname) %(*objectname) [5ms]
2025-01-25 02:00:20.306 [info] > git status -z -uall [13ms]
2025-01-25 02:00:25.322 [info] [Git][getRemotes] No remotes found in the git config file
2025-01-25 02:00:25.323 [info] > git config --get commit.template [8ms]
2025-01-25 02:00:25.323 [info] > git for-each-ref --format=%(refname)%00%(upstream:short)%00%(objectname)%00%(upstream:track)%00%(upstream:remotename)%00%(upstream:remoteref) refs/heads/main refs/remotes/main [2ms]
2025-01-25 02:00:25.323 [warning] [Git][getBranch] No such branch: main
2025-01-25 02:00:25.340 [info] > git for-each-ref --sort -committerdate --format %(refname) %(objectname) %(*objectname) [3ms]
2025-01-25 02:00:25.342 [info] > git status -z -uall [12ms]
2025-01-25 02:00:35.687 [info] [Git][getRemotes] No remotes found in the git config file
2025-01-25 02:00:35.688 [info] > git config --get commit.template [6ms]
2025-01-25 02:00:35.688 [info] > git for-each-ref --format=%(refname)%00%(upstream:short)%00%(objectname)%00%(upstream:track)%00%(upstream:remotename)%00%(upstream:remoteref) refs/heads/main refs/remotes/main [1ms]
2025-01-25 02:00:35.689 [warning] [Git][getBranch] No such branch: main
2025-01-25 02:00:35.705 [info] > git for-each-ref --sort -committerdate --format %(refname) %(objectname) %(*objectname) [3ms]
2025-01-25 02:00:35.708 [info] > git status -z -uall [14ms]
2025-01-25 02:00:40.723 [info] [Git][getRemotes] No remotes found in the git config file
2025-01-25 02:00:40.724 [info] > git config --get commit.template [7ms]
2025-01-25 02:00:40.725 [info] > git for-each-ref --format=%(refname)%00%(upstream:short)%00%(objectname)%00%(upstream:track)%00%(upstream:remotename)%00%(upstream:remoteref) refs/heads/main refs/remotes/main [2ms]
2025-01-25 02:00:40.725 [warning] [Git][getBranch] No such branch: main
2025-01-25 02:00:40.742 [info] > git for-each-ref --sort -committerdate --format %(refname) %(objectname) %(*objectname) [4ms]
2025-01-25 02:00:40.744 [info] > git status -z -uall [13ms]
2025-01-25 02:00:45.755 [info] > git config --get commit.template [3ms]
2025-01-25 02:00:45.760 [info] [Git][getRemotes] No remotes found in the git config file
2025-01-25 02:00:45.762 [info] > git for-each-ref --format=%(refname)%00%(upstream:short)%00%(objectname)%00%(upstream:track)%00%(upstream:remotename)%00%(upstream:remoteref) refs/heads/main refs/remotes/main [2ms]
2025-01-25 02:00:45.762 [warning] [Git][getBranch] No such branch: main
2025-01-25 02:00:45.778 [info] > git for-each-ref --sort -committerdate --format %(refname) %(objectname) %(*objectname) [4ms]
2025-01-25 02:00:45.780 [info] > git status -z -uall [13ms]
2025-01-25 02:00:50.795 [info] [Git][getRemotes] No remotes found in the git config file
2025-01-25 02:00:50.796 [info] > git config --get commit.template [8ms]
2025-01-25 02:00:50.797 [info] > git for-each-ref --format=%(refname)%00%(upstream:short)%00%(objectname)%00%(upstream:track)%00%(upstream:remotename)%00%(upstream:remoteref) refs/heads/main refs/remotes/main [2ms]
2025-01-25 02:00:50.797 [warning] [Git][getBranch] No such branch: main
2025-01-25 02:00:50.815 [info] > git status -z -uall [13ms]
2025-01-25 02:00:50.816 [info] > git for-each-ref --sort -committerdate --format %(refname) %(objectname) %(*objectname) [5ms]
2025-01-25 02:00:55.832 [info] [Git][getRemotes] No remotes found in the git config file
2025-01-25 02:00:55.833 [info] > git config --get commit.template [7ms]
2025-01-25 02:00:55.834 [info] > git for-each-ref --format=%(refname)%00%(upstream:short)%00%(objectname)%00%(upstream:track)%00%(upstream:remotename)%00%(upstream:remoteref) refs/heads/main refs/remotes/main [2ms]
2025-01-25 02:00:55.834 [warning] [Git][getBranch] No such branch: main
2025-01-25 02:00:55.850 [info] > git for-each-ref --sort -committerdate --format %(refname) %(objectname) %(*objectname) [3ms]
2025-01-25 02:00:55.852 [info] > git status -z -uall [13ms]
2025-01-25 02:01:00.864 [info] > git config --get commit.template [2ms]
2025-01-25 02:01:00.870 [info] [Git][getRemotes] No remotes found in the git config file
2025-01-25 02:01:00.872 [info] > git for-each-ref --format=%(refname)%00%(upstream:short)%00%(objectname)%00%(upstream:track)%00%(upstream:remotename)%00%(upstream:remoteref) refs/heads/main refs/remotes/main [2ms]
2025-01-25 02:01:00.872 [warning] [Git][getBranch] No such branch: main
2025-01-25 02:01:00.888 [info] > git for-each-ref --sort -committerdate --format %(refname) %(objectname) %(*objectname) [3ms]
2025-01-25 02:01:00.890 [info] > git status -z -uall [13ms]
2025-01-25 02:01:05.885 [info] > git check-ignore -v -z --stdin [2ms]
2025-01-25 02:01:05.901 [info] > git config --get commit.template [2ms]
2025-01-25 02:01:05.907 [info] [Git][getRemotes] No remotes found in the git config file
2025-01-25 02:01:05.909 [info] > git for-each-ref --format=%(refname)%00%(upstream:short)%00%(objectname)%00%(upstream:track)%00%(upstream:remotename)%00%(upstream:remoteref) refs/heads/main refs/remotes/main [1ms]
2025-01-25 02:01:05.909 [warning] [Git][getBranch] No such branch: main
2025-01-25 02:01:05.926 [info] > git status -z -uall [12ms]
2025-01-25 02:01:05.927 [info] > git for-each-ref --sort -committerdate --format %(refname) %(objectname) %(*objectname) [6ms]
2025-01-25 02:01:10.942 [info] [Git][getRemotes] No remotes found in the git config file
2025-01-25 02:01:10.943 [info] > git config --get commit.template [8ms]
2025-01-25 02:01:10.944 [info] > git for-each-ref --format=%(refname)%00%(upstream:short)%00%(objectname)%00%(upstream:track)%00%(upstream:remotename)%00%(upstream:remoteref) refs/heads/main refs/remotes/main [2ms]
2025-01-25 02:01:10.944 [warning] [Git][getBranch] No such branch: main
2025-01-25 02:01:10.961 [info] > git for-each-ref --sort -committerdate --format %(refname) %(objectname) %(*objectname) [5ms]
2025-01-25 02:01:10.967 [info] > git status -z -uall [18ms]
2025-01-25 02:01:17.859 [info] [Git][getRemotes] No remotes found in the git config file
2025-01-25 02:01:17.860 [info] > git config --get commit.template [8ms]
2025-01-25 02:01:17.860 [info] > git for-each-ref --format=%(refname)%00%(upstream:short)%00%(objectname)%00%(upstream:track)%00%(upstream:remotename)%00%(upstream:remoteref) refs/heads/main refs/remotes/main [2ms]
2025-01-25 02:01:17.860 [warning] [Git][getBranch] No such branch: main
2025-01-25 02:01:17.879 [info] > git status -z -uall [12ms]
2025-01-25 02:01:17.881 [info] > git for-each-ref --sort -committerdate --format %(refname) %(objectname) %(*objectname) [4ms]
2025-01-25 02:01:22.898 [info] [Git][getRemotes] No remotes found in the git config file
2025-01-25 02:01:22.899 [info] > git config --get commit.template [7ms]
2025-01-25 02:01:22.900 [info] > git for-each-ref --format=%(refname)%00%(upstream:short)%00%(objectname)%00%(upstream:track)%00%(upstream:remotename)%00%(upstream:remoteref) refs/heads/main refs/remotes/main [2ms]
2025-01-25 02:01:22.900 [warning] [Git][getBranch] No such branch: main
2025-01-25 02:01:22.918 [info] > git status -z -uall [13ms]
2025-01-25 02:01:22.918 [info] > git for-each-ref --sort -committerdate --format %(refname) %(objectname) %(*objectname) [5ms]
2025-01-25 02:01:27.933 [info] [Git][getRemotes] No remotes found in the git config file
2025-01-25 02:01:27.934 [info] > git config --get commit.template [7ms]
2025-01-25 02:01:27.934 [info] > git for-each-ref --format=%(refname)%00%(upstream:short)%00%(objectname)%00%(upstream:track)%00%(upstream:remotename)%00%(upstream:remoteref) refs/heads/main refs/remotes/main [2ms]
2025-01-25 02:01:27.934 [warning] [Git][getBranch] No such branch: main
2025-01-25 02:01:27.950 [info] > git for-each-ref --sort -committerdate --format %(refname) %(objectname) %(*objectname) [3ms]
2025-01-25 02:01:27.952 [info] > git status -z -uall [13ms]
2025-01-25 02:01:31.525 [info] > git check-ignore -v -z --stdin [2ms]
2025-01-25 02:01:32.969 [info] [Git][getRemotes] No remotes found in the git config file
2025-01-25 02:01:32.970 [info] > git config --get commit.template [7ms]
2025-01-25 02:01:32.971 [info] > git for-each-ref --format=%(refname)%00%(upstream:short)%00%(objectname)%00%(upstream:track)%00%(upstream:remotename)%00%(upstream:remoteref) refs/heads/main refs/remotes/main [3ms]
2025-01-25 02:01:32.972 [warning] [Git][getBranch] No such branch: main
2025-01-25 02:01:32.987 [info] > git for-each-ref --sort -committerdate --format %(refname) %(objectname) %(*objectname) [3ms]
2025-01-25 02:01:32.990 [info] > git status -z -uall [13ms]
2025-01-25 02:01:38.005 [info] [Git][getRemotes] No remotes found in the git config file
2025-01-25 02:01:38.007 [info] > git config --get commit.template [7ms]
2025-01-25 02:01:38.008 [info] > git for-each-ref --format=%(refname)%00%(upstream:short)%00%(objectname)%00%(upstream:track)%00%(upstream:remotename)%00%(upstream:remoteref) refs/heads/main refs/remotes/main [3ms]
2025-01-25 02:01:38.008 [warning] [Git][getBranch] No such branch: main
2025-01-25 02:01:38.026 [info] > git for-each-ref --sort -committerdate --format %(refname) %(objectname) %(*objectname) [3ms]
2025-01-25 02:01:38.027 [info] > git status -z -uall [13ms]
2025-01-25 02:01:43.044 [info] [Git][getRemotes] No remotes found in the git config file
2025-01-25 02:01:43.047 [info] > git config --get commit.template [9ms]
2025-01-25 02:01:43.047 [info] > git for-each-ref --format=%(refname)%00%(upstream:short)%00%(objectname)%00%(upstream:track)%00%(upstream:remotename)%00%(upstream:remoteref) refs/heads/main refs/remotes/main [3ms]
2025-01-25 02:01:43.047 [warning] [Git][getBranch] No such branch: main
2025-01-25 02:01:43.062 [info] > git for-each-ref --sort -committerdate --format %(refname) %(objectname) %(*objectname) [2ms]
2025-01-25 02:01:43.065 [info] > git status -z -uall [13ms]
2025-01-25 02:01:48.082 [info] [Git][getRemotes] No remotes found in the git config file
2025-01-25 02:01:48.084 [info] > git config --get commit.template [8ms]
2025-01-25 02:01:48.085 [info] > git for-each-ref --format=%(refname)%00%(upstream:short)%00%(objectname)%00%(upstream:track)%00%(upstream:remotename)%00%(upstream:remoteref) refs/heads/main refs/remotes/main [3ms]
2025-01-25 02:01:48.085 [warning] [Git][getBranch] No such branch: main
2025-01-25 02:01:48.104 [info] > git for-each-ref --sort -committerdate --format %(refname) %(objectname) %(*objectname) [3ms]
2025-01-25 02:01:48.105 [info] > git status -z -uall [12ms]
2025-01-25 02:01:53.121 [info] [Git][getRemotes] No remotes found in the git config file
2025-01-25 02:01:53.122 [info] > git config --get commit.template [7ms]
2025-01-25 02:01:53.124 [info] > git for-each-ref --format=%(refname)%00%(upstream:short)%00%(objectname)%00%(upstream:track)%00%(upstream:remotename)%00%(upstream:remoteref) refs/heads/main refs/remotes/main [3ms]
2025-01-25 02:01:53.124 [warning] [Git][getBranch] No such branch: main
2025-01-25 02:01:53.142 [info] > git for-each-ref --sort -committerdate --format %(refname) %(objectname) %(*objectname) [3ms]
2025-01-25 02:01:53.146 [info] > git status -z -uall [14ms]
2025-01-25 02:01:58.160 [info] > git config --get commit.template [2ms]
2025-01-25 02:01:58.161 [info] [Git][getRemotes] No remotes found in the git config file
2025-01-25 02:01:58.170 [info] > git for-each-ref --format=%(refname)%00%(upstream:short)%00%(objectname)%00%(upstream:track)%00%(upstream:remotename)%00%(upstream:remoteref) refs/heads/main refs/remotes/main [2ms]
2025-01-25 02:01:58.170 [warning] [Git][getBranch] No such branch: main
2025-01-25 02:01:58.187 [info] > git for-each-ref --sort -committerdate --format %(refname) %(objectname) %(*objectname) [3ms]
2025-01-25 02:01:58.189 [info] > git status -z -uall [13ms]
2025-01-25 02:02:03.198 [info] [Git][getRemotes] No remotes found in the git config file
2025-01-25 02:02:03.205 [info] > git config --get commit.template [8ms]
2025-01-25 02:02:03.207 [info] > git for-each-ref --format=%(refname)%00%(upstream:short)%00%(objectname)%00%(upstream:track)%00%(upstream:remotename)%00%(upstream:remoteref) refs/heads/main refs/remotes/main [3ms]
2025-01-25 02:02:03.207 [warning] [Git][getBranch] No such branch: main
2025-01-25 02:02:03.223 [info] > git for-each-ref --sort -committerdate --format %(refname) %(objectname) %(*objectname) [3ms]
2025-01-25 02:02:03.225 [info] > git status -z -uall [12ms]
2025-01-25 02:02:08.241 [info] [Git][getRemotes] No remotes found in the git config file
2025-01-25 02:02:08.243 [info] > git config --get commit.template [9ms]
2025-01-25 02:02:08.244 [info] > git for-each-ref --format=%(refname)%00%(upstream:short)%00%(objectname)%00%(upstream:track)%00%(upstream:remotename)%00%(upstream:remoteref) refs/heads/main refs/remotes/main [3ms]
2025-01-25 02:02:08.244 [warning] [Git][getBranch] No such branch: main
2025-01-25 02:02:08.262 [info] > git for-each-ref --sort -committerdate --format %(refname) %(objectname) %(*objectname) [5ms]
2025-01-25 02:02:08.263 [info] > git status -z -uall [14ms]
2025-01-25 02:02:13.279 [info] [Git][getRemotes] No remotes found in the git config file
2025-01-25 02:02:13.280 [info] > git config --get commit.template [8ms]
2025-01-25 02:02:13.281 [info] > git for-each-ref --format=%(refname)%00%(upstream:short)%00%(objectname)%00%(upstream:track)%00%(upstream:remotename)%00%(upstream:remoteref) refs/heads/main refs/remotes/main [2ms]
2025-01-25 02:02:13.281 [warning] [Git][getBranch] No such branch: main
2025-01-25 02:02:13.298 [info] > git for-each-ref --sort -committerdate --format %(refname) %(objectname) %(*objectname) [3ms]
2025-01-25 02:02:13.300 [info] > git status -z -uall [13ms]
2025-01-25 02:02:18.317 [info] [Git][getRemotes] No remotes found in the git config file
2025-01-25 02:02:18.317 [info] > git for-each-ref --format=%(refname)%00%(upstream:short)%00%(objectname)%00%(upstream:track)%00%(upstream:remotename)%00%(upstream:remoteref) refs/heads/main refs/remotes/main [2ms]
2025-01-25 02:02:18.319 [warning] [Git][getBranch] No such branch: main
2025-01-25 02:02:18.319 [info] > git config --get commit.template [11ms]
2025-01-25 02:02:18.335 [info] > git for-each-ref --sort -committerdate --format %(refname) %(objectname) %(*objectname) [3ms]
2025-01-25 02:02:18.337 [info] > git status -z -uall [13ms]
2025-01-25 02:02:23.352 [info] [Git][getRemotes] No remotes found in the git config file
2025-01-25 02:02:23.353 [info] > git config --get commit.template [7ms]
2025-01-25 02:02:23.355 [info] > git for-each-ref --format=%(refname)%00%(upstream:short)%00%(objectname)%00%(upstream:track)%00%(upstream:remotename)%00%(upstream:remoteref) refs/heads/main refs/remotes/main [3ms]
2025-01-25 02:02:23.355 [warning] [Git][getBranch] No such branch: main
2025-01-25 02:02:23.372 [info] > git for-each-ref --sort -committerdate --format %(refname) %(objectname) %(*objectname) [4ms]
2025-01-25 02:02:23.376 [info] > git status -z -uall [16ms]
2025-01-25 02:02:28.393 [info] [Git][getRemotes] No remotes found in the git config file
2025-01-25 02:02:28.394 [info] > git config --get commit.template [8ms]
2025-01-25 02:02:28.394 [info] > git for-each-ref --format=%(refname)%00%(upstream:short)%00%(objectname)%00%(upstream:track)%00%(upstream:remotename)%00%(upstream:remoteref) refs/heads/main refs/remotes/main [2ms]
2025-01-25 02:02:28.395 [warning] [Git][getBranch] No such branch: main
2025-01-25 02:02:28.411 [info] > git for-each-ref --sort -committerdate --format %(refname) %(objectname) %(*objectname) [4ms]
2025-01-25 02:02:28.413 [info] > git status -z -uall [13ms]
2025-01-25 02:02:33.431 [info] [Git][getRemotes] No remotes found in the git config file
2025-01-25 02:02:33.432 [info] > git config --get commit.template [7ms]
2025-01-25 02:02:33.434 [info] > git for-each-ref --format=%(refname)%00%(upstream:short)%00%(objectname)%00%(upstream:track)%00%(upstream:remotename)%00%(upstream:remoteref) refs/heads/main refs/remotes/main [3ms]
2025-01-25 02:02:33.434 [warning] [Git][getBranch] No such branch: main
2025-01-25 02:02:33.451 [info] > git for-each-ref --sort -committerdate --format %(refname) %(objectname) %(*objectname) [4ms]
2025-01-25 02:02:33.453 [info] > git status -z -uall [13ms]
2025-01-25 02:02:38.469 [info] [Git][getRemotes] No remotes found in the git config file
2025-01-25 02:02:38.470 [info] > git config --get commit.template [8ms]
2025-01-25 02:02:38.470 [info] > git for-each-ref --format=%(refname)%00%(upstream:short)%00%(objectname)%00%(upstream:track)%00%(upstream:remotename)%00%(upstream:remoteref) refs/heads/main refs/remotes/main [1ms]
2025-01-25 02:02:38.470 [warning] [Git][getBranch] No such branch: main
2025-01-25 02:02:38.486 [info] > git for-each-ref --sort -committerdate --format %(refname) %(objectname) %(*objectname) [3ms]
2025-01-25 02:02:38.488 [info] > git status -z -uall [12ms]
2025-01-25 02:02:42.610 [info] > git check-ignore -v -z --stdin [2ms]
2025-01-25 02:02:43.499 [info] [Git][getRemotes] No remotes found in the git config file
2025-01-25 02:02:43.505 [info] > git config --get commit.template [7ms]
2025-01-25 02:02:43.506 [info] > git for-each-ref --format=%(refname)%00%(upstream:short)%00%(objectname)%00%(upstream:track)%00%(upstream:remotename)%00%(upstream:remoteref) refs/heads/main refs/remotes/main [1ms]
2025-01-25 02:02:43.507 [warning] [Git][getBranch] No such branch: main
2025-01-25 02:02:43.522 [info] > git for-each-ref --sort -committerdate --format %(refname) %(objectname) %(*objectname) [3ms]
2025-01-25 02:02:43.524 [info] > git status -z -uall [12ms]
2025-01-25 02:02:48.539 [info] [Git][getRemotes] No remotes found in the git config file
2025-01-25 02:02:48.541 [info] > git for-each-ref --format=%(refname)%00%(upstream:short)%00%(objectname)%00%(upstream:track)%00%(upstream:remotename)%00%(upstream:remoteref) refs/heads/main refs/remotes/main [3ms]
2025-01-25 02:02:48.541 [warning] [Git][getBranch] No such branch: main
2025-01-25 02:02:48.541 [info] > git config --get commit.template [9ms]
2025-01-25 02:02:48.558 [info] > git for-each-ref --sort -committerdate --format %(refname) %(objectname) %(*objectname) [4ms]
2025-01-25 02:02:48.560 [info] > git status -z -uall [13ms]
2025-01-25 02:02:53.575 [info] [Git][getRemotes] No remotes found in the git config file
2025-01-25 02:02:53.576 [info] > git config --get commit.template [7ms]
2025-01-25 02:02:53.577 [info] > git for-each-ref --format=%(refname)%00%(upstream:short)%00%(objectname)%00%(upstream:track)%00%(upstream:remotename)%00%(upstream:remoteref) refs/heads/main refs/remotes/main [2ms]
2025-01-25 02:02:53.577 [warning] [Git][getBranch] No such branch: main
2025-01-25 02:02:53.593 [info] > git for-each-ref --sort -committerdate --format %(refname) %(objectname) %(*objectname) [3ms]
2025-01-25 02:02:53.595 [info] > git status -z -uall [12ms]
2025-01-25 02:02:58.607 [info] > git config --get commit.template [2ms]
2025-01-25 02:02:58.613 [info] [Git][getRemotes] No remotes found in the git config file
2025-01-25 02:02:58.614 [info] > git for-each-ref --format=%(refname)%00%(upstream:short)%00%(objectname)%00%(upstream:track)%00%(upstream:remotename)%00%(upstream:remoteref) refs/heads/main refs/remotes/main [1ms]
2025-01-25 02:02:58.614 [warning] [Git][getBranch] No such branch: main
2025-01-25 02:02:58.631 [info] > git for-each-ref --sort -committerdate --format %(refname) %(objectname) %(*objectname) [3ms]
2025-01-25 02:02:58.633 [info] > git status -z -uall [13ms]
2025-01-25 02:03:03.649 [info] [Git][getRemotes] No remotes found in the git config file
2025-01-25 02:03:03.650 [info] > git config --get commit.template [7ms]
2025-01-25 02:03:03.651 [info] > git for-each-ref --format=%(refname)%00%(upstream:short)%00%(objectname)%00%(upstream:track)%00%(upstream:remotename)%00%(upstream:remoteref) refs/heads/main refs/remotes/main [2ms]
2025-01-25 02:03:03.651 [warning] [Git][getBranch] No such branch: main
2025-01-25 02:03:03.668 [info] > git for-each-ref --sort -committerdate --format %(refname) %(objectname) %(*objectname) [4ms]
2025-01-25 02:03:03.670 [info] > git status -z -uall [14ms]
2025-01-25 02:03:08.685 [info] [Git][getRemotes] No remotes found in the git config file
2025-01-25 02:03:08.686 [info] > git config --get commit.template [7ms]
2025-01-25 02:03:08.688 [info] > git for-each-ref --format=%(refname)%00%(upstream:short)%00%(objectname)%00%(upstream:track)%00%(upstream:remotename)%00%(upstream:remoteref) refs/heads/main refs/remotes/main [2ms]
2025-01-25 02:03:08.688 [warning] [Git][getBranch] No such branch: main
2025-01-25 02:03:08.704 [info] > git for-each-ref --sort -committerdate --format %(refname) %(objectname) %(*objectname) [3ms]
2025-01-25 02:03:08.706 [info] > git status -z -uall [13ms]
2025-01-25 02:03:13.722 [info] [Git][getRemotes] No remotes found in the git config file
2025-01-25 02:03:13.725 [info] > git for-each-ref --format=%(refname)%00%(upstream:short)%00%(objectname)%00%(upstream:track)%00%(upstream:remotename)%00%(upstream:remoteref) refs/heads/main refs/remotes/main [3ms]
2025-01-25 02:03:13.725 [warning] [Git][getBranch] No such branch: main
2025-01-25 02:03:13.725 [info] > git config --get commit.template [9ms]
2025-01-25 02:03:13.740 [info] > git for-each-ref --sort -committerdate --format %(refname) %(objectname) %(*objectname) [3ms]
2025-01-25 02:03:13.743 [info] > git status -z -uall [13ms]
2025-01-25 02:03:18.757 [info] [Git][getRemotes] No remotes found in the git config file
2025-01-25 02:03:18.758 [info] > git config --get commit.template [7ms]
2025-01-25 02:03:18.759 [info] > git for-each-ref --format=%(refname)%00%(upstream:short)%00%(objectname)%00%(upstream:track)%00%(upstream:remotename)%00%(upstream:remoteref) refs/heads/main refs/remotes/main [2ms]
2025-01-25 02:03:18.759 [warning] [Git][getBranch] No such branch: main
2025-01-25 02:03:18.780 [info] > git status -z -uall [16ms]
2025-01-25 02:03:18.781 [info] > git for-each-ref --sort -committerdate --format %(refname) %(objectname) %(*objectname) [3ms]
2025-01-25 02:03:20.016 [info] > git check-ignore -v -z --stdin [2ms]
2025-01-25 02:03:23.796 [info] [Git][getRemotes] No remotes found in the git config file
2025-01-25 02:03:23.797 [info] > git config --get commit.template [7ms]
2025-01-25 02:03:23.798 [info] > git for-each-ref --format=%(refname)%00%(upstream:short)%00%(objectname)%00%(upstream:track)%00%(upstream:remotename)%00%(upstream:remoteref) refs/heads/main refs/remotes/main [2ms]
2025-01-25 02:03:23.798 [warning] [Git][getBranch] No such branch: main
2025-01-25 02:03:23.813 [info] > git for-each-ref --sort -committerdate --format %(refname) %(objectname) %(*objectname) [3ms]
2025-01-25 02:03:23.817 [info] > git status -z -uall [13ms]
2025-01-25 02:03:28.833 [info] [Git][getRemotes] No remotes found in the git config file
2025-01-25 02:03:28.834 [info] > git config --get commit.template [8ms]
2025-01-25 02:03:28.835 [info] > git for-each-ref --format=%(refname)%00%(upstream:short)%00%(objectname)%00%(upstream:track)%00%(upstream:remotename)%00%(upstream:remoteref) refs/heads/main refs/remotes/main [3ms]
2025-01-25 02:03:28.836 [warning] [Git][getBranch] No such branch: main
2025-01-25 02:03:28.851 [info] > git for-each-ref --sort -committerdate --format %(refname) %(objectname) %(*objectname) [3ms]
2025-01-25 02:03:28.853 [info] > git status -z -uall [12ms]
2025-01-25 02:03:33.866 [info] > git config --get commit.template [3ms]
2025-01-25 02:03:33.872 [info] [Git][getRemotes] No remotes found in the git config file
2025-01-25 02:03:33.873 [info] > git for-each-ref --format=%(refname)%00%(upstream:short)%00%(objectname)%00%(upstream:track)%00%(upstream:remotename)%00%(upstream:remoteref) refs/heads/main refs/remotes/main [2ms]
2025-01-25 02:03:33.873 [warning] [Git][getBranch] No such branch: main
2025-01-25 02:03:33.889 [info] > git for-each-ref --sort -committerdate --format %(refname) %(objectname) %(*objectname) [3ms]
2025-01-25 02:03:33.892 [info] > git status -z -uall [14ms]
2025-01-25 02:03:36.868 [info] > git show --textconv :prospect-prediction/config.py [7ms]
2025-01-25 02:03:36.870 [info] > git ls-files --stage -- /home/cunping507/prospect-prediction/config.py [3ms]
2025-01-25 02:03:39.836 [info] [Git][getRemotes] No remotes found in the git config file
2025-01-25 02:03:39.838 [info] > git config --get commit.template [28ms]
2025-01-25 02:03:39.848 [info] > git for-each-ref --format=%(refname)%00%(upstream:short)%00%(objectname)%00%(upstream:track)%00%(upstream:remotename)%00%(upstream:remoteref) refs/heads/main refs/remotes/main [12ms]
2025-01-25 02:03:39.848 [warning] [Git][getBranch] No such branch: main
2025-01-25 02:03:39.889 [info] > git for-each-ref --sort -committerdate --format %(refname) %(objectname) %(*objectname) [11ms]
2025-01-25 02:03:39.896 [info] > git status -z -uall [40ms]
2025-01-25 02:03:44.920 [info] [Git][getRemotes] No remotes found in the git config file
2025-01-25 02:03:44.921 [info] > git config --get commit.template [8ms]
2025-01-25 02:03:44.922 [info] > git for-each-ref --format=%(refname)%00%(upstream:short)%00%(objectname)%00%(upstream:track)%00%(upstream:remotename)%00%(upstream:remoteref) refs/heads/main refs/remotes/main [2ms]
2025-01-25 02:03:44.922 [warning] [Git][getBranch] No such branch: main
2025-01-25 02:03:44.941 [info] > git for-each-ref --sort -committerdate --format %(refname) %(objectname) %(*objectname) [5ms]
2025-01-25 02:03:44.942 [info] > git status -z -uall [13ms]
2025-01-25 02:03:49.951 [info] [Git][getRemotes] No remotes found in the git config file
2025-01-25 02:03:49.957 [info] > git config --get commit.template [7ms]
2025-01-25 02:03:49.958 [info] > git for-each-ref --format=%(refname)%00%(upstream:short)%00%(objectname)%00%(upstream:track)%00%(upstream:remotename)%00%(upstream:remoteref) refs/heads/main refs/remotes/main [1ms]
2025-01-25 02:03:49.958 [warning] [Git][getBranch] No such branch: main
2025-01-25 02:03:49.976 [info] > git for-each-ref --sort -committerdate --format %(refname) %(objectname) %(*objectname) [3ms]
2025-01-25 02:03:49.978 [info] > git status -z -uall [13ms]
2025-01-25 02:03:52.562 [info] > git show --textconv :prospect-prediction/diamondAI.py [8ms]
2025-01-25 02:03:52.563 [info] > git ls-files --stage -- /home/cunping507/prospect-prediction/diamondAI.py [4ms]
2025-01-25 02:03:52.687 [info] > git check-ignore -v -z --stdin [2ms]
2025-01-25 02:04:25.929 [info] [Git][getRemotes] No remotes found in the git config file
2025-01-25 02:04:25.930 [info] > git config --get commit.template [8ms]
2025-01-25 02:04:25.930 [info] > git for-each-ref --format=%(refname)%00%(upstream:short)%00%(objectname)%00%(upstream:track)%00%(upstream:remotename)%00%(upstream:remoteref) refs/heads/main refs/remotes/main [2ms]
2025-01-25 02:04:25.931 [warning] [Git][getBranch] No such branch: main
2025-01-25 02:04:25.949 [info] > git status -z -uall [13ms]
2025-01-25 02:04:25.950 [info] > git for-each-ref --sort -committerdate --format %(refname) %(objectname) %(*objectname) [3ms]
2025-01-25 02:04:30.961 [info] [Git][getRemotes] No remotes found in the git config file
2025-01-25 02:04:30.968 [info] > git config --get commit.template [7ms]
2025-01-25 02:04:30.969 [info] > git for-each-ref --format=%(refname)%00%(upstream:short)%00%(objectname)%00%(upstream:track)%00%(upstream:remotename)%00%(upstream:remoteref) refs/heads/main refs/remotes/main [2ms]
2025-01-25 02:04:30.969 [warning] [Git][getBranch] No such branch: main
2025-01-25 02:04:30.988 [info] > git status -z -uall [13ms]
2025-01-25 02:04:30.989 [info] > git for-each-ref --sort -committerdate --format %(refname) %(objectname) %(*objectname) [5ms]
2025-01-25 02:04:36.000 [info] [Git][getRemotes] No remotes found in the git config file
2025-01-25 02:04:36.006 [info] > git config --get commit.template [7ms]
2025-01-25 02:04:36.007 [info] > git for-each-ref --format=%(refname)%00%(upstream:short)%00%(objectname)%00%(upstream:track)%00%(upstream:remotename)%00%(upstream:remoteref) refs/heads/main refs/remotes/main [1ms]
2025-01-25 02:04:36.007 [warning] [Git][getBranch] No such branch: main
2025-01-25 02:04:36.023 [info] > git for-each-ref --sort -committerdate --format %(refname) %(objectname) %(*objectname) [3ms]
2025-01-25 02:04:36.026 [info] > git status -z -uall [14ms]
2025-01-25 02:04:45.135 [info] [Git][getRemotes] No remotes found in the git config file
2025-01-25 02:04:45.136 [info] > git config --get commit.template [8ms]
2025-01-25 02:04:45.136 [info] > git for-each-ref --format=%(refname)%00%(upstream:short)%00%(objectname)%00%(upstream:track)%00%(upstream:remotename)%00%(upstream:remoteref) refs/heads/main refs/remotes/main [1ms]
2025-01-25 02:04:45.137 [warning] [Git][getBranch] No such branch: main
2025-01-25 02:04:45.152 [info] > git for-each-ref --sort -committerdate --format %(refname) %(objectname) %(*objectname) [3ms]
2025-01-25 02:04:45.155 [info] > git status -z -uall [13ms]
2025-01-25 02:05:02.016 [info] [Git][getRemotes] No remotes found in the git config file
2025-01-25 02:05:02.017 [info] > git config --get commit.template [7ms]
2025-01-25 02:05:02.018 [info] > git for-each-ref --format=%(refname)%00%(upstream:short)%00%(objectname)%00%(upstream:track)%00%(upstream:remotename)%00%(upstream:remoteref) refs/heads/main refs/remotes/main [2ms]
2025-01-25 02:05:02.019 [warning] [Git][getBranch] No such branch: main
2025-01-25 02:05:02.039 [info] > git status -z -uall [14ms]
2025-01-25 02:05:02.040 [info] > git for-each-ref --sort -committerdate --format %(refname) %(objectname) %(*objectname) [7ms]
2025-01-25 02:05:40.736 [info] > git config --get commit.template [3ms]
2025-01-25 02:05:40.742 [info] [Git][getRemotes] No remotes found in the git config file
2025-01-25 02:05:40.743 [info] > git for-each-ref --format=%(refname)%00%(upstream:short)%00%(objectname)%00%(upstream:track)%00%(upstream:remotename)%00%(upstream:remoteref) refs/heads/main refs/remotes/main [2ms]
2025-01-25 02:05:40.743 [warning] [Git][getBranch] No such branch: main
2025-01-25 02:05:40.759 [info] > git for-each-ref --sort -committerdate --format %(refname) %(objectname) %(*objectname) [3ms]
2025-01-25 02:05:40.762 [info] > git status -z -uall [13ms]
2025-01-25 02:05:45.776 [info] > git config --get commit.template [3ms]
2025-01-25 02:05:45.782 [info] [Git][getRemotes] No remotes found in the git config file
2025-01-25 02:05:45.783 [info] > git for-each-ref --format=%(refname)%00%(upstream:short)%00%(objectname)%00%(upstream:track)%00%(upstream:remotename)%00%(upstream:remoteref) refs/heads/main refs/remotes/main [2ms]
2025-01-25 02:05:45.783 [warning] [Git][getBranch] No such branch: main
2025-01-25 02:05:45.799 [info] > git for-each-ref --sort -committerdate --format %(refname) %(objectname) %(*objectname) [3ms]
2025-01-25 02:05:45.801 [info] > git status -z -uall [12ms]
2025-01-25 02:05:50.815 [info] > git config --get commit.template [3ms]
2025-01-25 02:05:50.821 [info] [Git][getRemotes] No remotes found in the git config file
2025-01-25 02:05:50.822 [info] > git for-each-ref --format=%(refname)%00%(upstream:short)%00%(objectname)%00%(upstream:track)%00%(upstream:remotename)%00%(upstream:remoteref) refs/heads/main refs/remotes/main [2ms]
2025-01-25 02:05:50.822 [warning] [Git][getBranch] No such branch: main
2025-01-25 02:05:50.838 [info] > git for-each-ref --sort -committerdate --format %(refname) %(objectname) %(*objectname) [3ms]
2025-01-25 02:05:50.840 [info] > git status -z -uall [13ms]
2025-01-25 02:05:55.857 [info] [Git][getRemotes] No remotes found in the git config file
2025-01-25 02:05:55.858 [info] > git config --get commit.template [7ms]
2025-01-25 02:05:55.859 [info] > git for-each-ref --format=%(refname)%00%(upstream:short)%00%(objectname)%00%(upstream:track)%00%(upstream:remotename)%00%(upstream:remoteref) refs/heads/main refs/remotes/main [3ms]
2025-01-25 02:05:55.859 [warning] [Git][getBranch] No such branch: main
2025-01-25 02:05:55.875 [info] > git for-each-ref --sort -committerdate --format %(refname) %(objectname) %(*objectname) [2ms]
2025-01-25 02:05:55.877 [info] > git status -z -uall [13ms]
2025-01-25 02:06:00.895 [info] [Git][getRemotes] No remotes found in the git config file
2025-01-25 02:06:00.896 [info] > git config --get commit.template [9ms]
2025-01-25 02:06:00.898 [info] > git for-each-ref --format=%(refname)%00%(upstream:short)%00%(objectname)%00%(upstream:track)%00%(upstream:remotename)%00%(upstream:remoteref) refs/heads/main refs/remotes/main [2ms]
2025-01-25 02:06:00.898 [warning] [Git][getBranch] No such branch: main
2025-01-25 02:06:00.915 [info] > git for-each-ref --sort -committerdate --format %(refname) %(objectname) %(*objectname) [4ms]
2025-01-25 02:06:00.916 [info] > git status -z -uall [13ms]
2025-01-25 02:06:05.932 [info] [Git][getRemotes] No remotes found in the git config file
2025-01-25 02:06:05.933 [info] > git config --get commit.template [7ms]
2025-01-25 02:06:05.934 [info] > git for-each-ref --format=%(refname)%00%(upstream:short)%00%(objectname)%00%(upstream:track)%00%(upstream:remotename)%00%(upstream:remoteref) refs/heads/main refs/remotes/main [2ms]
2025-01-25 02:06:05.934 [warning] [Git][getBranch] No such branch: main
2025-01-25 02:06:05.950 [info] > git for-each-ref --sort -committerdate --format %(refname) %(objectname) %(*objectname) [3ms]
2025-01-25 02:06:05.952 [info] > git status -z -uall [12ms]
2025-01-25 02:06:10.967 [info] > git config --get commit.template [3ms]
2025-01-25 02:06:10.973 [info] [Git][getRemotes] No remotes found in the git config file
2025-01-25 02:06:10.974 [info] > git for-each-ref --format=%(refname)%00%(upstream:short)%00%(objectname)%00%(upstream:track)%00%(upstream:remotename)%00%(upstream:remoteref) refs/heads/main refs/remotes/main [2ms]
2025-01-25 02:06:10.974 [warning] [Git][getBranch] No such branch: main
2025-01-25 02:06:10.991 [info] > git for-each-ref --sort -committerdate --format %(refname) %(objectname) %(*objectname) [4ms]
2025-01-25 02:06:10.993 [info] > git status -z -uall [14ms]
2025-01-25 02:06:23.811 [info] [Git][getRemotes] No remotes found in the git config file
2025-01-25 02:06:23.812 [info] > git config --get commit.template [8ms]
2025-01-25 02:06:23.813 [info] > git for-each-ref --format=%(refname)%00%(upstream:short)%00%(objectname)%00%(upstream:track)%00%(upstream:remotename)%00%(upstream:remoteref) refs/heads/main refs/remotes/main [3ms]
2025-01-25 02:06:23.813 [warning] [Git][getBranch] No such branch: main
2025-01-25 02:06:23.831 [info] > git for-each-ref --sort -committerdate --format %(refname) %(objectname) %(*objectname) [3ms]
2025-01-25 02:06:23.832 [info] > git status -z -uall [14ms]
2025-01-25 02:06:30.452 [info] > git config --get commit.template [2ms]
2025-01-25 02:06:30.458 [info] [Git][getRemotes] No remotes found in the git config file
2025-01-25 02:06:30.460 [info] > git for-each-ref --format=%(refname)%00%(upstream:short)%00%(objectname)%00%(upstream:track)%00%(upstream:remotename)%00%(upstream:remoteref) refs/heads/main refs/remotes/main [2ms]
2025-01-25 02:06:30.460 [warning] [Git][getBranch] No such branch: main
2025-01-25 02:06:30.478 [info] > git for-each-ref --sort -committerdate --format %(refname) %(objectname) %(*objectname) [4ms]
2025-01-25 02:06:30.479 [info] > git status -z -uall [13ms]
2025-01-25 02:06:35.497 [info] > git config --get commit.template [8ms]
2025-01-25 02:06:35.498 [info] [Git][getRemotes] No remotes found in the git config file
2025-01-25 02:06:35.498 [info] > git for-each-ref --format=%(refname)%00%(upstream:short)%00%(objectname)%00%(upstream:track)%00%(upstream:remotename)%00%(upstream:remoteref) refs/heads/main refs/remotes/main [1ms]
2025-01-25 02:06:35.499 [warning] [Git][getBranch] No such branch: main
2025-01-25 02:06:35.514 [info] > git for-each-ref --sort -committerdate --format %(refname) %(objectname) %(*objectname) [3ms]
2025-01-25 02:06:35.516 [info] > git status -z -uall [12ms]
2025-01-25 02:09:17.015 [info] > git config --get commit.template [2ms]
2025-01-25 02:09:17.021 [info] [Git][getRemotes] No remotes found in the git config file
2025-01-25 02:09:17.023 [info] > git for-each-ref --format=%(refname)%00%(upstream:short)%00%(objectname)%00%(upstream:track)%00%(upstream:remotename)%00%(upstream:remoteref) refs/heads/main refs/remotes/main [1ms]
2025-01-25 02:09:17.023 [warning] [Git][getBranch] No such branch: main
2025-01-25 02:09:17.038 [info] > git for-each-ref --sort -committerdate --format %(refname) %(objectname) %(*objectname) [3ms]
2025-01-25 02:09:17.041 [info] > git status -z -uall [13ms]
2025-01-25 02:09:22.064 [info] [Git][getRemotes] No remotes found in the git config file
2025-01-25 02:09:22.065 [info] > git config --get commit.template [8ms]
2025-01-25 02:09:22.066 [info] > git for-each-ref --format=%(refname)%00%(upstream:short)%00%(objectname)%00%(upstream:track)%00%(upstream:remotename)%00%(upstream:remoteref) refs/heads/main refs/remotes/main [2ms]
2025-01-25 02:09:22.066 [warning] [Git][getBranch] No such branch: main
2025-01-25 02:09:22.082 [info] > git for-each-ref --sort -committerdate --format %(refname) %(objectname) %(*objectname) [3ms]
2025-01-25 02:09:22.084 [info] > git status -z -uall [13ms]
2025-01-25 02:09:25.617 [info] > git check-ignore -v -z --stdin [1ms]
