2025-01-25 01:25:47.525 [info] [main] Log level: Info
2025-01-25 01:25:47.525 [info] [main] Validating found git in: "git"
2025-01-25 01:25:47.525 [info] [main] Using git "2.43.0" from "git"
2025-01-25 01:25:47.525 [info] [Model][doInitialScan] Initial repository scan started
2025-01-25 01:25:47.525 [info] > git rev-parse --show-toplevel [5ms]
2025-01-25 01:25:47.525 [info] fatal: not a git repository (or any parent up to mount point /)
Stopping at filesystem boundary (GIT_DISCOVERY_ACROSS_FILESYSTEM not set).
2025-01-25 01:25:47.527 [info] > git rev-parse --show-toplevel [2ms]
2025-01-25 01:25:47.527 [info] fatal: not a git repository (or any parent up to mount point /)
Stopping at filesystem boundary (GIT_DISCOVERY_ACROSS_FILESYSTEM not set).
2025-01-25 01:25:47.533 [info] > git rev-parse --show-toplevel [2ms]
2025-01-25 01:25:47.533 [info] fatal: not a git repository (or any parent up to mount point /)
Stopping at filesystem boundary (GIT_DISCOVERY_ACROSS_FILESYSTEM not set).
2025-01-25 01:25:47.539 [info] > git rev-parse --show-toplevel [1ms]
2025-01-25 01:25:47.539 [info] fatal: not a git repository (or any parent up to mount point /)
Stopping at filesystem boundary (GIT_DISCOVERY_ACROSS_FILESYSTEM not set).
2025-01-25 01:25:47.544 [info] > git rev-parse --show-toplevel [2ms]
2025-01-25 01:25:47.544 [info] fatal: not a git repository (or any parent up to mount point /)
Stopping at filesystem boundary (GIT_DISCOVERY_ACROSS_FILESYSTEM not set).
2025-01-25 01:25:47.550 [info] > git rev-parse --show-toplevel [2ms]
2025-01-25 01:25:47.550 [info] fatal: not a git repository (or any parent up to mount point /)
Stopping at filesystem boundary (GIT_DISCOVERY_ACROSS_FILESYSTEM not set).
2025-01-25 01:25:47.555 [info] > git rev-parse --show-toplevel [2ms]
2025-01-25 01:25:47.555 [info] fatal: not a git repository (or any parent up to mount point /)
Stopping at filesystem boundary (GIT_DISCOVERY_ACROSS_FILESYSTEM not set).
2025-01-25 01:25:47.556 [info] [Model][doInitialScan] Initial repository scan completed - repositories (0), closed repositories (0), parent repositories (0), unsafe repositories (0)
2025-01-25 01:25:50.855 [info] > git rev-parse --show-toplevel [5ms]
2025-01-25 01:25:50.856 [info] fatal: not a git repository (or any parent up to mount point /)
Stopping at filesystem boundary (GIT_DISCOVERY_ACROSS_FILESYSTEM not set).
2025-01-25 01:26:25.792 [info] > git init -b main [30ms]
2025-01-25 01:26:25.800 [info] > git rev-parse --show-toplevel [2ms]
2025-01-25 01:26:25.808 [info] > git rev-parse --git-dir --git-common-dir [2ms]
2025-01-25 01:26:25.820 [info] [Model][openRepository] Opened repository: /home/cunping507
2025-01-25 01:26:25.835 [info] [Git][getRemotes] No remotes found in the git config file
2025-01-25 01:26:25.836 [info] > git config --get commit.template [9ms]
2025-01-25 01:26:25.837 [info] > git for-each-ref --format=%(refname)%00%(upstream:short)%00%(objectname)%00%(upstream:track)%00%(upstream:remotename)%00%(upstream:remoteref) refs/heads/main refs/remotes/main [3ms]
2025-01-25 01:26:25.838 [warning] [Git][getBranch] No such branch: main
2025-01-25 01:26:25.855 [info] > git status -z -uall [11ms]
2025-01-25 01:26:25.857 [info] > git for-each-ref --sort -committerdate --format %(refname) %(objectname) %(*objectname) [4ms]
2025-01-25 01:26:25.884 [info] > git for-each-ref --format=%(refname)%00%(upstream:short)%00%(objectname)%00%(upstream:track)%00%(upstream:remotename)%00%(upstream:remoteref) refs/heads/main refs/remotes/main [14ms]
2025-01-25 01:26:25.884 [warning] [Git][getBranch] No such branch: main
2025-01-25 01:26:25.885 [error] [GitHistoryProvider][resolveHEADMergeBase] Failed to resolve merge base for main: Error: No such branch: main.
2025-01-25 01:26:25.887 [info] > git config --get commit.template [4ms]
2025-01-25 01:26:25.893 [info] [Git][getRemotes] No remotes found in the git config file
2025-01-25 01:26:25.895 [info] > git for-each-ref --format=%(refname)%00%(upstream:short)%00%(objectname)%00%(upstream:track)%00%(upstream:remotename)%00%(upstream:remoteref) refs/heads/main refs/remotes/main [2ms]
2025-01-25 01:26:25.895 [warning] [Git][getBranch] No such branch: main
2025-01-25 01:26:25.912 [info] > git status -z -uall [10ms]
2025-01-25 01:26:25.950 [info] > git for-each-ref --sort -committerdate --format %(refname) %(objectname) %(*objectname) [41ms]
2025-01-25 01:26:26.084 [info] > git log --format=%H%n%aN%n%aE%n%at%n%ct%n%P%n%D%n%B -z --shortstat --diff-merges=first-parent -n50 --skip=0 --topo-order --decorate=full --stdin [46ms]
2025-01-25 01:26:26.085 [info] fatal: bad revision 'refs/heads/main'
2025-01-25 01:26:26.086 [error] [GitHistoryProvider][provideHistoryItems] Failed to get history items with options '{"historyItemRefs":["refs/heads/main"],"limit":50,"skip":0}': Failed to execute git {
  "exitCode": 128,
  "gitCommand": "log",
  "stdout": "",
  "stderr": "fatal: bad revision 'refs/heads/main'\n"
}
2025-01-25 01:26:26.497 [info] > git show --textconv :README-cloudshell.txt [7ms]
2025-01-25 01:26:26.499 [info] > git ls-files --stage -- /home/cunping507/README-cloudshell.txt [3ms]
2025-01-25 01:26:26.596 [info] > git check-ignore -v -z --stdin [2ms]
2025-01-25 01:26:27.425 [info] > git ls-files --stage -- /home/cunping507/README-cloudshell.txt [2ms]
2025-01-25 01:26:27.546 [info] > git show --textconv :README-cloudshell.txt [2ms]
2025-01-25 01:26:30.943 [info] > git config --get commit.template [2ms]
2025-01-25 01:26:30.949 [info] [Git][getRemotes] No remotes found in the git config file
2025-01-25 01:26:30.950 [info] > git for-each-ref --format=%(refname)%00%(upstream:short)%00%(objectname)%00%(upstream:track)%00%(upstream:remotename)%00%(upstream:remoteref) refs/heads/main refs/remotes/main [2ms]
2025-01-25 01:26:30.950 [warning] [Git][getBranch] No such branch: main
2025-01-25 01:26:30.964 [info] > git status -z -uall [8ms]
2025-01-25 01:26:30.966 [info] > git for-each-ref --sort -committerdate --format %(refname) %(objectname) %(*objectname) [3ms]
