2025-01-25 03:02:24.167 [warning] Dir "/home/cunping507/.pixi/envs" is not watchable (directory does not exist)
2025-01-25 03:02:24.167 [info] Starting Environment refresh
2025-01-25 03:02:24.167 [info] Searching for interpreters in posix paths locator
2025-01-25 03:02:24.167 [info] Searching for pyenv environments
2025-01-25 03:02:24.167 [info] Searching for conda environments
2025-01-25 03:02:24.167 [info] Searching for global virtual environments
2025-01-25 03:02:24.167 [info] Searching for custom virtual environments
2025-01-25 03:02:24.167 [info] pyenv is not installed
2025-01-25 03:02:24.167 [info] Finished searching for pyenv environments: 51 milliseconds
2025-01-25 03:02:24.167 [info] Finished searching for custom virtual envs: 49 milliseconds
2025-01-25 03:02:24.167 [info] > conda info --json
2025-01-25 03:02:24.167 [info] > hatch env show --json
2025-01-25 03:02:24.167 [info] cwd: .
2025-01-25 03:02:24.167 [info] > pyenv which python
2025-01-25 03:02:24.167 [info] cwd: .
2025-01-25 03:02:24.167 [info] Finished searching for global virtual envs: 136 milliseconds
2025-01-25 03:02:24.170 [info] Found: /bin/python --> /bin/python3.12
2025-01-25 03:02:24.176 [info] Found: /bin/python3 --> /bin/python3.12
2025-01-25 03:02:24.176 [info] Found: /bin/python3.12 --> /bin/python3.12
2025-01-25 03:02:24.232 [info] Found: /usr/bin/python --> /usr/bin/python3.12
2025-01-25 03:02:24.240 [info] Found: /usr/bin/python3 --> /usr/bin/python3.12
2025-01-25 03:02:24.240 [info] Found: /usr/bin/python3.12 --> /usr/bin/python3.12
2025-01-25 03:02:24.345 [info] Finished searching for interpreters in posix paths locator: 315 milliseconds
2025-01-25 03:02:24.345 [info] > /bin/python -I /google/devshell/editor/code-oss-for-cloud-shell/extensions/ms-python.python/python_files/get_output_via_markers.py /google/devshell/editor/code-oss-for-cloud-shell/extensions/ms-python.python/python_files/interpreterInfo.py
2025-01-25 03:02:24.372 [info] > /usr/bin/python -I /google/devshell/editor/code-oss-for-cloud-shell/extensions/ms-python.python/python_files/get_output_via_markers.py /google/devshell/editor/code-oss-for-cloud-shell/extensions/ms-python.python/python_files/interpreterInfo.py
2025-01-25 03:02:24.372 [info] Environments refresh paths discovered (event): 367 milliseconds
2025-01-25 03:02:24.372 [info] Environments refresh paths discovered: 367 milliseconds
2025-01-25 03:02:24.553 [info] Environments refresh finished (event): 546 milliseconds
2025-01-25 03:02:24.661 [info] Environment refresh took 656 milliseconds
2025-01-25 03:02:24.702 [info] Python interpreter path: /bin/python
2025-01-25 03:02:31.703 [info] Starting Jedi language server for cunping507.
2025-01-25 03:03:21.734 [info] Discover tests for workspace name: cunping507 - uri: /home/cunping507/prospect-prediction/tools.py
2025-01-25 03:11:37.901 [info] Running installed packages checker:  {
  id: '/bin/python',
  sysPrefix: '/usr',
  envType: 'Global',
  envName: '',
  envPath: '',
  path: '/bin/python',
  architecture: 3,
  sysVersion: '3.12.3 (main, Nov  6 2024, 18:32:19) [GCC 13.2.0]',
  version: {
    raw: '3.12.3',
    major: 3,
    minor: 12,
    patch: 3,
    build: [],
    prerelease: [ 'final', '0' ]
  },
  displayName: 'Python 3.12.3 64-bit',
  detailedDisplayName: 'Python 3.12.3 64-bit',
  type: undefined
} /google/devshell/editor/code-oss-for-cloud-shell/extensions/ms-python.python/python_files/installed_check.py /home/cunping507/prospect-prediction/requirements.txt
2025-01-25 03:11:37.901 [info] > /bin/python /google/devshell/editor/code-oss-for-cloud-shell/extensions/ms-python.python/python_files/installed_check.py ./prospect-prediction/requirements.txt
2025-01-25 03:11:40.597 [info] Running installed packages checker:  {
  id: '/bin/python',
  sysPrefix: '/usr',
  envType: 'Global',
  envName: '',
  envPath: '',
  path: '/bin/python',
  architecture: 3,
  sysVersion: '3.12.3 (main, Nov  6 2024, 18:32:19) [GCC 13.2.0]',
  version: {
    raw: '3.12.3',
    major: 3,
    minor: 12,
    patch: 3,
    build: [],
    prerelease: [ 'final', '0' ]
  },
  displayName: 'Python 3.12.3 64-bit',
  detailedDisplayName: 'Python 3.12.3 64-bit',
  type: undefined
} /google/devshell/editor/code-oss-for-cloud-shell/extensions/ms-python.python/python_files/installed_check.py /home/cunping507/prospect-prediction/requirements.txt
2025-01-25 03:11:40.598 [info] > /bin/python /google/devshell/editor/code-oss-for-cloud-shell/extensions/ms-python.python/python_files/installed_check.py ./prospect-prediction/requirements.txt
2025-01-25 03:16:46.707 [info] Discover tests for workspace name: cunping507 - uri: /home/cunping507/prospect-prediction/player_compariosn.py
2025-01-25 03:17:28.424 [info] Discover tests for workspace name: cunping507 - uri: /home/cunping507/prospect-prediction/player_compariosn.py
2025-01-25 03:17:29.646 [info] Discover tests for workspace name: cunping507 - uri: /home/cunping507/prospect-prediction/player_compariosn.py
2025-01-25 03:17:34.839 [info] Discover tests for workspace name: cunping507 - uri: /home/cunping507/prospect-prediction/player_compariosn.py
2025-01-25 03:17:36.521 [info] Discover tests for workspace name: cunping507 - uri: /home/cunping507/prospect-prediction/player_compariosn.py
2025-01-25 03:18:09.831 [info] Running installed packages checker:  {
  id: '/bin/python',
  sysPrefix: '/usr',
  envType: 'Global',
  envName: '',
  envPath: '',
  path: '/bin/python',
  architecture: 3,
  sysVersion: '3.12.3 (main, Nov  6 2024, 18:32:19) [GCC 13.2.0]',
  version: {
    raw: '3.12.3',
    major: 3,
    minor: 12,
    patch: 3,
    build: [],
    prerelease: [ 'final', '0' ]
  },
  displayName: 'Python 3.12.3 64-bit',
  detailedDisplayName: 'Python 3.12.3 64-bit',
  type: undefined
} /google/devshell/editor/code-oss-for-cloud-shell/extensions/ms-python.python/python_files/installed_check.py /home/cunping507/prospect-prediction/requirements.txt
2025-01-25 03:18:09.831 [info] > /bin/python /google/devshell/editor/code-oss-for-cloud-shell/extensions/ms-python.python/python_files/installed_check.py ./prospect-prediction/requirements.txt
2025-01-25 03:19:01.613 [info] Discover tests for workspace name: cunping507 - uri: /home/cunping507/prospect-prediction/player_compariosn.py
2025-01-25 03:19:09.908 [info] Discover tests for workspace name: cunping507 - uri: /home/cunping507/prospect-prediction/player_compariosn.py
2025-01-25 03:19:12.930 [info] Discover tests for workspace name: cunping507 - uri: /home/cunping507/prospect-prediction/player_compariosn.py
2025-01-25 03:19:47.257 [info] Running installed packages checker:  {
  id: '/bin/python',
  sysPrefix: '/usr',
  envType: 'Global',
  envName: '',
  envPath: '',
  path: '/bin/python',
  architecture: 3,
  sysVersion: '3.12.3 (main, Nov  6 2024, 18:32:19) [GCC 13.2.0]',
  version: {
    raw: '3.12.3',
    major: 3,
    minor: 12,
    patch: 3,
    build: [],
    prerelease: [ 'final', '0' ]
  },
  displayName: 'Python 3.12.3 64-bit',
  detailedDisplayName: 'Python 3.12.3 64-bit',
  type: undefined
} /google/devshell/editor/code-oss-for-cloud-shell/extensions/ms-python.python/python_files/installed_check.py /home/cunping507/prospect-prediction/requirements.txt
2025-01-25 03:19:47.258 [info] > /bin/python /google/devshell/editor/code-oss-for-cloud-shell/extensions/ms-python.python/python_files/installed_check.py ./prospect-prediction/requirements.txt
2025-01-25 03:19:50.023 [info] Running installed packages checker:  {
  id: '/bin/python',
  sysPrefix: '/usr',
  envType: 'Global',
  envName: '',
  envPath: '',
  path: '/bin/python',
  architecture: 3,
  sysVersion: '3.12.3 (main, Nov  6 2024, 18:32:19) [GCC 13.2.0]',
  version: {
    raw: '3.12.3',
    major: 3,
    minor: 12,
    patch: 3,
    build: [],
    prerelease: [ 'final', '0' ]
  },
  displayName: 'Python 3.12.3 64-bit',
  detailedDisplayName: 'Python 3.12.3 64-bit',
  type: undefined
} /google/devshell/editor/code-oss-for-cloud-shell/extensions/ms-python.python/python_files/installed_check.py /home/cunping507/prospect-prediction/requirements.txt
2025-01-25 03:19:50.023 [info] > /bin/python /google/devshell/editor/code-oss-for-cloud-shell/extensions/ms-python.python/python_files/installed_check.py ./prospect-prediction/requirements.txt
2025-01-25 03:20:09.668 [info] Running installed packages checker:  {
  id: '/bin/python',
  sysPrefix: '/usr',
  envType: 'Global',
  envName: '',
  envPath: '',
  path: '/bin/python',
  architecture: 3,
  sysVersion: '3.12.3 (main, Nov  6 2024, 18:32:19) [GCC 13.2.0]',
  version: {
    raw: '3.12.3',
    major: 3,
    minor: 12,
    patch: 3,
    build: [],
    prerelease: [ 'final', '0' ]
  },
  displayName: 'Python 3.12.3 64-bit',
  detailedDisplayName: 'Python 3.12.3 64-bit',
  type: undefined
} /google/devshell/editor/code-oss-for-cloud-shell/extensions/ms-python.python/python_files/installed_check.py /home/cunping507/prospect-prediction/requirements.txt
2025-01-25 03:20:09.668 [info] > /bin/python /google/devshell/editor/code-oss-for-cloud-shell/extensions/ms-python.python/python_files/installed_check.py ./prospect-prediction/requirements.txt
2025-01-25 03:20:56.904 [info] Running installed packages checker:  {
  id: '/bin/python',
  sysPrefix: '/usr',
  envType: 'Global',
  envName: '',
  envPath: '',
  path: '/bin/python',
  architecture: 3,
  sysVersion: '3.12.3 (main, Nov  6 2024, 18:32:19) [GCC 13.2.0]',
  version: {
    raw: '3.12.3',
    major: 3,
    minor: 12,
    patch: 3,
    build: [],
    prerelease: [ 'final', '0' ]
  },
  displayName: 'Python 3.12.3 64-bit',
  detailedDisplayName: 'Python 3.12.3 64-bit',
  type: undefined
} /google/devshell/editor/code-oss-for-cloud-shell/extensions/ms-python.python/python_files/installed_check.py /home/cunping507/prospect-prediction/requirements.txt
2025-01-25 03:20:56.904 [info] > /bin/python /google/devshell/editor/code-oss-for-cloud-shell/extensions/ms-python.python/python_files/installed_check.py ./prospect-prediction/requirements.txt
2025-01-25 03:23:01.613 [info] Discover tests for workspace name: cunping507 - uri: /home/cunping507/prospect-prediction/utils/config.py
2025-01-25 03:23:13.292 [info] Discover tests for workspace name: cunping507 - uri: /home/cunping507/prospect-prediction/utils/config.py
2025-01-25 03:23:18.972 [info] Discover tests for workspace name: cunping507 - uri: /home/cunping507/prospect-prediction/utils/config.py
2025-01-25 03:23:23.725 [info] Discover tests for workspace name: cunping507 - uri: /home/cunping507/prospect-prediction/utils/config.py
2025-01-25 03:23:50.479 [info] Discover tests for workspace name: cunping507 - uri: /home/cunping507/prospect-prediction/utils/config.py
2025-01-25 03:23:52.292 [info] Discover tests for workspace name: cunping507 - uri: /home/cunping507/prospect-prediction/utils/config.py
2025-01-25 03:23:59.711 [info] Discover tests for workspace name: cunping507 - uri: /home/cunping507/prospect-prediction/utils/config.py
2025-01-25 03:31:14.434 [info] Discover tests for workspace name: cunping507 - uri: /home/cunping507/prospect-prediction/utils/help_function.py
2025-01-25 03:32:23.600 [info] Discover tests for workspace name: cunping507 - uri: /home/cunping507/prospect-prediction/utils/help_function.py
2025-01-25 03:32:28.454 [info] Discover tests for workspace name: cunping507 - uri: /home/cunping507/prospect-prediction/utils/help_function.py
2025-01-25 03:32:57.356 [info] Discover tests for workspace name: cunping507 - uri: /home/cunping507/prospect-prediction/utils/help_function.py
2025-01-25 03:35:11.388 [info] Discover tests for workspace name: cunping507 - uri: /home/cunping507/prospect-prediction/player_compariosn.py
2025-01-25 03:35:12.482 [info] Discover tests for workspace name: cunping507 - uri: /home/cunping507/prospect-prediction/player_compariosn.py
2025-01-25 03:35:27.904 [info] Discover tests for workspace name: cunping507 - uri: /home/cunping507/prospect-prediction/player_compariosn.py
2025-01-25 03:35:31.127 [info] Discover tests for workspace name: cunping507 - uri: /home/cunping507/prospect-prediction/player_compariosn.py
2025-01-25 03:35:36.487 [info] Discover tests for workspace name: cunping507 - uri: /home/cunping507/prospect-prediction/player_compariosn.py
2025-01-25 03:35:41.813 [info] Discover tests for workspace name: cunping507 - uri: /home/cunping507/prospect-prediction/player_compariosn.py
2025-01-25 03:36:13.138 [info] Discover tests for workspace name: cunping507 - uri: /home/cunping507/prospect-prediction/player_compariosn.py
2025-01-25 03:36:17.492 [info] Discover tests for workspace name: cunping507 - uri: /home/cunping507/prospect-prediction/player_compariosn.py
2025-01-25 03:36:19.309 [info] Discover tests for workspace name: cunping507 - uri: /home/cunping507/prospect-prediction/player_compariosn.py
2025-01-25 03:37:34.905 [info] Running installed packages checker:  {
  id: '/bin/python',
  sysPrefix: '/usr',
  envType: 'Global',
  envName: '',
  envPath: '',
  path: '/bin/python',
  architecture: 3,
  sysVersion: '3.12.3 (main, Nov  6 2024, 18:32:19) [GCC 13.2.0]',
  version: {
    raw: '3.12.3',
    major: 3,
    minor: 12,
    patch: 3,
    build: [],
    prerelease: [ 'final', '0' ]
  },
  displayName: 'Python 3.12.3 64-bit',
  detailedDisplayName: 'Python 3.12.3 64-bit',
  type: undefined
} /google/devshell/editor/code-oss-for-cloud-shell/extensions/ms-python.python/python_files/installed_check.py /home/cunping507/prospect-prediction/requirements.txt
2025-01-25 03:37:34.905 [info] > /bin/python /google/devshell/editor/code-oss-for-cloud-shell/extensions/ms-python.python/python_files/installed_check.py ./prospect-prediction/requirements.txt
2025-01-25 03:42:39.755 [info] Discover tests for workspace name: cunping507 - uri: /home/cunping507/prospect-prediction/model_predictions.py
2025-01-25 03:42:48.132 [info] Discover tests for workspace name: cunping507 - uri: /home/cunping507/prospect-prediction/model_predictions.py
2025-01-25 03:42:56.054 [info] Discover tests for workspace name: cunping507 - uri: /home/cunping507/prospect-prediction/model_predictions.py
2025-01-25 03:43:03.572 [info] Discover tests for workspace name: cunping507 - uri: /home/cunping507/prospect-prediction/model_predictions.py
2025-01-25 03:49:14.906 [info] Discover tests for workspace name: cunping507 - uri: /home/cunping507/prospect-prediction/search_injuries.py
2025-01-25 03:49:21.483 [info] Discover tests for workspace name: cunping507 - uri: /home/cunping507/prospect-prediction/search_injuries.py
2025-01-25 03:49:23.093 [info] Discover tests for workspace name: cunping507 - uri: /home/cunping507/prospect-prediction/search_injuries.py
2025-01-25 03:49:43.463 [info] Discover tests for workspace name: cunping507 - uri: /home/cunping507/prospect-prediction/search_injuries.py
2025-01-25 03:50:17.686 [info] Discover tests for workspace name: cunping507 - uri: /home/cunping507/prospect-prediction/search_injuries.py
2025-01-25 03:50:24.267 [info] Discover tests for workspace name: cunping507 - uri: /home/cunping507/prospect-prediction/search_injuries.py
2025-01-25 03:50:26.605 [info] Discover tests for workspace name: cunping507 - uri: /home/cunping507/prospect-prediction/search_injuries.py
2025-01-25 03:50:35.107 [info] Discover tests for workspace name: cunping507 - uri: /home/cunping507/prospect-prediction/search_injuries.py
2025-01-25 03:50:38.436 [info] Discover tests for workspace name: cunping507 - uri: /home/cunping507/prospect-prediction/search_injuries.py
2025-01-25 03:50:42.593 [info] Discover tests for workspace name: cunping507 - uri: /home/cunping507/prospect-prediction/search_injuries.py
2025-01-25 03:50:46.145 [info] Discover tests for workspace name: cunping507 - uri: /home/cunping507/prospect-prediction/search_injuries.py
2025-01-25 03:50:48.678 [info] Discover tests for workspace name: cunping507 - uri: /home/cunping507/prospect-prediction/search_injuries.py
2025-01-25 03:50:51.162 [info] Discover tests for workspace name: cunping507 - uri: /home/cunping507/prospect-prediction/search_injuries.py
2025-01-25 03:50:53.861 [info] Discover tests for workspace name: cunping507 - uri: /home/cunping507/prospect-prediction/search_injuries.py
2025-01-25 03:50:55.914 [info] Discover tests for workspace name: cunping507 - uri: /home/cunping507/prospect-prediction/search_injuries.py
2025-01-25 03:51:00.653 [info] Discover tests for workspace name: cunping507 - uri: /home/cunping507/prospect-prediction/search_injuries.py
2025-01-25 03:51:04.618 [info] Discover tests for workspace name: cunping507 - uri: /home/cunping507/prospect-prediction/search_injuries.py
2025-01-25 03:51:07.289 [info] Discover tests for workspace name: cunping507 - uri: /home/cunping507/prospect-prediction/search_injuries.py
2025-01-25 03:51:10.158 [info] Discover tests for workspace name: cunping507 - uri: /home/cunping507/prospect-prediction/search_injuries.py
2025-01-25 03:51:12.531 [info] Discover tests for workspace name: cunping507 - uri: /home/cunping507/prospect-prediction/search_injuries.py
2025-01-25 03:51:15.196 [info] Discover tests for workspace name: cunping507 - uri: /home/cunping507/prospect-prediction/search_injuries.py
2025-01-25 03:51:19.507 [info] Discover tests for workspace name: cunping507 - uri: /home/cunping507/prospect-prediction/search_injuries.py
2025-01-25 03:51:22.086 [info] Discover tests for workspace name: cunping507 - uri: /home/cunping507/prospect-prediction/search_injuries.py
2025-01-25 03:51:24.490 [info] Discover tests for workspace name: cunping507 - uri: /home/cunping507/prospect-prediction/search_injuries.py
2025-01-25 03:51:26.553 [info] Discover tests for workspace name: cunping507 - uri: /home/cunping507/prospect-prediction/search_injuries.py
2025-01-25 03:51:28.484 [info] Discover tests for workspace name: cunping507 - uri: /home/cunping507/prospect-prediction/search_injuries.py
2025-01-25 03:51:30.513 [info] Discover tests for workspace name: cunping507 - uri: /home/cunping507/prospect-prediction/search_injuries.py
2025-01-25 03:51:32.368 [info] Discover tests for workspace name: cunping507 - uri: /home/cunping507/prospect-prediction/search_injuries.py
2025-01-25 03:51:38.258 [info] Discover tests for workspace name: cunping507 - uri: /home/cunping507/prospect-prediction/search_injuries.py
2025-01-25 03:51:39.632 [info] Discover tests for workspace name: cunping507 - uri: /home/cunping507/prospect-prediction/search_injuries.py
2025-01-25 03:51:41.467 [info] Discover tests for workspace name: cunping507 - uri: /home/cunping507/prospect-prediction/search_injuries.py
2025-01-25 03:52:43.873 [info] Discover tests for workspace name: cunping507 - uri: /home/cunping507/prospect-prediction/utils/prompts.py
2025-01-25 03:52:55.073 [info] Discover tests for workspace name: cunping507 - uri: /home/cunping507/prospect-prediction/utils/prompts.py
2025-01-25 03:53:01.791 [info] Discover tests for workspace name: cunping507 - uri: /home/cunping507/prospect-prediction/utils/prompts.py
2025-01-25 03:53:04.082 [info] Discover tests for workspace name: cunping507 - uri: /home/cunping507/prospect-prediction/utils/prompts.py
2025-01-25 03:54:07.893 [info] Discover tests for workspace name: cunping507 - uri: /home/cunping507/prospect-prediction/utils/prompts.py
2025-01-25 03:54:14.025 [info] Discover tests for workspace name: cunping507 - uri: /home/cunping507/prospect-prediction/utils/prompts.py
2025-01-25 03:54:15.468 [info] Discover tests for workspace name: cunping507 - uri: /home/cunping507/prospect-prediction/utils/prompts.py
2025-01-25 03:56:12.463 [info] Discover tests for workspace name: cunping507 - uri: /home/cunping507/prospect-prediction/player_compariosn.py
2025-01-25 03:56:21.192 [info] Discover tests for workspace name: cunping507 - uri: /home/cunping507/prospect-prediction/player_compariosn.py
2025-01-25 03:56:30.522 [info] Discover tests for workspace name: cunping507 - uri: /home/cunping507/prospect-prediction/player_compariosn.py
2025-01-25 03:56:32.843 [info] Discover tests for workspace name: cunping507 - uri: /home/cunping507/prospect-prediction/player_compariosn.py
2025-01-25 03:56:45.133 [info] Discover tests for workspace name: cunping507 - uri: /home/cunping507/prospect-prediction/player_compariosn.py
2025-01-25 03:56:46.273 [info] Discover tests for workspace name: cunping507 - uri: /home/cunping507/prospect-prediction/player_compariosn.py
2025-01-25 03:58:03.456 [info] Discover tests for workspace name: cunping507 - uri: /home/cunping507/prospect-prediction/search_google.py
2025-01-25 03:58:20.636 [info] Discover tests for workspace name: cunping507 - uri: /home/cunping507/prospect-prediction/search_google.py
2025-01-25 03:58:22.304 [info] Discover tests for workspace name: cunping507 - uri: /home/cunping507/prospect-prediction/search_google.py
2025-01-25 03:58:26.641 [info] Discover tests for workspace name: cunping507 - uri: /home/cunping507/prospect-prediction/search_google.py
2025-01-25 03:58:50.667 [info] Discover tests for workspace name: cunping507 - uri: /home/cunping507/prospect-prediction/search_google.py
2025-01-25 03:58:54.555 [info] Discover tests for workspace name: cunping507 - uri: /home/cunping507/prospect-prediction/search_google.py
2025-01-25 03:58:59.685 [info] Discover tests for workspace name: cunping507 - uri: /home/cunping507/prospect-prediction/search_google.py
2025-01-25 03:59:22.891 [info] Discover tests for workspace name: cunping507 - uri: /home/cunping507/prospect-prediction/search_google.py
2025-01-25 04:00:09.055 [info] Discover tests for workspace name: cunping507 - uri: /home/cunping507/prospect-prediction/search_google.py
2025-01-25 04:00:10.526 [info] Discover tests for workspace name: cunping507 - uri: /home/cunping507/prospect-prediction/search_google.py
2025-01-25 04:00:13.993 [info] Discover tests for workspace name: cunping507 - uri: /home/cunping507/prospect-prediction/search_google.py
2025-01-25 04:00:19.962 [info] Discover tests for workspace name: cunping507 - uri: /home/cunping507/prospect-prediction/search_google.py
2025-01-25 04:00:24.502 [info] Discover tests for workspace name: cunping507 - uri: /home/cunping507/prospect-prediction/search_google.py
2025-01-25 04:00:27.701 [info] Discover tests for workspace name: cunping507 - uri: /home/cunping507/prospect-prediction/search_google.py
2025-01-25 04:02:02.571 [info] Discover tests for workspace name: cunping507 - uri: /home/cunping507/prospect-prediction/player_compariosn.py
2025-01-25 04:02:14.604 [info] Discover tests for workspace name: cunping507 - uri: /home/cunping507/prospect-prediction/player_compariosn.py
2025-01-25 04:02:32.982 [info] Discover tests for workspace name: cunping507 - uri: /home/cunping507/prospect-prediction/player_compariosn.py
2025-01-25 04:02:49.991 [info] Discover tests for workspace name: cunping507 - uri: /home/cunping507/prospect-prediction/player_compariosn.py
2025-01-25 04:03:29.940 [info] Discover tests for workspace name: cunping507 - uri: /home/cunping507/prospect-prediction/player_compariosn.py
2025-01-25 04:03:34.045 [info] Discover tests for workspace name: cunping507 - uri: /home/cunping507/prospect-prediction/player_compariosn.py
2025-01-25 04:03:37.796 [info] Discover tests for workspace name: cunping507 - uri: /home/cunping507/prospect-prediction/player_compariosn.py
2025-01-25 04:03:40.064 [info] Discover tests for workspace name: cunping507 - uri: /home/cunping507/prospect-prediction/player_compariosn.py
2025-01-25 04:03:56.577 [info] Discover tests for workspace name: cunping507 - uri: /home/cunping507/prospect-prediction/player_compariosn.py
2025-01-25 04:03:58.430 [info] Discover tests for workspace name: cunping507 - uri: /home/cunping507/prospect-prediction/player_compariosn.py
2025-01-25 04:04:00.526 [info] Discover tests for workspace name: cunping507 - uri: /home/cunping507/prospect-prediction/player_compariosn.py
2025-01-25 04:04:02.397 [info] Discover tests for workspace name: cunping507 - uri: /home/cunping507/prospect-prediction/player_compariosn.py
2025-01-25 04:05:35.463 [info] Discover tests for workspace name: cunping507 - uri: /home/cunping507/prospect-prediction/config.py
2025-01-25 04:09:26.016 [info] Discover tests for workspace name: cunping507 - uri: /home/cunping507/prospect-prediction/prompts.py
2025-01-25 04:13:39.873 [info] Discover tests for workspace name: cunping507 - uri: /home/cunping507/prospect-prediction/prompts.py
2025-01-25 04:15:07.870 [info] Discover tests for workspace name: cunping507 - uri: /home/cunping507/prospect-prediction/prompts.py
2025-01-25 04:15:23.011 [info] Discover tests for workspace name: cunping507 - uri: /home/cunping507/prospect-prediction/prompts.py
2025-01-25 04:15:24.509 [info] Discover tests for workspace name: cunping507 - uri: /home/cunping507/prospect-prediction/prompts.py
2025-01-25 04:15:33.560 [info] Discover tests for workspace name: cunping507 - uri: /home/cunping507/prospect-prediction/prompts.py
2025-01-25 04:15:41.744 [info] Discover tests for workspace name: cunping507 - uri: /home/cunping507/prospect-prediction/prompts.py
2025-01-25 04:15:43.758 [info] Discover tests for workspace name: cunping507 - uri: /home/cunping507/prospect-prediction/prompts.py
2025-01-25 04:15:56.461 [info] Discover tests for workspace name: cunping507 - uri: /home/cunping507/prospect-prediction/prompts.py
2025-01-25 04:17:51.137 [info] Discover tests for workspace name: cunping507 - uri: /home/cunping507/prospect-prediction/search_stats.py
2025-01-25 04:18:09.685 [info] Discover tests for workspace name: cunping507 - uri: /home/cunping507/prospect-prediction/search_stats.py
2025-01-25 04:18:52.873 [info] Discover tests for workspace name: cunping507 - uri: /home/cunping507/prospect-prediction/search_injuries.py
2025-01-25 04:18:57.032 [info] Discover tests for workspace name: cunping507 - uri: /home/cunping507/prospect-prediction/search_injuries.py
2025-01-25 04:18:58.993 [info] Discover tests for workspace name: cunping507 - uri: /home/cunping507/prospect-prediction/search_injuries.py
2025-01-25 04:19:01.254 [info] Discover tests for workspace name: cunping507 - uri: /home/cunping507/prospect-prediction/search_injuries.py
2025-01-25 04:20:04.355 [info] Discover tests for workspace name: cunping507 - uri: /home/cunping507/prospect-prediction/search_stats.py
2025-01-25 04:20:09.426 [info] Discover tests for workspace name: cunping507 - uri: /home/cunping507/prospect-prediction/search_stats.py
2025-01-25 04:20:10.976 [info] Discover tests for workspace name: cunping507 - uri: /home/cunping507/prospect-prediction/search_stats.py
2025-01-25 04:22:08.138 [info] Discover tests for workspace name: cunping507 - uri: /home/cunping507/prospect-prediction/utils/prompt.py
