2025-01-25 01:28:23.802 [info] Extension host with pid 1559 started
2025-01-25 01:28:23.802 [error] Error: EEXIST: file already exists, open '/home/cunping507/.codeoss/data/User/workspaceStorage/41a6c5bb/vscode.lock'
2025-01-25 01:28:23.806 [info] Lock '/home/cunping507/.codeoss/data/User/workspaceStorage/41a6c5bb/vscode.lock': Could not acquire lock, checking if the file is stale.
2025-01-25 01:28:23.817 [info] Lock '/home/cunping507/.codeoss/data/User/workspaceStorage/41a6c5bb/vscode.lock': The lock does not look stale, elapsed: 166 ms, giving up.
2025-01-25 01:28:23.818 [error] Error: EEXIST: file already exists, open '/home/cunping507/.codeoss/data/User/workspaceStorage/41a6c5bb-1/vscode.lock'
2025-01-25 01:28:23.819 [info] Lock '/home/cunping507/.codeoss/data/User/workspaceStorage/41a6c5bb-1/vscode.lock': Could not acquire lock, checking if the file is stale.
2025-01-25 01:28:23.820 [info] Lock '/home/cunping507/.codeoss/data/User/workspaceStorage/41a6c5bb-1/vscode.lock': The lock does not look stale, elapsed: 11 ms, giving up.
2025-01-25 01:28:23.830 [info] Lock '/home/cunping507/.codeoss/data/User/workspaceStorage/41a6c5bb-2/vscode.lock': Lock acquired.
2025-01-25 01:28:23.992 [info] ExtensionService#_doActivateExtension vscode.git-base, startup: true, activationEvent: '*', root cause: vscode.git
2025-01-25 01:28:24.186 [info] ExtensionService#_doActivateExtension vscode.git, startup: true, activationEvent: '*'
2025-01-25 01:28:24.187 [info] ExtensionService#_doActivateExtension vscode.github, startup: true, activationEvent: '*'
2025-01-25 01:28:24.456 [info] Eager extensions activated
2025-01-25 01:28:24.457 [info] ExtensionService#_doActivateExtension EditorConfig.EditorConfig, startup: false, activationEvent: 'onStartupFinished'
2025-01-25 01:28:24.457 [info] ExtensionService#_doActivateExtension google.cloud-shell, startup: false, activationEvent: 'onStartupFinished'
2025-01-25 01:28:24.458 [info] ExtensionService#_doActivateExtension google.geminicodeassist, startup: false, activationEvent: 'onStartupFinished', root cause: googlecloudtools.cloudcode
2025-01-25 01:28:24.459 [info] ExtensionService#_doActivateExtension vscode.debug-auto-launch, startup: false, activationEvent: 'onStartupFinished'
2025-01-25 01:28:24.459 [info] ExtensionService#_doActivateExtension vscode.merge-conflict, startup: false, activationEvent: 'onStartupFinished'
2025-01-25 01:28:25.779 [info] ExtensionService#_doActivateExtension vscode.emmet, startup: false, activationEvent: 'onLanguage'
2025-01-25 01:28:25.873 [info] ExtensionService#_doActivateExtension googlecloudtools.cloudcode, startup: false, activationEvent: 'onStartupFinished'
2025-01-25 01:28:27.973 [info] ExtensionService#_doActivateExtension vscode.configuration-editing, startup: false, activationEvent: 'onLanguage:jsonc'
2025-01-25 01:28:27.974 [info] ExtensionService#_doActivateExtension vscode.json-language-features, startup: false, activationEvent: 'onLanguage:jsonc'
2025-01-25 01:28:27.974 [info] ExtensionService#_doActivateExtension vscode.typescript-language-features, startup: false, activationEvent: 'onLanguage:jsonc'
2025-01-25 02:03:36.221 [info] ExtensionService#_doActivateExtension ms-python.python, startup: false, activationEvent: 'onLanguage:python'
2025-01-25 02:03:36.844 [error] Error: spawn /google/devshell/editor/code-oss-for-cloud-shell/extensions/ms-python.python/python-env-tools/bin/pet ENOENT
    at Process.ChildProcess._handle.onexit (node:internal/child_process:286:19)
    at onErrorNT (node:internal/child_process:484:16)
    at processTicksAndRejections (node:internal/process/task_queues:82:21)
