2025-01-25 03:02:13.199 [info] Extension host with pid 1196 started
2025-01-25 03:02:13.217 [info] Lock '/home/cunping507/.codeoss/data/User/workspaceStorage/41a6c5bb/vscode.lock': Lock acquired.
2025-01-25 03:02:13.469 [info] ExtensionService#_doActivateExtension vscode.emmet, startup: false, activationEvent: 'onLanguage'
2025-01-25 03:02:13.592 [info] ExtensionService#_doActivateExtension vscode.git-base, startup: true, activationEvent: '*', root cause: vscode.git
2025-01-25 03:02:13.681 [info] ExtensionService#_doActivateExtension vscode.git, startup: true, activationEvent: '*'
2025-01-25 03:02:13.681 [info] ExtensionService#_doActivateExtension vscode.github, startup: true, activationEvent: '*'
2025-01-25 03:02:14.064 [info] Eager extensions activated
2025-01-25 03:02:14.065 [info] ExtensionService#_doActivateExtension EditorConfig.EditorConfig, startup: false, activationEvent: 'onStartupFinished'
2025-01-25 03:02:14.065 [info] ExtensionService#_doActivateExtension google.cloud-shell, startup: false, activationEvent: 'onStartupFinished'
2025-01-25 03:02:14.066 [info] ExtensionService#_doActivateExtension google.geminicodeassist, startup: false, activationEvent: 'onStartupFinished', root cause: googlecloudtools.cloudcode
2025-01-25 03:02:14.066 [info] ExtensionService#_doActivateExtension vscode.debug-auto-launch, startup: false, activationEvent: 'onStartupFinished'
2025-01-25 03:02:14.067 [info] ExtensionService#_doActivateExtension vscode.merge-conflict, startup: false, activationEvent: 'onStartupFinished'
2025-01-25 03:02:16.226 [info] ExtensionService#_doActivateExtension googlecloudtools.cloudcode, startup: false, activationEvent: 'onStartupFinished'
2025-01-25 03:02:20.592 [info] ExtensionService#_doActivateExtension vscode.configuration-editing, startup: false, activationEvent: 'onLanguage:jsonc'
2025-01-25 03:02:20.593 [info] ExtensionService#_doActivateExtension vscode.json-language-features, startup: false, activationEvent: 'onLanguage:jsonc'
2025-01-25 03:02:20.593 [info] ExtensionService#_doActivateExtension vscode.typescript-language-features, startup: false, activationEvent: 'onLanguage:jsonc'
2025-01-25 03:02:22.812 [info] ExtensionService#_doActivateExtension ms-python.python, startup: false, activationEvent: 'onLanguage:python'
2025-01-25 03:02:23.705 [error] Error: spawn /google/devshell/editor/code-oss-for-cloud-shell/extensions/ms-python.python/python-env-tools/bin/pet ENOENT
    at Process.ChildProcess._handle.onexit (node:internal/child_process:286:19)
    at onErrorNT (node:internal/child_process:484:16)
    at processTicksAndRejections (node:internal/process/task_queues:82:21)
2025-01-25 03:12:30.422 [warning] [Decorations] CAPPING events from decorations provider vscode.git 306
2025-01-25 03:12:35.528 [warning] [Decorations] CAPPING events from decorations provider vscode.git 396
2025-01-25 03:12:43.382 [warning] [Decorations] CAPPING events from decorations provider vscode.git 576
2025-01-25 03:12:52.489 [warning] [Decorations] CAPPING events from decorations provider vscode.git 4860
