2025-01-25 03:02:20.417 [info] [main] Log level: Info
2025-01-25 03:02:20.417 [info] [main] Validating found git in: "git"
2025-01-25 03:02:20.417 [info] [main] Using git "2.43.0" from "git"
2025-01-25 03:02:20.417 [info] [Model][doInitialScan] Initial repository scan started
2025-01-25 03:02:20.417 [info] > git rev-parse --show-toplevel [54ms]
2025-01-25 03:02:20.417 [info] > git rev-parse --git-dir --git-common-dir [13ms]
2025-01-25 03:02:20.417 [info] [Model][openRepository] Opened repository: /home/cunping507
2025-01-25 03:02:20.433 [info] > git config --get commit.template [16ms]
2025-01-25 03:02:20.446 [info] [Git][getRemotes] No remotes found in the git config file
2025-01-25 03:02:20.447 [info] > git rev-parse --show-toplevel [18ms]
2025-01-25 03:02:20.459 [info] > git for-each-ref --format=%(refname)%00%(upstream:short)%00%(objectname)%00%(upstream:track)%00%(upstream:remotename)%00%(upstream:remoteref) refs/heads/main refs/remotes/main [14ms]
2025-01-25 03:02:20.460 [warning] [Git][getBranch] No such branch: main
2025-01-25 03:02:20.491 [info] > git rev-parse --show-toplevel [32ms]
2025-01-25 03:02:20.503 [info] > git for-each-ref --sort -committerdate --format %(refname) %(objectname) %(*objectname) [15ms]
2025-01-25 03:02:20.507 [info] > git rev-parse --show-toplevel [5ms]
2025-01-25 03:02:20.521 [info] > git rev-parse --show-toplevel [5ms]
2025-01-25 03:02:20.545 [info] > git status -z -uall [70ms]
2025-01-25 03:02:21.079 [info] > git for-each-ref --format=%(refname)%00%(upstream:short)%00%(objectname)%00%(upstream:track)%00%(upstream:remotename)%00%(upstream:remoteref) refs/heads/main refs/remotes/main [504ms]
2025-01-25 03:02:21.079 [warning] [Git][getBranch] No such branch: main
2025-01-25 03:02:21.080 [error] [GitHistoryProvider][resolveHEADMergeBase] Failed to resolve merge base for main: Error: No such branch: main.
2025-01-25 03:02:21.082 [info] > git rev-parse --show-toplevel [539ms]
2025-01-25 03:02:21.207 [info] > git config --get commit.template [158ms]
2025-01-25 03:02:21.231 [info] [Git][getRemotes] No remotes found in the git config file
2025-01-25 03:02:21.238 [info] > git rev-parse --show-toplevel [35ms]
2025-01-25 03:02:21.296 [info] > git for-each-ref --format=%(refname)%00%(upstream:short)%00%(objectname)%00%(upstream:track)%00%(upstream:remotename)%00%(upstream:remoteref) refs/heads/main refs/remotes/main [64ms]
2025-01-25 03:02:21.296 [warning] [Git][getBranch] No such branch: main
2025-01-25 03:02:21.472 [info] > git rev-parse --show-toplevel [195ms]
2025-01-25 03:02:21.472 [info] [Model][doInitialScan] Initial repository scan completed - repositories (1), closed repositories (0), parent repositories (0), unsafe repositories (0)
2025-01-25 03:02:21.479 [info] > git status -z -uall [174ms]
2025-01-25 03:02:21.482 [info] > git for-each-ref --sort -committerdate --format %(refname) %(objectname) %(*objectname) [160ms]
2025-01-25 03:02:21.987 [info] > git check-ignore -v -z --stdin [48ms]
2025-01-25 03:02:23.767 [info] > git show --textconv :prospect-prediction/config.py [218ms]
2025-01-25 03:02:23.768 [info] > git ls-files --stage -- /home/cunping507/prospect-prediction/config.py [190ms]
2025-01-25 03:02:27.778 [info] [Git][getRemotes] No remotes found in the git config file
2025-01-25 03:02:27.779 [info] > git config --get commit.template [60ms]
2025-01-25 03:02:27.792 [info] > git for-each-ref --format=%(refname)%00%(upstream:short)%00%(objectname)%00%(upstream:track)%00%(upstream:remotename)%00%(upstream:remoteref) refs/heads/main refs/remotes/main [14ms]
2025-01-25 03:02:27.793 [warning] [Git][getBranch] No such branch: main
2025-01-25 03:02:27.880 [info] > git for-each-ref --sort -committerdate --format %(refname) %(objectname) %(*objectname) [9ms]
2025-01-25 03:02:27.921 [info] > git status -z -uall [75ms]
2025-01-25 03:02:28.978 [info] > git show --textconv :prospect-prediction/diamondAI.py [33ms]
2025-01-25 03:02:28.981 [info] > git ls-files --stage -- /home/cunping507/prospect-prediction/diamondAI.py [4ms]
2025-01-25 03:02:32.971 [info] [Git][getRemotes] No remotes found in the git config file
2025-01-25 03:02:32.975 [info] > git config --get commit.template [16ms]
2025-01-25 03:02:32.977 [info] > git for-each-ref --format=%(refname)%00%(upstream:short)%00%(objectname)%00%(upstream:track)%00%(upstream:remotename)%00%(upstream:remoteref) refs/heads/main refs/remotes/main [6ms]
2025-01-25 03:02:32.978 [warning] [Git][getBranch] No such branch: main
2025-01-25 03:02:33.018 [info] > git status -z -uall [25ms]
2025-01-25 03:02:33.023 [info] > git for-each-ref --sort -committerdate --format %(refname) %(objectname) %(*objectname) [10ms]
2025-01-25 03:02:38.047 [info] [Git][getRemotes] No remotes found in the git config file
2025-01-25 03:02:38.049 [info] > git config --get commit.template [12ms]
2025-01-25 03:02:38.050 [info] > git for-each-ref --format=%(refname)%00%(upstream:short)%00%(objectname)%00%(upstream:track)%00%(upstream:remotename)%00%(upstream:remoteref) refs/heads/main refs/remotes/main [3ms]
2025-01-25 03:02:38.050 [warning] [Git][getBranch] No such branch: main
2025-01-25 03:02:38.071 [info] > git status -z -uall [14ms]
2025-01-25 03:02:38.072 [info] > git for-each-ref --sort -committerdate --format %(refname) %(objectname) %(*objectname) [6ms]
2025-01-25 03:03:07.635 [info] [Git][getRemotes] No remotes found in the git config file
2025-01-25 03:03:07.636 [info] > git config --get commit.template [10ms]
2025-01-25 03:03:07.637 [info] > git for-each-ref --format=%(refname)%00%(upstream:short)%00%(objectname)%00%(upstream:track)%00%(upstream:remotename)%00%(upstream:remoteref) refs/heads/main refs/remotes/main [2ms]
2025-01-25 03:03:07.637 [warning] [Git][getBranch] No such branch: main
2025-01-25 03:03:07.659 [info] > git status -z -uall [15ms]
2025-01-25 03:03:07.659 [info] > git for-each-ref --sort -committerdate --format %(refname) %(objectname) %(*objectname) [5ms]
2025-01-25 03:03:12.680 [info] [Git][getRemotes] No remotes found in the git config file
2025-01-25 03:03:12.681 [info] > git config --get commit.template [9ms]
2025-01-25 03:03:12.682 [info] > git for-each-ref --format=%(refname)%00%(upstream:short)%00%(objectname)%00%(upstream:track)%00%(upstream:remotename)%00%(upstream:remoteref) refs/heads/main refs/remotes/main [2ms]
2025-01-25 03:03:12.682 [warning] [Git][getBranch] No such branch: main
2025-01-25 03:03:12.710 [info] > git for-each-ref --sort -committerdate --format %(refname) %(objectname) %(*objectname) [12ms]
2025-01-25 03:03:12.745 [info] > git status -z -uall [56ms]
2025-01-25 03:03:17.762 [info] [Git][getRemotes] No remotes found in the git config file
2025-01-25 03:03:17.772 [info] > git config --get commit.template [10ms]
2025-01-25 03:03:17.772 [info] > git for-each-ref --format=%(refname)%00%(upstream:short)%00%(objectname)%00%(upstream:track)%00%(upstream:remotename)%00%(upstream:remoteref) refs/heads/main refs/remotes/main [2ms]
2025-01-25 03:03:17.772 [warning] [Git][getBranch] No such branch: main
2025-01-25 03:03:17.794 [info] > git status -z -uall [15ms]
2025-01-25 03:03:17.797 [info] > git for-each-ref --sort -committerdate --format %(refname) %(objectname) %(*objectname) [8ms]
2025-01-25 03:03:18.902 [info] > git check-ignore -v -z --stdin [3ms]
2025-01-25 03:03:19.003 [info] > git show --textconv :prospect-prediction/tools.py [10ms]
2025-01-25 03:03:19.005 [info] > git ls-files --stage -- /home/cunping507/prospect-prediction/tools.py [3ms]
2025-01-25 03:03:23.694 [info] [Git][getRemotes] No remotes found in the git config file
2025-01-25 03:03:23.695 [info] > git config --get commit.template [10ms]
2025-01-25 03:03:23.697 [info] > git for-each-ref --format=%(refname)%00%(upstream:short)%00%(objectname)%00%(upstream:track)%00%(upstream:remotename)%00%(upstream:remoteref) refs/heads/main refs/remotes/main [3ms]
2025-01-25 03:03:23.697 [warning] [Git][getBranch] No such branch: main
2025-01-25 03:03:23.718 [info] > git status -z -uall [14ms]
2025-01-25 03:03:23.719 [info] > git for-each-ref --sort -committerdate --format %(refname) %(objectname) %(*objectname) [5ms]
2025-01-25 03:03:28.739 [info] [Git][getRemotes] No remotes found in the git config file
2025-01-25 03:03:28.741 [info] > git config --get commit.template [9ms]
2025-01-25 03:03:28.741 [info] > git for-each-ref --format=%(refname)%00%(upstream:short)%00%(objectname)%00%(upstream:track)%00%(upstream:remotename)%00%(upstream:remoteref) refs/heads/main refs/remotes/main [2ms]
2025-01-25 03:03:28.741 [warning] [Git][getBranch] No such branch: main
2025-01-25 03:03:28.763 [info] > git status -z -uall [14ms]
2025-01-25 03:03:28.763 [info] > git for-each-ref --sort -committerdate --format %(refname) %(objectname) %(*objectname) [5ms]
2025-01-25 03:03:33.777 [info] [Git][getRemotes] No remotes found in the git config file
2025-01-25 03:03:33.785 [info] > git config --get commit.template [9ms]
2025-01-25 03:03:33.786 [info] > git for-each-ref --format=%(refname)%00%(upstream:short)%00%(objectname)%00%(upstream:track)%00%(upstream:remotename)%00%(upstream:remoteref) refs/heads/main refs/remotes/main [2ms]
2025-01-25 03:03:33.786 [warning] [Git][getBranch] No such branch: main
2025-01-25 03:03:33.807 [info] > git status -z -uall [14ms]
2025-01-25 03:03:33.807 [info] > git for-each-ref --sort -committerdate --format %(refname) %(objectname) %(*objectname) [4ms]
2025-01-25 03:03:38.827 [info] [Git][getRemotes] No remotes found in the git config file
2025-01-25 03:03:38.828 [info] > git config --get commit.template [9ms]
2025-01-25 03:03:38.829 [info] > git for-each-ref --format=%(refname)%00%(upstream:short)%00%(objectname)%00%(upstream:track)%00%(upstream:remotename)%00%(upstream:remoteref) refs/heads/main refs/remotes/main [2ms]
2025-01-25 03:03:38.830 [warning] [Git][getBranch] No such branch: main
2025-01-25 03:03:38.850 [info] > git status -z -uall [14ms]
2025-01-25 03:03:38.851 [info] > git for-each-ref --sort -committerdate --format %(refname) %(objectname) %(*objectname) [5ms]
2025-01-25 03:03:42.660 [info] > git check-ignore -v -z --stdin [3ms]
2025-01-25 03:03:43.876 [info] [Git][getRemotes] No remotes found in the git config file
2025-01-25 03:03:43.877 [info] > git config --get commit.template [11ms]
2025-01-25 03:03:43.879 [info] > git for-each-ref --format=%(refname)%00%(upstream:short)%00%(objectname)%00%(upstream:track)%00%(upstream:remotename)%00%(upstream:remoteref) refs/heads/main refs/remotes/main [4ms]
2025-01-25 03:03:43.879 [warning] [Git][getBranch] No such branch: main
2025-01-25 03:03:43.903 [info] > git status -z -uall [16ms]
2025-01-25 03:03:43.905 [info] > git for-each-ref --sort -committerdate --format %(refname) %(objectname) %(*objectname) [6ms]
2025-01-25 03:03:48.925 [info] [Git][getRemotes] No remotes found in the git config file
2025-01-25 03:03:48.926 [info] > git config --get commit.template [9ms]
2025-01-25 03:03:48.928 [info] > git for-each-ref --format=%(refname)%00%(upstream:short)%00%(objectname)%00%(upstream:track)%00%(upstream:remotename)%00%(upstream:remoteref) refs/heads/main refs/remotes/main [3ms]
2025-01-25 03:03:48.928 [warning] [Git][getBranch] No such branch: main
2025-01-25 03:03:48.948 [info] > git for-each-ref --sort -committerdate --format %(refname) %(objectname) %(*objectname) [3ms]
2025-01-25 03:03:48.950 [info] > git status -z -uall [15ms]
2025-01-25 03:03:49.747 [info] > git check-ignore -v -z --stdin [3ms]
2025-01-25 03:03:53.970 [info] [Git][getRemotes] No remotes found in the git config file
2025-01-25 03:03:53.971 [info] > git config --get commit.template [10ms]
2025-01-25 03:03:53.973 [info] > git for-each-ref --format=%(refname)%00%(upstream:short)%00%(objectname)%00%(upstream:track)%00%(upstream:remotename)%00%(upstream:remoteref) refs/heads/main refs/remotes/main [4ms]
2025-01-25 03:03:53.973 [warning] [Git][getBranch] No such branch: main
2025-01-25 03:03:53.994 [info] > git status -z -uall [13ms]
2025-01-25 03:03:53.994 [info] > git for-each-ref --sort -committerdate --format %(refname) %(objectname) %(*objectname) [5ms]
2025-01-25 03:03:59.014 [info] [Git][getRemotes] No remotes found in the git config file
2025-01-25 03:03:59.017 [info] > git for-each-ref --format=%(refname)%00%(upstream:short)%00%(objectname)%00%(upstream:track)%00%(upstream:remotename)%00%(upstream:remoteref) refs/heads/main refs/remotes/main [3ms]
2025-01-25 03:03:59.017 [warning] [Git][getBranch] No such branch: main
2025-01-25 03:03:59.017 [info] > git config --get commit.template [11ms]
2025-01-25 03:03:59.039 [info] > git for-each-ref --sort -committerdate --format %(refname) %(objectname) %(*objectname) [5ms]
2025-01-25 03:03:59.046 [info] > git status -z -uall [22ms]
2025-01-25 03:04:04.072 [info] > git config --get commit.template [3ms]
2025-01-25 03:04:04.080 [info] [Git][getRemotes] No remotes found in the git config file
2025-01-25 03:04:04.081 [info] > git for-each-ref --format=%(refname)%00%(upstream:short)%00%(objectname)%00%(upstream:track)%00%(upstream:remotename)%00%(upstream:remoteref) refs/heads/main refs/remotes/main [2ms]
2025-01-25 03:04:04.082 [warning] [Git][getBranch] No such branch: main
2025-01-25 03:04:04.103 [info] > git status -z -uall [15ms]
2025-01-25 03:04:04.105 [info] > git for-each-ref --sort -committerdate --format %(refname) %(objectname) %(*objectname) [7ms]
2025-01-25 03:04:09.120 [info] > git config --get commit.template [2ms]
2025-01-25 03:04:09.130 [info] [Git][getRemotes] No remotes found in the git config file
2025-01-25 03:04:09.131 [info] > git for-each-ref --format=%(refname)%00%(upstream:short)%00%(objectname)%00%(upstream:track)%00%(upstream:remotename)%00%(upstream:remoteref) refs/heads/main refs/remotes/main [2ms]
2025-01-25 03:04:09.131 [warning] [Git][getBranch] No such branch: main
2025-01-25 03:04:09.152 [info] > git status -z -uall [14ms]
2025-01-25 03:04:09.154 [info] > git for-each-ref --sort -committerdate --format %(refname) %(objectname) %(*objectname) [4ms]
2025-01-25 03:04:14.169 [info] > git config --get commit.template [2ms]
2025-01-25 03:04:14.177 [info] [Git][getRemotes] No remotes found in the git config file
2025-01-25 03:04:14.178 [info] > git for-each-ref --format=%(refname)%00%(upstream:short)%00%(objectname)%00%(upstream:track)%00%(upstream:remotename)%00%(upstream:remoteref) refs/heads/main refs/remotes/main [2ms]
2025-01-25 03:04:14.179 [warning] [Git][getBranch] No such branch: main
2025-01-25 03:04:14.200 [info] > git status -z -uall [14ms]
2025-01-25 03:04:14.201 [info] > git for-each-ref --sort -committerdate --format %(refname) %(objectname) %(*objectname) [5ms]
2025-01-25 03:04:19.221 [info] [Git][getRemotes] No remotes found in the git config file
2025-01-25 03:04:19.222 [info] > git config --get commit.template [10ms]
2025-01-25 03:04:19.224 [info] > git for-each-ref --format=%(refname)%00%(upstream:short)%00%(objectname)%00%(upstream:track)%00%(upstream:remotename)%00%(upstream:remoteref) refs/heads/main refs/remotes/main [2ms]
2025-01-25 03:04:19.224 [warning] [Git][getBranch] No such branch: main
2025-01-25 03:04:19.245 [info] > git for-each-ref --sort -committerdate --format %(refname) %(objectname) %(*objectname) [3ms]
2025-01-25 03:04:19.246 [info] > git status -z -uall [14ms]
2025-01-25 03:04:24.267 [info] [Git][getRemotes] No remotes found in the git config file
2025-01-25 03:04:24.268 [info] > git config --get commit.template [10ms]
2025-01-25 03:04:24.270 [info] > git for-each-ref --format=%(refname)%00%(upstream:short)%00%(objectname)%00%(upstream:track)%00%(upstream:remotename)%00%(upstream:remoteref) refs/heads/main refs/remotes/main [4ms]
2025-01-25 03:04:24.270 [warning] [Git][getBranch] No such branch: main
2025-01-25 03:04:24.292 [info] > git status -z -uall [15ms]
2025-01-25 03:04:24.293 [info] > git for-each-ref --sort -committerdate --format %(refname) %(objectname) %(*objectname) [4ms]
2025-01-25 03:04:29.313 [info] [Git][getRemotes] No remotes found in the git config file
2025-01-25 03:04:29.314 [info] > git config --get commit.template [9ms]
2025-01-25 03:04:29.316 [info] > git for-each-ref --format=%(refname)%00%(upstream:short)%00%(objectname)%00%(upstream:track)%00%(upstream:remotename)%00%(upstream:remoteref) refs/heads/main refs/remotes/main [4ms]
2025-01-25 03:04:29.316 [warning] [Git][getBranch] No such branch: main
2025-01-25 03:04:29.338 [info] > git status -z -uall [15ms]
2025-01-25 03:04:29.339 [info] > git for-each-ref --sort -committerdate --format %(refname) %(objectname) %(*objectname) [5ms]
2025-01-25 03:04:34.360 [info] [Git][getRemotes] No remotes found in the git config file
2025-01-25 03:04:34.361 [info] > git config --get commit.template [10ms]
2025-01-25 03:04:34.362 [info] > git for-each-ref --format=%(refname)%00%(upstream:short)%00%(objectname)%00%(upstream:track)%00%(upstream:remotename)%00%(upstream:remoteref) refs/heads/main refs/remotes/main [2ms]
2025-01-25 03:04:34.362 [warning] [Git][getBranch] No such branch: main
2025-01-25 03:04:34.383 [info] > git for-each-ref --sort -committerdate --format %(refname) %(objectname) %(*objectname) [4ms]
2025-01-25 03:04:34.384 [info] > git status -z -uall [15ms]
2025-01-25 03:04:39.304 [info] > git show --textconv :prospect-prediction/utils/search_stats.py [11ms]
2025-01-25 03:04:39.306 [info] > git ls-files --stage -- /home/cunping507/prospect-prediction/utils/search_stats.py [5ms]
2025-01-25 03:04:39.401 [info] > git check-ignore -v -z --stdin [13ms]
2025-01-25 03:04:39.402 [info] > git config --get commit.template [4ms]
2025-01-25 03:04:39.410 [info] [Git][getRemotes] No remotes found in the git config file
2025-01-25 03:04:39.413 [info] > git for-each-ref --format=%(refname)%00%(upstream:short)%00%(objectname)%00%(upstream:track)%00%(upstream:remotename)%00%(upstream:remoteref) refs/heads/main refs/remotes/main [3ms]
2025-01-25 03:04:39.413 [warning] [Git][getBranch] No such branch: main
2025-01-25 03:04:39.436 [info] > git status -z -uall [15ms]
2025-01-25 03:04:39.436 [info] > git for-each-ref --sort -committerdate --format %(refname) %(objectname) %(*objectname) [5ms]
2025-01-25 03:04:44.457 [info] [Git][getRemotes] No remotes found in the git config file
2025-01-25 03:04:44.458 [info] > git config --get commit.template [9ms]
2025-01-25 03:04:44.459 [info] > git for-each-ref --format=%(refname)%00%(upstream:short)%00%(objectname)%00%(upstream:track)%00%(upstream:remotename)%00%(upstream:remoteref) refs/heads/main refs/remotes/main [3ms]
2025-01-25 03:04:44.459 [warning] [Git][getBranch] No such branch: main
2025-01-25 03:04:44.480 [info] > git for-each-ref --sort -committerdate --format %(refname) %(objectname) %(*objectname) [4ms]
2025-01-25 03:04:44.481 [info] > git status -z -uall [16ms]
2025-01-25 03:05:43.926 [info] [Git][getRemotes] No remotes found in the git config file
2025-01-25 03:05:43.927 [info] > git config --get commit.template [10ms]
2025-01-25 03:05:43.928 [info] > git for-each-ref --format=%(refname)%00%(upstream:short)%00%(objectname)%00%(upstream:track)%00%(upstream:remotename)%00%(upstream:remoteref) refs/heads/main refs/remotes/main [2ms]
2025-01-25 03:05:43.928 [warning] [Git][getBranch] No such branch: main
2025-01-25 03:05:43.950 [info] > git status -z -uall [15ms]
2025-01-25 03:05:43.950 [info] > git for-each-ref --sort -committerdate --format %(refname) %(objectname) %(*objectname) [4ms]
2025-01-25 03:08:26.057 [info] [Git][getRemotes] No remotes found in the git config file
2025-01-25 03:08:26.058 [info] > git config --get commit.template [10ms]
2025-01-25 03:08:26.059 [info] > git for-each-ref --format=%(refname)%00%(upstream:short)%00%(objectname)%00%(upstream:track)%00%(upstream:remotename)%00%(upstream:remoteref) refs/heads/main refs/remotes/main [2ms]
2025-01-25 03:08:26.059 [warning] [Git][getBranch] No such branch: main
2025-01-25 03:08:26.084 [info] > git for-each-ref --sort -committerdate --format %(refname) %(objectname) %(*objectname) [4ms]
2025-01-25 03:08:26.085 [info] > git status -z -uall [19ms]
2025-01-25 03:11:19.687 [info] [Git][getRemotes] No remotes found in the git config file
2025-01-25 03:11:19.688 [info] > git for-each-ref --format=%(refname)%00%(upstream:short)%00%(objectname)%00%(upstream:track)%00%(upstream:remotename)%00%(upstream:remoteref) refs/heads/main refs/remotes/main [3ms]
2025-01-25 03:11:19.688 [warning] [Git][getBranch] No such branch: main
2025-01-25 03:11:19.689 [info] > git config --get commit.template [11ms]
2025-01-25 03:11:19.711 [info] > git for-each-ref --sort -committerdate --format %(refname) %(objectname) %(*objectname) [5ms]
2025-01-25 03:11:19.712 [info] > git status -z -uall [16ms]
2025-01-25 03:11:24.732 [info] [Git][getRemotes] No remotes found in the git config file
2025-01-25 03:11:24.734 [info] > git config --get commit.template [9ms]
2025-01-25 03:11:24.736 [info] > git for-each-ref --format=%(refname)%00%(upstream:short)%00%(objectname)%00%(upstream:track)%00%(upstream:remotename)%00%(upstream:remoteref) refs/heads/main refs/remotes/main [4ms]
2025-01-25 03:11:24.736 [warning] [Git][getBranch] No such branch: main
2025-01-25 03:11:24.758 [info] > git status -z -uall [14ms]
2025-01-25 03:11:24.758 [info] > git for-each-ref --sort -committerdate --format %(refname) %(objectname) %(*objectname) [4ms]
2025-01-25 03:11:29.771 [info] [Git][getRemotes] No remotes found in the git config file
2025-01-25 03:11:29.779 [info] > git config --get commit.template [9ms]
2025-01-25 03:11:29.781 [info] > git for-each-ref --format=%(refname)%00%(upstream:short)%00%(objectname)%00%(upstream:track)%00%(upstream:remotename)%00%(upstream:remoteref) refs/heads/main refs/remotes/main [2ms]
2025-01-25 03:11:29.781 [warning] [Git][getBranch] No such branch: main
2025-01-25 03:11:29.802 [info] > git for-each-ref --sort -committerdate --format %(refname) %(objectname) %(*objectname) [4ms]
2025-01-25 03:11:29.803 [info] > git status -z -uall [15ms]
2025-01-25 03:11:34.822 [info] [Git][getRemotes] No remotes found in the git config file
2025-01-25 03:11:34.823 [info] > git config --get commit.template [9ms]
2025-01-25 03:11:34.824 [info] > git for-each-ref --format=%(refname)%00%(upstream:short)%00%(objectname)%00%(upstream:track)%00%(upstream:remotename)%00%(upstream:remoteref) refs/heads/main refs/remotes/main [3ms]
2025-01-25 03:11:34.824 [warning] [Git][getBranch] No such branch: main
2025-01-25 03:11:34.846 [info] > git status -z -uall [14ms]
2025-01-25 03:11:34.848 [info] > git for-each-ref --sort -committerdate --format %(refname) %(objectname) %(*objectname) [6ms]
2025-01-25 03:11:38.191 [info] > git show --textconv :prospect-prediction/requirements.txt [9ms]
2025-01-25 03:11:38.192 [info] > git ls-files --stage -- /home/cunping507/prospect-prediction/requirements.txt [2ms]
2025-01-25 03:11:38.276 [info] > git check-ignore -v -z --stdin [2ms]
2025-01-25 03:11:39.867 [info] [Git][getRemotes] No remotes found in the git config file
2025-01-25 03:11:39.868 [info] > git config --get commit.template [8ms]
2025-01-25 03:11:39.868 [info] > git for-each-ref --format=%(refname)%00%(upstream:short)%00%(objectname)%00%(upstream:track)%00%(upstream:remotename)%00%(upstream:remoteref) refs/heads/main refs/remotes/main [2ms]
2025-01-25 03:11:39.868 [warning] [Git][getBranch] No such branch: main
2025-01-25 03:11:39.889 [info] > git status -z -uall [14ms]
2025-01-25 03:11:39.889 [info] > git for-each-ref --sort -committerdate --format %(refname) %(objectname) %(*objectname) [4ms]
2025-01-25 03:11:44.908 [info] [Git][getRemotes] No remotes found in the git config file
2025-01-25 03:11:44.909 [info] > git config --get commit.template [9ms]
2025-01-25 03:11:44.910 [info] > git for-each-ref --format=%(refname)%00%(upstream:short)%00%(objectname)%00%(upstream:track)%00%(upstream:remotename)%00%(upstream:remoteref) refs/heads/main refs/remotes/main [2ms]
2025-01-25 03:11:44.910 [warning] [Git][getBranch] No such branch: main
2025-01-25 03:11:44.931 [info] > git status -z -uall [14ms]
2025-01-25 03:11:44.933 [info] > git for-each-ref --sort -committerdate --format %(refname) %(objectname) %(*objectname) [6ms]
2025-01-25 03:11:49.952 [info] [Git][getRemotes] No remotes found in the git config file
2025-01-25 03:11:49.954 [info] > git config --get commit.template [8ms]
2025-01-25 03:11:49.954 [info] > git for-each-ref --format=%(refname)%00%(upstream:short)%00%(objectname)%00%(upstream:track)%00%(upstream:remotename)%00%(upstream:remoteref) refs/heads/main refs/remotes/main [2ms]
2025-01-25 03:11:49.954 [warning] [Git][getBranch] No such branch: main
2025-01-25 03:11:49.975 [info] > git status -z -uall [14ms]
2025-01-25 03:11:49.976 [info] > git for-each-ref --sort -committerdate --format %(refname) %(objectname) %(*objectname) [5ms]
2025-01-25 03:11:54.997 [info] [Git][getRemotes] No remotes found in the git config file
2025-01-25 03:11:54.998 [info] > git config --get commit.template [9ms]
2025-01-25 03:11:54.999 [info] > git for-each-ref --format=%(refname)%00%(upstream:short)%00%(objectname)%00%(upstream:track)%00%(upstream:remotename)%00%(upstream:remoteref) refs/heads/main refs/remotes/main [2ms]
2025-01-25 03:11:54.999 [warning] [Git][getBranch] No such branch: main
2025-01-25 03:11:55.020 [info] > git status -z -uall [14ms]
2025-01-25 03:11:55.022 [info] > git for-each-ref --sort -committerdate --format %(refname) %(objectname) %(*objectname) [6ms]
2025-01-25 03:12:00.041 [info] [Git][getRemotes] No remotes found in the git config file
2025-01-25 03:12:00.042 [info] > git config --get commit.template [10ms]
2025-01-25 03:12:00.043 [info] > git for-each-ref --format=%(refname)%00%(upstream:short)%00%(objectname)%00%(upstream:track)%00%(upstream:remotename)%00%(upstream:remoteref) refs/heads/main refs/remotes/main [2ms]
2025-01-25 03:12:00.043 [warning] [Git][getBranch] No such branch: main
2025-01-25 03:12:00.065 [info] > git for-each-ref --sort -committerdate --format %(refname) %(objectname) %(*objectname) [4ms]
2025-01-25 03:12:00.066 [info] > git status -z -uall [15ms]
2025-01-25 03:12:05.081 [info] [Git][getRemotes] No remotes found in the git config file
2025-01-25 03:12:05.091 [info] > git config --get commit.template [10ms]
2025-01-25 03:12:05.091 [info] > git for-each-ref --format=%(refname)%00%(upstream:short)%00%(objectname)%00%(upstream:track)%00%(upstream:remotename)%00%(upstream:remoteref) refs/heads/main refs/remotes/main [3ms]
2025-01-25 03:12:05.091 [warning] [Git][getBranch] No such branch: main
2025-01-25 03:12:05.112 [info] > git status -z -uall [14ms]
2025-01-25 03:12:05.112 [info] > git for-each-ref --sort -committerdate --format %(refname) %(objectname) %(*objectname) [4ms]
2025-01-25 03:12:10.130 [info] [Git][getRemotes] No remotes found in the git config file
2025-01-25 03:12:10.131 [info] > git config --get commit.template [9ms]
2025-01-25 03:12:10.132 [info] > git for-each-ref --format=%(refname)%00%(upstream:short)%00%(objectname)%00%(upstream:track)%00%(upstream:remotename)%00%(upstream:remoteref) refs/heads/main refs/remotes/main [2ms]
2025-01-25 03:12:10.132 [warning] [Git][getBranch] No such branch: main
2025-01-25 03:12:10.152 [info] > git for-each-ref --sort -committerdate --format %(refname) %(objectname) %(*objectname) [4ms]
2025-01-25 03:12:10.153 [info] > git status -z -uall [14ms]
2025-01-25 03:12:15.168 [info] > git config --get commit.template [4ms]
2025-01-25 03:12:15.177 [info] [Git][getRemotes] No remotes found in the git config file
2025-01-25 03:12:15.179 [info] > git for-each-ref --format=%(refname)%00%(upstream:short)%00%(objectname)%00%(upstream:track)%00%(upstream:remotename)%00%(upstream:remoteref) refs/heads/main refs/remotes/main [2ms]
2025-01-25 03:12:15.179 [warning] [Git][getBranch] No such branch: main
2025-01-25 03:12:15.202 [info] > git status -z -uall [15ms]
2025-01-25 03:12:15.203 [info] > git for-each-ref --sort -committerdate --format %(refname) %(objectname) %(*objectname) [6ms]
2025-01-25 03:12:20.218 [info] > git config --get commit.template [2ms]
2025-01-25 03:12:20.228 [info] [Git][getRemotes] No remotes found in the git config file
2025-01-25 03:12:20.229 [info] > git for-each-ref --format=%(refname)%00%(upstream:short)%00%(objectname)%00%(upstream:track)%00%(upstream:remotename)%00%(upstream:remoteref) refs/heads/main refs/remotes/main [1ms]
2025-01-25 03:12:20.229 [warning] [Git][getBranch] No such branch: main
2025-01-25 03:12:20.258 [info] > git status -z -uall [21ms]
2025-01-25 03:12:20.259 [info] > git for-each-ref --sort -committerdate --format %(refname) %(objectname) %(*objectname) [5ms]
2025-01-25 03:12:25.286 [info] [Git][getRemotes] No remotes found in the git config file
2025-01-25 03:12:25.287 [info] > git config --get commit.template [14ms]
2025-01-25 03:12:25.290 [info] > git for-each-ref --format=%(refname)%00%(upstream:short)%00%(objectname)%00%(upstream:track)%00%(upstream:remotename)%00%(upstream:remoteref) refs/heads/main refs/remotes/main [4ms]
2025-01-25 03:12:25.290 [warning] [Git][getBranch] No such branch: main
2025-01-25 03:12:25.319 [info] > git for-each-ref --sort -committerdate --format %(refname) %(objectname) %(*objectname) [3ms]
2025-01-25 03:12:25.330 [info] > git status -z -uall [32ms]
2025-01-25 03:12:30.357 [info] [Git][getRemotes] No remotes found in the git config file
2025-01-25 03:12:30.358 [info] > git config --get commit.template [10ms]
2025-01-25 03:12:30.361 [info] > git for-each-ref --format=%(refname)%00%(upstream:short)%00%(objectname)%00%(upstream:track)%00%(upstream:remotename)%00%(upstream:remoteref) refs/heads/main refs/remotes/main [4ms]
2025-01-25 03:12:30.361 [warning] [Git][getBranch] No such branch: main
2025-01-25 03:12:30.399 [info] > git for-each-ref --sort -committerdate --format %(refname) %(objectname) %(*objectname) [11ms]
2025-01-25 03:12:30.415 [info] > git status -z -uall [45ms]
2025-01-25 03:12:35.461 [info] [Git][getRemotes] No remotes found in the git config file
2025-01-25 03:12:35.462 [info] > git config --get commit.template [13ms]
2025-01-25 03:12:35.465 [info] > git for-each-ref --format=%(refname)%00%(upstream:short)%00%(objectname)%00%(upstream:track)%00%(upstream:remotename)%00%(upstream:remoteref) refs/heads/main refs/remotes/main [4ms]
2025-01-25 03:12:35.465 [warning] [Git][getBranch] No such branch: main
2025-01-25 03:12:35.499 [info] > git for-each-ref --sort -committerdate --format %(refname) %(objectname) %(*objectname) [8ms]
2025-01-25 03:12:35.521 [info] > git status -z -uall [47ms]
2025-01-25 03:12:43.296 [info] [Git][getRemotes] No remotes found in the git config file
2025-01-25 03:12:43.297 [info] > git config --get commit.template [14ms]
2025-01-25 03:12:43.301 [info] > git for-each-ref --format=%(refname)%00%(upstream:short)%00%(objectname)%00%(upstream:track)%00%(upstream:remotename)%00%(upstream:remoteref) refs/heads/main refs/remotes/main [4ms]
2025-01-25 03:12:43.301 [warning] [Git][getBranch] No such branch: main
2025-01-25 03:12:43.335 [info] > git for-each-ref --sort -committerdate --format %(refname) %(objectname) %(*objectname) [5ms]
2025-01-25 03:12:43.370 [info] > git status -z -uall [60ms]
2025-01-25 03:12:48.121 [info] > git show --textconv :prospect-prediction/tools.py [18ms]
2025-01-25 03:12:48.131 [info] > git ls-files --stage -- /home/cunping507/prospect-prediction/tools.py [12ms]
2025-01-25 03:12:52.280 [info] [Git][getRemotes] No remotes found in the git config file
2025-01-25 03:12:52.281 [info] > git config --get commit.template [14ms]
2025-01-25 03:12:52.284 [info] > git for-each-ref --format=%(refname)%00%(upstream:short)%00%(objectname)%00%(upstream:track)%00%(upstream:remotename)%00%(upstream:remoteref) refs/heads/main refs/remotes/main [4ms]
2025-01-25 03:12:52.284 [warning] [Git][getBranch] No such branch: main
2025-01-25 03:12:52.332 [info] > git for-each-ref --sort -committerdate --format %(refname) %(objectname) %(*objectname) [12ms]
2025-01-25 03:12:52.402 [info] > git status -z -uall [99ms]
2025-01-25 03:12:58.207 [info] [Git][getRemotes] No remotes found in the git config file
2025-01-25 03:12:58.208 [info] > git config --get commit.template [14ms]
2025-01-25 03:12:58.212 [info] > git for-each-ref --format=%(refname)%00%(upstream:short)%00%(objectname)%00%(upstream:track)%00%(upstream:remotename)%00%(upstream:remoteref) refs/heads/main refs/remotes/main [6ms]
2025-01-25 03:12:58.212 [warning] [Git][getBranch] No such branch: main
2025-01-25 03:12:58.248 [info] > git for-each-ref --sort -committerdate --format %(refname) %(objectname) %(*objectname) [7ms]
2025-01-25 03:12:58.389 [info] > git status -z -uall [167ms] (cancelled)
2025-01-25 03:13:26.407 [info] > git show --textconv :prospect-prediction/search_google.py [11ms]
2025-01-25 03:13:26.409 [info] > git ls-files --stage -- /home/cunping507/prospect-prediction/search_google.py [4ms]
2025-01-25 03:13:26.422 [info] > git check-ignore -v -z --stdin [2ms]
2025-01-25 03:13:27.966 [info] > git show --textconv :prospect-prediction/tools.py [14ms]
2025-01-25 03:13:27.970 [info] > git ls-files --stage -- /home/cunping507/prospect-prediction/tools.py [6ms]
2025-01-25 03:13:38.960 [info] > git check-ignore -v -z --stdin [2ms]
2025-01-25 03:13:38.979 [info] > git show --textconv :prospect-prediction/search_injuries.py [9ms]
2025-01-25 03:13:38.981 [info] > git ls-files --stage -- /home/cunping507/prospect-prediction/search_injuries.py [3ms]
2025-01-25 03:13:46.643 [info] > git show --textconv :prospect-prediction/tools.py [13ms]
2025-01-25 03:13:46.647 [info] > git ls-files --stage -- /home/cunping507/prospect-prediction/tools.py [5ms]
2025-01-25 03:13:56.790 [info] > git show --textconv :prospect-prediction/model_predictions.py [12ms]
2025-01-25 03:13:56.790 [info] > git ls-files --stage -- /home/cunping507/prospect-prediction/model_predictions.py [3ms]
2025-01-25 03:13:56.808 [info] > git check-ignore -v -z --stdin [2ms]
2025-01-25 03:14:03.184 [info] > git show --textconv :prospect-prediction/tools.py [13ms]
2025-01-25 03:14:03.190 [info] > git ls-files --stage -- /home/cunping507/prospect-prediction/tools.py [7ms]
2025-01-25 03:14:13.637 [info] > git show --textconv :prospect-prediction/player_compariosn.py [10ms]
2025-01-25 03:14:13.638 [info] > git ls-files --stage -- /home/cunping507/prospect-prediction/player_compariosn.py [3ms]
2025-01-25 03:14:13.704 [info] > git check-ignore -v -z --stdin [2ms]
2025-01-25 03:18:06.260 [info] > git show --textconv :prospect-prediction/requirements.txt [11ms]
2025-01-25 03:18:06.261 [info] > git ls-files --stage -- /home/cunping507/prospect-prediction/requirements.txt [2ms]
2025-01-25 03:18:33.730 [info] > git show --textconv :prospect-prediction/player_compariosn.py [15ms]
2025-01-25 03:18:33.742 [info] > git ls-files --stage -- /home/cunping507/prospect-prediction/player_compariosn.py [15ms]
2025-01-25 03:19:43.488 [info] > git show --textconv :prospect-prediction/requirements.txt [9ms]
2025-01-25 03:19:43.490 [info] > git ls-files --stage -- /home/cunping507/prospect-prediction/requirements.txt [3ms]
2025-01-25 03:21:38.340 [info] > git show --textconv :prospect-prediction/search_injuries.py [11ms]
2025-01-25 03:21:38.342 [info] > git ls-files --stage -- /home/cunping507/prospect-prediction/search_injuries.py [4ms]
2025-01-25 03:21:40.943 [info] > git show --textconv :prospect-prediction/tools.py [14ms]
2025-01-25 03:21:40.947 [info] > git ls-files --stage -- /home/cunping507/prospect-prediction/tools.py [6ms]
2025-01-25 03:22:08.269 [info] > git show --textconv :prospect-prediction/utils/help_function.py [11ms]
2025-01-25 03:22:08.271 [info] > git ls-files --stage -- /home/cunping507/prospect-prediction/utils/help_function.py [4ms]
2025-01-25 03:22:08.435 [info] > git check-ignore -v -z --stdin [3ms]
2025-01-25 03:22:58.433 [info] > git show --textconv :prospect-prediction/utils/config.py [12ms]
2025-01-25 03:22:58.433 [info] > git ls-files --stage -- /home/cunping507/prospect-prediction/utils/config.py [4ms]
2025-01-25 03:24:42.224 [info] > git check-ignore -v -z --stdin [2ms]
2025-01-25 03:24:48.091 [info] > git show --textconv :prospect-prediction/utils/help_function.py [11ms]
2025-01-25 03:24:48.093 [info] > git ls-files --stage -- /home/cunping507/prospect-prediction/utils/help_function.py [5ms]
2025-01-25 03:34:03.449 [info] > git show --textconv :prospect-prediction/utils/config.py [16ms]
2025-01-25 03:34:03.453 [info] > git ls-files --stage -- /home/cunping507/prospect-prediction/utils/config.py [8ms]
2025-01-25 03:34:51.168 [info] > git show --textconv :prospect-prediction/player_compariosn.py [12ms]
2025-01-25 03:34:51.172 [info] > git ls-files --stage -- /home/cunping507/prospect-prediction/player_compariosn.py [5ms]
2025-01-25 03:37:35.101 [info] > git show --textconv :prospect-prediction/requirements.txt [43ms]
2025-01-25 03:37:35.122 [info] > git ls-files --stage -- /home/cunping507/prospect-prediction/requirements.txt [25ms]
2025-01-25 03:38:54.686 [info] > git show --textconv :prospect-prediction/tools.py [15ms]
2025-01-25 03:38:54.690 [info] > git ls-files --stage -- /home/cunping507/prospect-prediction/tools.py [7ms]
2025-01-25 03:40:48.002 [info] > git show --textconv :prospect-prediction/search_google.py [13ms]
2025-01-25 03:40:48.004 [info] > git ls-files --stage -- /home/cunping507/prospect-prediction/search_google.py [4ms]
2025-01-25 03:40:50.226 [info] > git show --textconv :prospect-prediction/player_compariosn.py [11ms]
2025-01-25 03:40:50.228 [info] > git ls-files --stage -- /home/cunping507/prospect-prediction/player_compariosn.py [4ms]
2025-01-25 03:42:36.576 [info] > git show --textconv :prospect-prediction/model_predictions.py [9ms]
2025-01-25 03:42:36.578 [info] > git ls-files --stage -- /home/cunping507/prospect-prediction/model_predictions.py [3ms]
2025-01-25 03:49:11.907 [info] > git show --textconv :prospect-prediction/search_injuries.py [9ms]
2025-01-25 03:49:11.908 [info] > git ls-files --stage -- /home/cunping507/prospect-prediction/search_injuries.py [2ms]
2025-01-25 03:49:35.223 [info] > git check-ignore -v -z --stdin [3ms]
2025-01-25 03:50:00.019 [info] > git check-ignore -v -z --stdin [2ms]
2025-01-25 03:52:13.289 [info] > git check-ignore -v -z --stdin [3ms]
2025-01-25 03:52:39.226 [info] > git show --textconv :prospect-prediction/utils/prompts.py [9ms]
2025-01-25 03:52:39.227 [info] > git ls-files --stage -- /home/cunping507/prospect-prediction/utils/prompts.py [2ms]
2025-01-25 03:52:39.308 [info] > git check-ignore -v -z --stdin [3ms]
2025-01-25 03:56:08.511 [info] > git show --textconv :prospect-prediction/player_compariosn.py [9ms]
2025-01-25 03:56:08.512 [info] > git ls-files --stage -- /home/cunping507/prospect-prediction/player_compariosn.py [3ms]
2025-01-25 03:57:07.255 [info] > git check-ignore -v -z --stdin [2ms]
2025-01-25 03:57:20.696 [info] > git show --textconv :prospect-prediction/player_compariosn.py [12ms]
2025-01-25 03:57:20.698 [info] > git ls-files --stage -- /home/cunping507/prospect-prediction/player_compariosn.py [5ms]
2025-01-25 03:57:21.956 [info] > git show --textconv :prospect-prediction/utils/help_function.py [11ms]
2025-01-25 03:57:21.957 [info] > git ls-files --stage -- /home/cunping507/prospect-prediction/utils/help_function.py [3ms]
2025-01-25 03:57:26.560 [info] > git show --textconv :prospect-prediction/utils/prompts.py [16ms]
2025-01-25 03:57:26.564 [info] > git ls-files --stage -- /home/cunping507/prospect-prediction/utils/prompts.py [7ms]
2025-01-25 03:57:59.614 [info] > git show --textconv :prospect-prediction/search_google.py [9ms]
2025-01-25 03:57:59.616 [info] > git ls-files --stage -- /home/cunping507/prospect-prediction/search_google.py [2ms]
2025-01-25 04:01:58.395 [info] > git show --textconv :prospect-prediction/player_compariosn.py [14ms]
2025-01-25 04:01:58.396 [info] > git ls-files --stage -- /home/cunping507/prospect-prediction/player_compariosn.py [4ms]
2025-01-25 04:03:17.382 [info] > git show --textconv :config.py [19ms]
2025-01-25 04:03:17.386 [info] > git ls-files --stage -- /home/cunping507/config.py [10ms]
2025-01-25 04:03:23.586 [info] > git show --textconv :prospect-prediction/player_compariosn.py [13ms]
2025-01-25 04:03:23.586 [info] > git ls-files --stage -- /home/cunping507/prospect-prediction/player_compariosn.py [5ms]
2025-01-25 04:04:24.947 [info] > git show --textconv :prospect-prediction/search_google.py [13ms]
2025-01-25 04:04:24.952 [info] > git ls-files --stage -- /home/cunping507/prospect-prediction/search_google.py [6ms]
2025-01-25 04:05:05.234 [info] > git check-ignore -v -z --stdin [2ms]
2025-01-25 04:05:19.248 [info] > git check-ignore -v -z --stdin [3ms]
2025-01-25 04:05:29.998 [info] > git show --textconv :prospect-prediction/config.py [16ms]
2025-01-25 04:05:30.003 [info] > git ls-files --stage -- /home/cunping507/prospect-prediction/config.py [8ms]
2025-01-25 04:06:04.059 [info] > git show --textconv :prospect-prediction/utils/prompts.py [18ms]
2025-01-25 04:06:04.067 [info] > git ls-files --stage -- /home/cunping507/prospect-prediction/utils/prompts.py [9ms]
2025-01-25 04:06:10.051 [info] > git show --textconv :prospect-prediction/search_google.py [15ms]
2025-01-25 04:06:10.056 [info] > git ls-files --stage -- /home/cunping507/prospect-prediction/search_google.py [7ms]
2025-01-25 04:06:18.084 [info] > git check-ignore -v -z --stdin [2ms]
2025-01-25 04:06:22.482 [info] > git show --textconv :prospect-prediction/prompts.py [13ms]
2025-01-25 04:06:22.488 [info] > git ls-files --stage -- /home/cunping507/prospect-prediction/prompts.py [8ms]
2025-01-25 04:06:51.494 [info] > git show --textconv :prospect-prediction/model_predictions.py [13ms]
2025-01-25 04:06:51.498 [info] > git ls-files --stage -- /home/cunping507/prospect-prediction/model_predictions.py [5ms]
2025-01-25 04:09:18.100 [info] > git show --textconv :prospect-prediction/prompts.py [14ms]
2025-01-25 04:09:18.106 [info] > git ls-files --stage -- /home/cunping507/prospect-prediction/prompts.py [7ms]
2025-01-25 04:15:46.014 [info] > git show --textconv :prospect-prediction/config.py [24ms]
2025-01-25 04:15:46.023 [info] > git ls-files --stage -- /home/cunping507/prospect-prediction/config.py [12ms]
2025-01-25 04:15:52.496 [info] > git show --textconv :prospect-prediction/prompts.py [13ms]
2025-01-25 04:15:52.501 [info] > git ls-files --stage -- /home/cunping507/prospect-prediction/prompts.py [6ms]
2025-01-25 04:16:45.756 [info] > git show --textconv :prospect-prediction/s [8ms]
2025-01-25 04:16:45.758 [info] > git ls-files --stage -- /home/cunping507/prospect-prediction/s [4ms]
2025-01-25 04:16:45.809 [info] > git check-ignore -v -z --stdin [1ms]
2025-01-25 04:16:46.742 [info] > git show --textconv :prospect-prediction/utils/search_stats.py [9ms]
2025-01-25 04:16:46.743 [info] > git ls-files --stage -- /home/cunping507/prospect-prediction/utils/search_stats.py [3ms]
2025-01-25 04:16:52.537 [info] > git check-ignore -v -z --stdin [2ms]
2025-01-25 04:16:52.649 [info] > git show --textconv :prospect-prediction/s [8ms]
2025-01-25 04:16:52.651 [info] > git ls-files --stage -- /home/cunping507/prospect-prediction/s [3ms]
2025-01-25 04:17:19.544 [info] > git show --textconv :prospect-prediction/tools.py [11ms]
2025-01-25 04:17:19.544 [info] > git ls-files --stage -- /home/cunping507/prospect-prediction/tools.py [3ms]
2025-01-25 04:17:38.431 [info] > git show --textconv :prospect-prediction/search_stats.py [11ms]
2025-01-25 04:17:38.433 [info] > git ls-files --stage -- /home/cunping507/prospect-prediction/search_stats.py [5ms]
2025-01-25 04:17:43.344 [info] > git show --textconv :prospect-prediction/s [12ms]
2025-01-25 04:17:43.345 [info] > git ls-files --stage -- /home/cunping507/prospect-prediction/s [4ms]
2025-01-25 04:17:48.091 [info] > git show --textconv :prospect-prediction/search_stats.py [11ms]
2025-01-25 04:17:48.093 [info] > git ls-files --stage -- /home/cunping507/prospect-prediction/search_stats.py [5ms]
2025-01-25 04:17:51.001 [info] > git show --textconv :prospect-prediction/s [16ms]
2025-01-25 04:17:51.006 [info] > git ls-files --stage -- /home/cunping507/prospect-prediction/s [6ms]
2025-01-25 04:17:55.807 [info] > git show --textconv :prospect-prediction/search_stats.py [9ms]
2025-01-25 04:17:55.809 [info] > git ls-files --stage -- /home/cunping507/prospect-prediction/search_stats.py [3ms]
2025-01-25 04:18:40.148 [info] > git show --textconv :prospect-prediction/search_injuries.py [13ms]
2025-01-25 04:18:40.152 [info] > git ls-files --stage -- /home/cunping507/prospect-prediction/search_injuries.py [5ms]
2025-01-25 04:19:45.691 [info] > git show --textconv :prospect-prediction/search_stats.py [10ms]
2025-01-25 04:19:45.693 [info] > git ls-files --stage -- /home/cunping507/prospect-prediction/search_stats.py [4ms]
2025-01-25 04:19:54.111 [info] > git show --textconv :prospect-prediction/search_injuries.py [15ms]
2025-01-25 04:19:54.115 [info] > git ls-files --stage -- /home/cunping507/prospect-prediction/search_injuries.py [7ms]
2025-01-25 04:20:00.775 [info] > git show --textconv :prospect-prediction/search_stats.py [13ms]
2025-01-25 04:20:00.776 [info] > git ls-files --stage -- /home/cunping507/prospect-prediction/search_stats.py [4ms]
2025-01-25 04:20:30.946 [info] > git show --textconv :prospect-prediction/search_injuries.py [9ms]
2025-01-25 04:20:30.948 [info] > git ls-files --stage -- /home/cunping507/prospect-prediction/search_injuries.py [3ms]
2025-01-25 04:20:36.515 [info] > git show --textconv :prospect-prediction/prompts.py [14ms]
2025-01-25 04:20:36.520 [info] > git ls-files --stage -- /home/cunping507/prospect-prediction/prompts.py [6ms]
2025-01-25 04:20:43.088 [info] > git show --textconv :prospect-prediction/utils/prompts.py [13ms]
2025-01-25 04:20:43.096 [info] > git ls-files --stage -- /home/cunping507/prospect-prediction/utils/prompts.py [8ms]
2025-01-25 04:21:11.103 [info] > git show --textconv :prospect-prediction/utils/prompt.py [14ms]
2025-01-25 04:21:11.108 [info] > git ls-files --stage -- /home/cunping507/prospect-prediction/utils/prompt.py [6ms]
2025-01-25 04:21:19.303 [info] > git check-ignore -v -z --stdin [3ms]
2025-01-25 04:23:31.491 [info] > git ls-files --stage -- /home/cunping507/prospect-prediction/utils/prompt.py [2ms]
2025-01-25 04:23:31.501 [info] > git cat-file -s 1608d401223cbe7d023995af56f2b95abf8693a1 [3ms]
2025-01-25 04:23:31.615 [info] > git show --textconv :prospect-prediction/utils/prompt.py [5ms]
2025-01-25 04:23:48.329 [info] > git ls-files --stage -- /home/cunping507/prospect-prediction/utils/prompt.py [3ms]
2025-01-25 04:23:48.338 [info] > git cat-file -s 1608d401223cbe7d023995af56f2b95abf8693a1 [2ms]
2025-01-25 04:23:48.453 [info] > git show --textconv :prospect-prediction/utils/prompt.py [3ms]
2025-01-25 04:24:53.543 [info] > git ls-files --stage -- /home/cunping507/prospect-prediction/utils/prompt.py [3ms]
2025-01-25 04:24:53.555 [info] > git cat-file -s 1608d401223cbe7d023995af56f2b95abf8693a1 [3ms]
2025-01-25 04:24:53.760 [info] > git show --textconv :prospect-prediction/utils/prompt.py [3ms]
2025-01-25 04:29:29.015 [info] > git ls-files --stage -- /home/cunping507/prospect-prediction/utils/prompt.py [2ms]
2025-01-25 04:29:29.025 [info] > git cat-file -s 1608d401223cbe7d023995af56f2b95abf8693a1 [3ms]
2025-01-25 04:29:29.138 [info] > git show --textconv :prospect-prediction/utils/prompt.py [3ms]
2025-01-25 04:30:41.696 [info] > git ls-files --stage -- /home/cunping507/prospect-prediction/utils/prompt.py [2ms]
2025-01-25 04:30:41.705 [info] > git cat-file -s 1608d401223cbe7d023995af56f2b95abf8693a1 [2ms]
2025-01-25 04:30:41.819 [info] > git show --textconv :prospect-prediction/utils/prompt.py [3ms]
