2025-01-25 01:20:11.612 [info] [main] Log level: Info
2025-01-25 01:20:11.612 [info] [main] Validating found git in: "git"
2025-01-25 01:20:11.612 [info] [main] Using git "2.43.0" from "git"
2025-01-25 01:20:11.612 [info] [Model][doInitialScan] Initial repository scan started
2025-01-25 01:20:11.612 [info] > git rev-parse --show-toplevel [12ms]
2025-01-25 01:20:11.612 [info] fatal: not a git repository (or any parent up to mount point /)
Stopping at filesystem boundary (GIT_DISCOVERY_ACROSS_FILESYSTEM not set).
2025-01-25 01:20:11.613 [info] > git rev-parse --show-toplevel [2ms]
2025-01-25 01:20:11.614 [info] fatal: not a git repository (or any parent up to mount point /)
Stopping at filesystem boundary (GIT_DISCOVERY_ACROSS_FILESYSTEM not set).
2025-01-25 01:20:11.619 [info] > git rev-parse --show-toplevel [2ms]
2025-01-25 01:20:11.619 [info] fatal: not a git repository (or any parent up to mount point /)
Stopping at filesystem boundary (GIT_DISCOVERY_ACROSS_FILESYSTEM not set).
2025-01-25 01:20:11.624 [info] > git rev-parse --show-toplevel [1ms]
2025-01-25 01:20:11.625 [info] fatal: not a git repository (or any parent up to mount point /)
Stopping at filesystem boundary (GIT_DISCOVERY_ACROSS_FILESYSTEM not set).
2025-01-25 01:20:11.630 [info] > git rev-parse --show-toplevel [2ms]
2025-01-25 01:20:11.630 [info] fatal: not a git repository (or any parent up to mount point /)
Stopping at filesystem boundary (GIT_DISCOVERY_ACROSS_FILESYSTEM not set).
2025-01-25 01:20:11.636 [info] > git rev-parse --show-toplevel [1ms]
2025-01-25 01:20:11.636 [info] fatal: not a git repository (or any parent up to mount point /)
Stopping at filesystem boundary (GIT_DISCOVERY_ACROSS_FILESYSTEM not set).
2025-01-25 01:20:11.641 [info] > git rev-parse --show-toplevel [2ms]
2025-01-25 01:20:11.641 [info] fatal: not a git repository (or any parent up to mount point /)
Stopping at filesystem boundary (GIT_DISCOVERY_ACROSS_FILESYSTEM not set).
2025-01-25 01:20:11.642 [info] [Model][doInitialScan] Initial repository scan completed - repositories (0), closed repositories (0), parent repositories (0), unsafe repositories (0)
2025-01-25 01:20:14.124 [info] > git rev-parse --show-toplevel [9ms]
2025-01-25 01:20:14.124 [info] fatal: not a git repository (or any parent up to mount point /)
Stopping at filesystem boundary (GIT_DISCOVERY_ACROSS_FILESYSTEM not set).
2025-01-25 01:20:14.990 [info] > git rev-parse --show-toplevel [5ms]
2025-01-25 01:20:14.990 [info] fatal: not a git repository (or any parent up to mount point /)
Stopping at filesystem boundary (GIT_DISCOVERY_ACROSS_FILESYSTEM not set).
