Initializing document watcher...
Document watcher initialized
/User/settings.json: Using EditorConfig core...
cunping507/prospect-prediction/config.py: {}
cunping507/prospect-prediction/diamondAI.py: {}
cunping507/prospect-prediction/diamondAI.py: {}
cunping507/prospect-prediction/diamondAI.py: {}
cunping507/prospect-prediction/tools.py: {}
cunping507/prospect-prediction/tools.py: Using EditorConfig core...
cunping507/prospect-prediction/utils/search_stats.py: {}
cunping507/prospect-prediction/utils/search_stats.py: {}
cunping507/prospect-prediction/utils/search_stats.py: {}
cunping507/prospect-prediction/utils/search_stats.py: {}
cunping507/prospect-prediction/utils/search_stats.py: {}
cunping507/prospect-prediction/requirements.txt: {}
cunping507/prospect-prediction/requirements.txt: Using EditorConfig core...
cunping507/prospect-prediction/tools.py: {}
cunping507/prospect-prediction/search_google.py: {}
cunping507/prospect-prediction/tools.py: {}
cunping507/prospect-prediction/search_injuries.py: {}
cunping507/prospect-prediction/tools.py: {}
cunping507/prospect-prediction/model_predictions.py: {}
cunping507/prospect-prediction/tools.py: {}
cunping507/prospect-prediction/player_compariosn.py: {}
cunping507/prospect-prediction/player_compariosn.py: {}
cunping507/prospect-prediction/player_compariosn.py: {}
cunping507/prospect-prediction/player_compariosn.py: Using EditorConfig core...
cunping507/prospect-prediction/player_compariosn.py: Using EditorConfig core...
cunping507/prospect-prediction/player_compariosn.py: Using EditorConfig core...
cunping507/prospect-prediction/player_compariosn.py: Using EditorConfig core...
cunping507/prospect-prediction/player_compariosn.py: Using EditorConfig core...
cunping507/prospect-prediction/requirements.txt: {}
cunping507/prospect-prediction/requirements.txt: Using EditorConfig core...
cunping507/prospect-prediction/requirements.txt: {}
cunping507/prospect-prediction/requirements.txt: {}
cunping507/prospect-prediction/player_compariosn.py: {}
cunping507/prospect-prediction/player_compariosn.py: {}
cunping507/prospect-prediction/player_compariosn.py: Using EditorConfig core...
cunping507/prospect-prediction/player_compariosn.py: Using EditorConfig core...
cunping507/prospect-prediction/player_compariosn.py: Using EditorConfig core...
cunping507/prospect-prediction/requirements.txt: {}
cunping507/prospect-prediction/requirements.txt: Using EditorConfig core...
cunping507/prospect-prediction/requirements.txt: Using EditorConfig core...
cunping507/prospect-prediction/requirements.txt: Using EditorConfig core...
cunping507/prospect-prediction/requirements.txt: {}
cunping507/prospect-prediction/requirements.txt: Using EditorConfig core...
cunping507/prospect-prediction/search_injuries.py: {}
cunping507/prospect-prediction/tools.py: {}
cunping507/prospect-prediction/utils/help_function.py: {}
cunping507/prospect-prediction/utils/help_function.py: {}
cunping507/prospect-prediction/utils/config.py: {}
cunping507/prospect-prediction/utils/config.py: Using EditorConfig core...
cunping507/prospect-prediction/utils/config.py: Using EditorConfig core...
cunping507/prospect-prediction/utils/config.py: Using EditorConfig core...
cunping507/prospect-prediction/utils/config.py: Using EditorConfig core...
cunping507/prospect-prediction/utils/config.py: {}
cunping507/prospect-prediction/utils/config.py: {}
cunping507/prospect-prediction/utils/config.py: Using EditorConfig core...
cunping507/prospect-prediction/utils/config.py: Using EditorConfig core...
cunping507/prospect-prediction/utils/config.py: Using EditorConfig core...
cunping507/prospect-prediction/utils/config.py: {}
cunping507/prospect-prediction/utils/config.py: {}
cunping507/prospect-prediction/utils/help_function.py: {}
cunping507/prospect-prediction/utils/help_function.py: {}
cunping507/prospect-prediction/utils/help_function.py: {}
cunping507/prospect-prediction/utils/help_function.py: Using EditorConfig core...
cunping507/prospect-prediction/utils/help_function.py: {}
cunping507/prospect-prediction/utils/help_function.py: Using EditorConfig core...
cunping507/prospect-prediction/utils/help_function.py: Using EditorConfig core...
cunping507/prospect-prediction/utils/help_function.py: {}
cunping507/prospect-prediction/utils/help_function.py: Using EditorConfig core...
cunping507/prospect-prediction/utils/config.py: {}
cunping507/prospect-prediction/utils/config.py: {}
cunping507/prospect-prediction/player_compariosn.py: {}
cunping507/prospect-prediction/player_compariosn.py: Using EditorConfig core...
cunping507/prospect-prediction/player_compariosn.py: Using EditorConfig core...
cunping507/prospect-prediction/player_compariosn.py: Using EditorConfig core...
cunping507/prospect-prediction/player_compariosn.py: Using EditorConfig core...
cunping507/prospect-prediction/player_compariosn.py: Using EditorConfig core...
cunping507/prospect-prediction/player_compariosn.py: Using EditorConfig core...
cunping507/prospect-prediction/player_compariosn.py: Using EditorConfig core...
cunping507/prospect-prediction/player_compariosn.py: Using EditorConfig core...
cunping507/prospect-prediction/player_compariosn.py: Using EditorConfig core...
cunping507/prospect-prediction/requirements.txt: Using EditorConfig core...
cunping507/prospect-prediction/requirements.txt: {}
cunping507/prospect-prediction/requirements.txt: {}
cunping507/prospect-prediction/requirements.txt: {}
cunping507/prospect-prediction/requirements.txt: {}
cunping507/prospect-prediction/tools.py: {}
cunping507/prospect-prediction/tools.py: {}
cunping507/prospect-prediction/search_google.py: {}
cunping507/prospect-prediction/player_compariosn.py: {}
cunping507/prospect-prediction/player_compariosn.py: {}
cunping507/prospect-prediction/model_predictions.py: {}
cunping507/prospect-prediction/model_predictions.py: Using EditorConfig core...
cunping507/prospect-prediction/model_predictions.py: Using EditorConfig core...
cunping507/prospect-prediction/model_predictions.py: Using EditorConfig core...
cunping507/prospect-prediction/model_predictions.py: Using EditorConfig core...
cunping507/prospect-prediction/model_predictions.py: {}
cunping507/prospect-prediction/model_predictions.py: {}
cunping507/prospect-prediction/search_injuries.py: {}
cunping507/prospect-prediction/search_injuries.py: Using EditorConfig core...
cunping507/prospect-prediction/search_injuries.py: Using EditorConfig core...
cunping507/prospect-prediction/search_injuries.py: Using EditorConfig core...
cunping507/prospect-prediction/search_injuries.py: Using EditorConfig core...
cunping507/prospect-prediction/search_injuries.py: Using EditorConfig core...
cunping507/prospect-prediction/search_injuries.py: Using EditorConfig core...
cunping507/prospect-prediction/search_injuries.py: Using EditorConfig core...
cunping507/prospect-prediction/search_injuries.py: Using EditorConfig core...
cunping507/prospect-prediction/search_injuries.py: Using EditorConfig core...
cunping507/prospect-prediction/search_injuries.py: Using EditorConfig core...
cunping507/prospect-prediction/search_injuries.py: Using EditorConfig core...
cunping507/prospect-prediction/search_injuries.py: Using EditorConfig core...
cunping507/prospect-prediction/search_injuries.py: Using EditorConfig core...
cunping507/prospect-prediction/search_injuries.py: Using EditorConfig core...
cunping507/prospect-prediction/search_injuries.py: Using EditorConfig core...
cunping507/prospect-prediction/search_injuries.py: Using EditorConfig core...
cunping507/prospect-prediction/search_injuries.py: Using EditorConfig core...
cunping507/prospect-prediction/search_injuries.py: Using EditorConfig core...
cunping507/prospect-prediction/search_injuries.py: Using EditorConfig core...
cunping507/prospect-prediction/search_injuries.py: Using EditorConfig core...
cunping507/prospect-prediction/search_injuries.py: Using EditorConfig core...
cunping507/prospect-prediction/search_injuries.py: Using EditorConfig core...
cunping507/prospect-prediction/search_injuries.py: Using EditorConfig core...
cunping507/prospect-prediction/search_injuries.py: Using EditorConfig core...
cunping507/prospect-prediction/search_injuries.py: Using EditorConfig core...
cunping507/prospect-prediction/search_injuries.py: Using EditorConfig core...
cunping507/prospect-prediction/search_injuries.py: Using EditorConfig core...
cunping507/prospect-prediction/search_injuries.py: Using EditorConfig core...
cunping507/prospect-prediction/search_injuries.py: Using EditorConfig core...
cunping507/prospect-prediction/search_injuries.py: Using EditorConfig core...
cunping507/prospect-prediction/search_injuries.py: Using EditorConfig core...
cunping507/prospect-prediction/utils/prompts.py: {}
cunping507/prospect-prediction/utils/prompts.py: Using EditorConfig core...
cunping507/prospect-prediction/utils/prompts.py: Using EditorConfig core...
cunping507/prospect-prediction/utils/prompts.py: Using EditorConfig core...
cunping507/prospect-prediction/utils/prompts.py: Using EditorConfig core...
cunping507/prospect-prediction/utils/prompts.py: {}
cunping507/prospect-prediction/utils/prompts.py: {}
cunping507/prospect-prediction/utils/prompts.py: Using EditorConfig core...
cunping507/prospect-prediction/utils/prompts.py: Using EditorConfig core...
cunping507/prospect-prediction/utils/prompts.py: Using EditorConfig core...
cunping507/prospect-prediction/utils/prompts.py: {}
cunping507/prospect-prediction/player_compariosn.py: {}
cunping507/prospect-prediction/player_compariosn.py: Using EditorConfig core...
cunping507/prospect-prediction/player_compariosn.py: Using EditorConfig core...
cunping507/prospect-prediction/player_compariosn.py: Using EditorConfig core...
cunping507/prospect-prediction/player_compariosn.py: Using EditorConfig core...
cunping507/prospect-prediction/player_compariosn.py: Using EditorConfig core...
cunping507/prospect-prediction/player_compariosn.py: Using EditorConfig core...
cunping507/prospect-prediction/player_compariosn.py: {}
cunping507/prospect-prediction/utils/help_function.py: {}
cunping507/prospect-prediction/utils/prompts.py: {}
cunping507/prospect-prediction/utils/prompts.py: {}
cunping507/prospect-prediction/search_google.py: {}
cunping507/prospect-prediction/search_google.py: Using EditorConfig core...
cunping507/prospect-prediction/search_google.py: {}
cunping507/prospect-prediction/search_google.py: Using EditorConfig core...
cunping507/prospect-prediction/search_google.py: Using EditorConfig core...
cunping507/prospect-prediction/search_google.py: Using EditorConfig core...
cunping507/prospect-prediction/search_google.py: Using EditorConfig core...
cunping507/prospect-prediction/search_google.py: Using EditorConfig core...
cunping507/prospect-prediction/search_google.py: Using EditorConfig core...
cunping507/prospect-prediction/search_google.py: {}
cunping507/prospect-prediction/search_google.py: Using EditorConfig core...
cunping507/prospect-prediction/search_google.py: Using EditorConfig core...
cunping507/prospect-prediction/search_google.py: Using EditorConfig core...
cunping507/prospect-prediction/search_google.py: Using EditorConfig core...
cunping507/prospect-prediction/search_google.py: Using EditorConfig core...
cunping507/prospect-prediction/search_google.py: Using EditorConfig core...
cunping507/prospect-prediction/search_google.py: Using EditorConfig core...
cunping507/prospect-prediction/search_google.py: {}
cunping507/prospect-prediction/player_compariosn.py: {}
cunping507/prospect-prediction/player_compariosn.py: Using EditorConfig core...
cunping507/prospect-prediction/player_compariosn.py: Using EditorConfig core...
cunping507/prospect-prediction/player_compariosn.py: Using EditorConfig core...
cunping507/prospect-prediction/player_compariosn.py: {}
cunping507/prospect-prediction/player_compariosn.py: Using EditorConfig core...
cunping507/config.py: {}
cunping507/prospect-prediction/player_compariosn.py: {}
cunping507/prospect-prediction/player_compariosn.py: Using EditorConfig core...
cunping507/prospect-prediction/player_compariosn.py: Using EditorConfig core...
cunping507/prospect-prediction/player_compariosn.py: Using EditorConfig core...
cunping507/prospect-prediction/player_compariosn.py: Using EditorConfig core...
cunping507/prospect-prediction/player_compariosn.py: Using EditorConfig core...
cunping507/prospect-prediction/player_compariosn.py: Using EditorConfig core...
cunping507/prospect-prediction/player_compariosn.py: Using EditorConfig core...
cunping507/prospect-prediction/player_compariosn.py: Using EditorConfig core...
cunping507/prospect-prediction/search_google.py: {}
cunping507/prospect-prediction/config.py: {}
cunping507/prospect-prediction/config.py: Using EditorConfig core...
cunping507/prospect-prediction/utils/prompts.py: {}
cunping507/prospect-prediction/search_google.py: {}
cunping507/prospect-prediction/prompts.py: {}
cunping507/prospect-prediction/prompts.py: {}
cunping507/prospect-prediction/model_predictions.py: {}
cunping507/prospect-prediction/model_predictions.py: {}
cunping507/prospect-prediction/model_predictions.py: {}
cunping507/prospect-prediction/prompts.py: {}
cunping507/prospect-prediction/prompts.py: Using EditorConfig core...
cunping507/prospect-prediction/prompts.py: {}
cunping507/prospect-prediction/prompts.py: {}
cunping507/prospect-prediction/prompts.py: Using EditorConfig core...
cunping507/prospect-prediction/prompts.py: {}
cunping507/prospect-prediction/prompts.py: Using EditorConfig core...
cunping507/prospect-prediction/prompts.py: Using EditorConfig core...
cunping507/prospect-prediction/prompts.py: Using EditorConfig core...
cunping507/prospect-prediction/prompts.py: Using EditorConfig core...
cunping507/prospect-prediction/prompts.py: Using EditorConfig core...
cunping507/prospect-prediction/prompts.py: Using EditorConfig core...
cunping507/prospect-prediction/config.py: {}
cunping507/prospect-prediction/prompts.py: {}
cunping507/prospect-prediction/prompts.py: Using EditorConfig core...
cunping507/prospect-prediction/prompts.py: {}
cunping507/prospect-prediction/s: {}
cunping507/prospect-prediction/utils/search_stats.py: {}
cunping507/prospect-prediction/search_stats.py: {}
cunping507/prospect-prediction/s: {}
cunping507/prospect-prediction/s: Using EditorConfig core...
cunping507/prospect-prediction/s: Using EditorConfig core...
cunping507/prospect-prediction/tools.py: {}
cunping507/prospect-prediction/search_stats.py: {}
cunping507/prospect-prediction/s: {}
cunping507/prospect-prediction/search_stats.py: {}
cunping507/prospect-prediction/search_stats.py: Using EditorConfig core...
cunping507/prospect-prediction/s: {}
cunping507/prospect-prediction/search_stats.py: {}
cunping507/prospect-prediction/search_stats.py: Using EditorConfig core...
cunping507/prospect-prediction/search_injuries.py: {}
cunping507/prospect-prediction/search_injuries.py: Using EditorConfig core...
cunping507/prospect-prediction/search_injuries.py: Using EditorConfig core...
cunping507/prospect-prediction/search_injuries.py: Using EditorConfig core...
cunping507/prospect-prediction/search_injuries.py: Using EditorConfig core...
cunping507/prospect-prediction/search_stats.py: {}
cunping507/prospect-prediction/search_injuries.py: {}
cunping507/prospect-prediction/search_stats.py: {}
cunping507/prospect-prediction/search_stats.py: Using EditorConfig core...
cunping507/prospect-prediction/search_stats.py: Using EditorConfig core...
cunping507/prospect-prediction/search_stats.py: Using EditorConfig core...
cunping507/prospect-prediction/search_injuries.py: {}
cunping507/prospect-prediction/prompts.py: {}
cunping507/prospect-prediction/utils/prompts.py: {}
cunping507/prospect-prediction/utils/prompt.py: {}
cunping507/prospect-prediction/utils/prompt.py: Using EditorConfig core...
cunping507/prospect-prediction/utils/prompt.py: {}
cunping507/prospect-prediction/utils/prompt.py: {}
cunping507/prospect-prediction/utils/prompt.py: {}
cunping507/prospect-prediction/utils/prompt.py: {}
cunping507/prospect-prediction/utils/prompt.py: {}
cunping507/prospect-prediction/utils/prompt.py: {}
